#
# There is insufficient memory for the Java Runtime Environment to continue.
# Native memory allocation (malloc) failed to allocate 2238736 bytes for Chunk::new
# Possible reasons:
#   The system is out of physical RAM or swap space
#   The process is running with CompressedOops enabled, and the Java Heap may be blocking the growth of the native heap
# Possible solutions:
#   Reduce memory load on the system
#   Increase physical memory or swap space
#   Check if swap backing store is full
#   Decrease Java heap size (-Xmx/-Xms)
#   Decrease number of Java threads
#   Decrease Java thread stack sizes (-Xss)
#   Set larger code cache with -XX:ReservedCodeCacheSize=
#   JVM is running with Unscaled Compressed Oops mode in which the Java heap is
#     placed in the first 4GB address space. The Java Heap base address is the
#     maximum limit for the native heap growth. Please use -XX:HeapBaseMinAddress
#     to set the Java Heap base and to place the Java Heap above 4GB virtual address.
# This output file may be truncated or incomplete.
#
#  Out of Memory Error (allocation.cpp:389), pid=11600, tid=0x0000000000002d68
#
# JRE version: OpenJDK Runtime Environment (8.0_202-b03) (build 1.8.0_202-release-1483-b03)
# Java VM: OpenJDK 64-Bit Server VM (25.202-b03 mixed mode windows-amd64 compressed oops)
# Failed to write core dump. Minidumps are not enabled by default on client versions of Windows
#

---------------  T H R E A D  ---------------

Current thread (0x0000000016cbd800):  JavaThread "C2 CompilerThread0" daemon [_thread_in_native, id=11624, stack(0x00000000185c0000,0x00000000186c0000)]

Stack: [0x00000000185c0000,0x00000000186c0000]
[error occurred during error reporting (printing stack bounds), id 0xc0000005]

Native frames: (J=compiled Java code, j=interpreted, Vv=VM code, C=native code)


Current CompileTask:
C2:   5133 2415       4       java.net.URLClassLoader$1::run (5 bytes)


---------------  P R O C E S S  ---------------

Java Threads: ( => current thread )
  0x000000001d4cb000 JavaThread "Cache worker for execution history cache (C:\Users\Lenovo\.gradle\caches\5.4.1\executionHistory)" [_thread_blocked, id=9180, stack(0x0000000020980000,0x0000000020a80000)]
  0x000000001d4c9800 JavaThread "Cache worker for cache directory md-rule (C:\Users\Lenovo\.gradle\caches\5.4.1\md-rule)" [_thread_blocked, id=3556, stack(0x0000000020880000,0x0000000020980000)]
  0x000000001d4cc800 JavaThread "Cache worker for cache directory md-supplier (C:\Users\Lenovo\.gradle\caches\5.4.1\md-supplier)" [_thread_blocked, id=15500, stack(0x000000001f150000,0x000000001f250000)]
  0x0000000019b14000 JavaThread "Cache worker for file hash cache (D:\Documents\GitHub\SoftwareEngineeringProject\YuRead\Android\.gradle\5.4.1\fileHashes)" [_thread_blocked, id=2372, stack(0x000000001ec50000,0x000000001ed50000)]
  0x0000000019b17000 JavaThread "Cache worker for journal cache (C:\Users\Lenovo\.gradle\caches\journal-1)" [_thread_blocked, id=15304, stack(0x000000001c510000,0x000000001c610000)]
  0x0000000019b11000 JavaThread "File lock request listener" [_thread_in_native, id=5848, stack(0x000000001c410000,0x000000001c510000)]
  0x0000000019b12800 JavaThread "Cache worker for file hash cache (C:\Users\Lenovo\.gradle\caches\5.4.1\fileHashes)" [_thread_blocked, id=1984, stack(0x000000001c110000,0x000000001c210000)]
  0x00000000191d5800 JavaThread "Thread-9" [_thread_blocked, id=7648, stack(0x000000001c010000,0x000000001c110000)]
  0x0000000019650800 JavaThread "Stdin handler" [_thread_blocked, id=14832, stack(0x000000001bf10000,0x000000001c010000)]
  0x0000000019519800 JavaThread "Asynchronous log dispatcher for DefaultDaemonConnection: socket connection from /127.0.0.1:57702 to /127.0.0.1:57703" [_thread_blocked, id=2476, stack(0x000000001be10000,0x000000001bf10000)]
  0x0000000018cf6800 JavaThread "Daemon worker" [_thread_in_vm, id=812, stack(0x000000001bd10000,0x000000001be10000)]
  0x0000000018c35800 JavaThread "Cancel handler" [_thread_blocked, id=10648, stack(0x000000001bc10000,0x000000001bd10000)]
  0x00000000199c1000 JavaThread "Handler for socket connection from /127.0.0.1:57702 to /127.0.0.1:57703" [_thread_in_native, id=9320, stack(0x000000001b910000,0x000000001ba10000)]
  0x000000001a3d8000 JavaThread "Daemon" [_thread_blocked, id=13252, stack(0x000000001b810000,0x000000001b910000)]
  0x0000000019a87800 JavaThread "Daemon periodic checks" [_thread_blocked, id=12216, stack(0x000000001b710000,0x000000001b810000)]
  0x0000000019a85000 JavaThread "Incoming local TCP Connector on port 57702" [_thread_in_native, id=12000, stack(0x000000001b560000,0x000000001b660000)]
  0x000000001a68b800 JavaThread "Daemon health stats" [_thread_blocked, id=5680, stack(0x000000001b260000,0x000000001b360000)]
  0x0000000018044000 JavaThread "Service Thread" daemon [_thread_blocked, id=7416, stack(0x00000000188c0000,0x00000000189c0000)]
  0x0000000017fd1000 JavaThread "C1 CompilerThread2" daemon [_thread_blocked, id=11132, stack(0x00000000187c0000,0x00000000188c0000)]
  0x0000000017fcb000 JavaThread "C2 CompilerThread1" daemon [_thread_in_native, id=8660, stack(0x00000000186c0000,0x00000000187c0000)]
=>0x0000000016cbd800 JavaThread "C2 CompilerThread0" daemon [_thread_in_native, id=11624, stack(0x00000000185c0000,0x00000000186c0000)]
  0x0000000016c6f000 JavaThread "Attach Listener" daemon [_thread_blocked, id=12272, stack(0x00000000184c0000,0x00000000185c0000)]
  0x0000000016c58800 JavaThread "Signal Dispatcher" daemon [_thread_blocked, id=8476, stack(0x00000000183c0000,0x00000000184c0000)]
  0x00000000032eb000 JavaThread "Finalizer" daemon [_thread_blocked, id=2656, stack(0x0000000017ec0000,0x0000000017fc0000)]
  0x00000000032e2000 JavaThread "Reference Handler" daemon [_thread_blocked, id=6052, stack(0x0000000017dc0000,0x0000000017ec0000)]
  0x00000000030ee800 JavaThread "main" [_thread_blocked, id=3924, stack(0x00000000030f0000,0x00000000031f0000)]

Other Threads:
  0x0000000016c26800 VMThread [stack: 0x0000000017cc0000,0x0000000017dc0000] [id=4740]
  0x0000000018044800 WatcherThread [stack: 0x00000000189c0000,0x0000000018ac0000] [id=9044]

VM state:not at safepoint (normal execution)

VM Mutex/Monitor currently owned by a thread: None

heap address: 0x00000000a0000000, size: 1536 MB, Compressed Oops mode: 32-bit
Narrow klass base: 0x0000000000000000, Narrow klass shift: 3
Compressed class space size: 1073741824 Address: 0x0000000100000000

Heap:
 PSYoungGen      total 75776K, used 72566K [0x00000000e0000000, 0x00000000e5400000, 0x0000000100000000)
  eden space 65536K, 98% used [0x00000000e0000000,0x00000000e3f0ad40,0x00000000e4000000)
  from space 10240K, 78% used [0x00000000e4000000,0x00000000e47d2b28,0x00000000e4a00000)
  to   space 9728K, 0% used [0x00000000e4a80000,0x00000000e4a80000,0x00000000e5400000)
 ParOldGen       total 56832K, used 8881K [0x00000000a0000000, 0x00000000a3780000, 0x00000000e0000000)
  object space 56832K, 15% used [0x00000000a0000000,0x00000000a08ac5a0,0x00000000a3780000)
 Metaspace       used 31990K, capacity 32674K, committed 32896K, reserved 1077248K
  class space    used 4411K, capacity 4624K, committed 4736K, reserved 1048576K

Card table byte_map: [0x00000000126b0000,0x00000000129c0000] byte_map_base: 0x00000000121b0000

Marking Bits: (ParMarkBitMap*) 0x0000000066999f30
 Begin Bits: [0x0000000012fc0000, 0x00000000147c0000)
 End Bits:   [0x00000000147c0000, 0x0000000015fc0000)

Polling page: 0x0000000001470000

CodeCache: size=245760Kb used=9511Kb max_used=9511Kb free=236248Kb
 bounds [0x00000000032f0000, 0x0000000003c40000, 0x00000000122f0000]
 total_blobs=3166 nmethods=2484 adapters=595
 compilation: enabled

Compilation events (10 events):
Event: 5.119 Thread 0x0000000017fd1000 2484       3       sun.reflect.annotation.AnnotationParser::parseSig (61 bytes)
Event: 5.120 Thread 0x0000000017fd1000 nmethod 2484 0x0000000003c393d0 code [0x0000000003c39680, 0x0000000003c3a928]
Event: 5.123 Thread 0x0000000017fd1000 2485       3       org.objectweb.asm.ClassWriter::visitField (53 bytes)
Event: 5.123 Thread 0x0000000017fd1000 nmethod 2485 0x0000000003c3b2d0 code [0x0000000003c3b440, 0x0000000003c3b708]
Event: 5.123 Thread 0x0000000017fd1000 2486       3       org.objectweb.asm.FieldVisitor::<init> (7 bytes)
Event: 5.123 Thread 0x0000000017fd1000 nmethod 2486 0x0000000003c3b810 code [0x0000000003c3b980, 0x0000000003c3bb08]
Event: 5.123 Thread 0x0000000017fd1000 2487       3       org.objectweb.asm.FieldWriter::computeFieldInfoSize (201 bytes)
Event: 5.124 Thread 0x0000000017fd1000 nmethod 2487 0x0000000003c3bb90 code [0x0000000003c3bda0, 0x0000000003c3c968]
Event: 5.124 Thread 0x0000000017fd1000 2488       3       org.objectweb.asm.FieldWriter::putFieldInfo (418 bytes)
Event: 5.125 Thread 0x0000000017fd1000 nmethod 2488 0x0000000003c3cc50 code [0x0000000003c3cfc0, 0x0000000003c3e698]

GC Heap History (10 events):
Event: 3.046 GC heap before
{Heap before GC invocations=4 (full 0):
 PSYoungGen      total 37888K, used 37862K [0x00000000e0000000, 0x00000000e2a00000, 0x0000000100000000)
  eden space 32768K, 100% used [0x00000000e0000000,0x00000000e2000000,0x00000000e2000000)
  from space 5120K, 99% used [0x00000000e2000000,0x00000000e24f9a98,0x00000000e2500000)
  to   space 5120K, 0% used [0x00000000e2500000,0x00000000e2500000,0x00000000e2a00000)
 ParOldGen       total 86016K, used 2025K [0x00000000a0000000, 0x00000000a5400000, 0x00000000e0000000)
  object space 86016K, 2% used [0x00000000a0000000,0x00000000a01fa4d8,0x00000000a5400000)
 Metaspace       used 15908K, capacity 16348K, committed 16512K, reserved 1062912K
  class space    used 2262K, capacity 2428K, committed 2432K, reserved 1048576K
Event: 3.061 GC heap after
Heap after GC invocations=4 (full 0):
 PSYoungGen      total 37888K, used 5112K [0x00000000e0000000, 0x00000000e4a00000, 0x0000000100000000)
  eden space 32768K, 0% used [0x00000000e0000000,0x00000000e0000000,0x00000000e2000000)
  from space 5120K, 99% used [0x00000000e2500000,0x00000000e29fe010,0x00000000e2a00000)
  to   space 5120K, 0% used [0x00000000e2000000,0x00000000e2000000,0x00000000e2500000)
 ParOldGen       total 86016K, used 5307K [0x00000000a0000000, 0x00000000a5400000, 0x00000000e0000000)
  object space 86016K, 6% used [0x00000000a0000000,0x00000000a052ec50,0x00000000a5400000)
 Metaspace       used 15908K, capacity 16348K, committed 16512K, reserved 1062912K
  class space    used 2262K, capacity 2428K, committed 2432K, reserved 1048576K
}
Event: 3.561 GC heap before
{Heap before GC invocations=5 (full 0):
 PSYoungGen      total 37888K, used 37880K [0x00000000e0000000, 0x00000000e4a00000, 0x0000000100000000)
  eden space 32768K, 100% used [0x00000000e0000000,0x00000000e2000000,0x00000000e2000000)
  from space 5120K, 99% used [0x00000000e2500000,0x00000000e29fe010,0x00000000e2a00000)
  to   space 5120K, 0% used [0x00000000e2000000,0x00000000e2000000,0x00000000e2500000)
 ParOldGen       total 86016K, used 5307K [0x00000000a0000000, 0x00000000a5400000, 0x00000000e0000000)
  object space 86016K, 6% used [0x00000000a0000000,0x00000000a052ec50,0x00000000a5400000)
 Metaspace       used 18959K, capacity 19492K, committed 19584K, reserved 1067008K
  class space    used 2743K, capacity 2930K, committed 2944K, reserved 1048576K
Event: 3.573 GC heap after
Heap after GC invocations=5 (full 0):
 PSYoungGen      total 37888K, used 5096K [0x00000000e0000000, 0x00000000e5500000, 0x0000000100000000)
  eden space 32768K, 0% used [0x00000000e0000000,0x00000000e0000000,0x00000000e2000000)
  from space 5120K, 99% used [0x00000000e2000000,0x00000000e24fa050,0x00000000e2500000)
  to   space 10752K, 0% used [0x00000000e4a80000,0x00000000e4a80000,0x00000000e5500000)
 ParOldGen       total 86016K, used 9083K [0x00000000a0000000, 0x00000000a5400000, 0x00000000e0000000)
  object space 86016K, 10% used [0x00000000a0000000,0x00000000a08decf8,0x00000000a5400000)
 Metaspace       used 18959K, capacity 19492K, committed 19584K, reserved 1067008K
  class space    used 2743K, capacity 2930K, committed 2944K, reserved 1048576K
}
Event: 3.750 GC heap before
{Heap before GC invocations=6 (full 0):
 PSYoungGen      total 37888K, used 19501K [0x00000000e0000000, 0x00000000e5500000, 0x0000000100000000)
  eden space 32768K, 43% used [0x00000000e0000000,0x00000000e0e11650,0x00000000e2000000)
  from space 5120K, 99% used [0x00000000e2000000,0x00000000e24fa050,0x00000000e2500000)
  to   space 10752K, 0% used [0x00000000e4a80000,0x00000000e4a80000,0x00000000e5500000)
 ParOldGen       total 86016K, used 9083K [0x00000000a0000000, 0x00000000a5400000, 0x00000000e0000000)
  object space 86016K, 10% used [0x00000000a0000000,0x00000000a08decf8,0x00000000a5400000)
 Metaspace       used 20678K, capacity 21162K, committed 21296K, reserved 1067008K
  class space    used 2956K, capacity 3123K, committed 3200K, reserved 1048576K
Event: 3.757 GC heap after
Heap after GC invocations=6 (full 0):
 PSYoungGen      total 75264K, used 7409K [0x00000000e0000000, 0x00000000e5400000, 0x0000000100000000)
  eden space 65536K, 0% used [0x00000000e0000000,0x00000000e0000000,0x00000000e4000000)
  from space 9728K, 76% used [0x00000000e4a80000,0x00000000e51bc738,0x00000000e5400000)
  to   space 10240K, 0% used [0x00000000e4000000,0x00000000e4000000,0x00000000e4a00000)
 ParOldGen       total 86016K, used 9091K [0x00000000a0000000, 0x00000000a5400000, 0x00000000e0000000)
  object space 86016K, 10% used [0x00000000a0000000,0x00000000a08e0cf8,0x00000000a5400000)
 Metaspace       used 20678K, capacity 21162K, committed 21296K, reserved 1067008K
  class space    used 2956K, capacity 3123K, committed 3200K, reserved 1048576K
}
Event: 3.757 GC heap before
{Heap before GC invocations=7 (full 1):
 PSYoungGen      total 75264K, used 7409K [0x00000000e0000000, 0x00000000e5400000, 0x0000000100000000)
  eden space 65536K, 0% used [0x00000000e0000000,0x00000000e0000000,0x00000000e4000000)
  from space 9728K, 76% used [0x00000000e4a80000,0x00000000e51bc738,0x00000000e5400000)
  to   space 10240K, 0% used [0x00000000e4000000,0x00000000e4000000,0x00000000e4a00000)
 ParOldGen       total 86016K, used 9091K [0x00000000a0000000, 0x00000000a5400000, 0x00000000e0000000)
  object space 86016K, 10% used [0x00000000a0000000,0x00000000a08e0cf8,0x00000000a5400000)
 Metaspace       used 20678K, capacity 21162K, committed 21296K, reserved 1067008K
  class space    used 2956K, capacity 3123K, committed 3200K, reserved 1048576K
Event: 3.796 GC heap after
Heap after GC invocations=7 (full 1):
 PSYoungGen      total 75264K, used 0K [0x00000000e0000000, 0x00000000e5400000, 0x0000000100000000)
  eden space 65536K, 0% used [0x00000000e0000000,0x00000000e0000000,0x00000000e4000000)
  from space 9728K, 0% used [0x00000000e4a80000,0x00000000e4a80000,0x00000000e5400000)
  to   space 10240K, 0% used [0x00000000e4000000,0x00000000e4000000,0x00000000e4a00000)
 ParOldGen       total 56832K, used 8873K [0x00000000a0000000, 0x00000000a3780000, 0x00000000e0000000)
  object space 56832K, 15% used [0x00000000a0000000,0x00000000a08aa5a0,0x00000000a3780000)
 Metaspace       used 20678K, capacity 21162K, committed 21296K, reserved 1067008K
  class space    used 2956K, capacity 3123K, committed 3200K, reserved 1048576K
}
Event: 4.633 GC heap before
{Heap before GC invocations=8 (full 1):
 PSYoungGen      total 75264K, used 65536K [0x00000000e0000000, 0x00000000e5400000, 0x0000000100000000)
  eden space 65536K, 100% used [0x00000000e0000000,0x00000000e4000000,0x00000000e4000000)
  from space 9728K, 0% used [0x00000000e4a80000,0x00000000e4a80000,0x00000000e5400000)
  to   space 10240K, 0% used [0x00000000e4000000,0x00000000e4000000,0x00000000e4a00000)
 ParOldGen       total 56832K, used 8873K [0x00000000a0000000, 0x00000000a3780000, 0x00000000e0000000)
  object space 56832K, 15% used [0x00000000a0000000,0x00000000a08aa5a0,0x00000000a3780000)
 Metaspace       used 29065K, capacity 29572K, committed 29824K, reserved 1075200K
  class space    used 3927K, capacity 4102K, committed 4224K, reserved 1048576K
Event: 4.644 GC heap after
Heap after GC invocations=8 (full 1):
 PSYoungGen      total 75776K, used 8010K [0x00000000e0000000, 0x00000000e5400000, 0x0000000100000000)
  eden space 65536K, 0% used [0x00000000e0000000,0x00000000e0000000,0x00000000e4000000)
  from space 10240K, 78% used [0x00000000e4000000,0x00000000e47d2b28,0x00000000e4a00000)
  to   space 9728K, 0% used [0x00000000e4a80000,0x00000000e4a80000,0x00000000e5400000)
 ParOldGen       total 56832K, used 8881K [0x00000000a0000000, 0x00000000a3780000, 0x00000000e0000000)
  object space 56832K, 15% used [0x00000000a0000000,0x00000000a08ac5a0,0x00000000a3780000)
 Metaspace       used 29065K, capacity 29572K, committed 29824K, reserved 1075200K
  class space    used 3927K, capacity 4102K, committed 4224K, reserved 1048576K
}

Deoptimization events (10 events):
Event: 4.440 Thread 0x0000000018cf6800 Uncommon trap: reason=unstable_if action=reinterpret pc=0x00000000035d4cf0 method=java.util.LinkedHashMap.afterNodeInsertion(Z)V @ 1
Event: 4.571 Thread 0x0000000018cf6800 Uncommon trap: reason=unstable_if action=reinterpret pc=0x0000000003b0e848 method=java.util.WeakHashMap.put(Ljava/lang/Object;Ljava/lang/Object;)Ljava/lang/Object; @ 72
Event: 4.619 Thread 0x0000000018cf6800 Uncommon trap: reason=unstable_if action=reinterpret pc=0x0000000003549984 method=sun.nio.cs.UTF_8$Decoder.decode([BII[C)I @ 30
Event: 4.620 Thread 0x0000000018cf6800 Uncommon trap: reason=unstable_if action=reinterpret pc=0x0000000003499f58 method=sun.nio.cs.UTF_8$Encoder.encode([CII[B)I @ 33
Event: 4.628 Thread 0x0000000018cf6800 Uncommon trap: reason=class_check action=maybe_recompile pc=0x0000000003916440 method=sun.misc.URLClassPath.getLoader(I)Lsun/misc/URLClassPath$Loader; @ 94
Event: 4.651 Thread 0x0000000018cf6800 Uncommon trap: reason=class_check action=maybe_recompile pc=0x000000000391ac70 method=sun.misc.URLClassPath.getLoader(I)Lsun/misc/URLClassPath$Loader; @ 239
Event: 4.725 Thread 0x0000000018cf6800 Uncommon trap: reason=unstable_if action=reinterpret pc=0x00000000035a908c method=java.io.WinNTFileSystem.resolve(Ljava/lang/String;Ljava/lang/String;)Ljava/lang/String; @ 49
Event: 5.096 Thread 0x0000000018cf6800 Uncommon trap: reason=unstable_if action=reinterpret pc=0x000000000355cce8 method=java.net.URI.match(CJJ)Z @ 45
Event: 5.096 Thread 0x0000000018cf6800 Uncommon trap: reason=unstable_if action=reinterpret pc=0x0000000003460408 method=java.net.URI.match(CJJ)Z @ 19
Event: 5.096 Thread 0x0000000018cf6800 Uncommon trap: reason=unstable_if action=reinterpret pc=0x000000000345b8c8 method=java.net.URI.match(CJJ)Z @ 19

Classes redefined (0 events):
No events

Internal exceptions (10 events):
Event: 4.833 Thread 0x0000000018cf6800 Exception <a 'java/lang/ClassNotFoundException': org/gradle/api/internal/artifacts/repositories/AbstractArtifactRepositoryBeanInfo> (0x00000000e19388b0) thrown at [D:\src\AOSP-openjdk-cygwin\jdk8u\hotspot\src\share\vm\classfile\systemDictionary.cpp, line 
Event: 4.834 Thread 0x0000000018cf6800 Exception <a 'java/lang/ClassNotFoundException': org/gradle/api/internal/artifacts/repositories/AbstractArtifactRepositoryCustomizer> (0x00000000e198abb8) thrown at [D:\src\AOSP-openjdk-cygwin\jdk8u\hotspot\src\share\vm\classfile\systemDictionary.cpp, lin
Event: 4.836 Thread 0x0000000018cf6800 Exception <a 'java/lang/ClassNotFoundException': org/gradle/api/internal/artifacts/repositories/AbstractResolutionAwareArtifactRepositoryCustomizer> (0x00000000e1a07370) thrown at [D:\src\AOSP-openjdk-cygwin\jdk8u\hotspot\src\share\vm\classfile\systemDict
Event: 4.838 Thread 0x0000000018cf6800 Exception <a 'java/lang/ClassNotFoundException': org/gradle/api/internal/artifacts/repositories/AbstractAuthenticationSupportedRepositoryCustomizer> (0x00000000e1a6c2d8) thrown at [D:\src\AOSP-openjdk-cygwin\jdk8u\hotspot\src\share\vm\classfile\systemDict
Event: 4.840 Thread 0x0000000018cf6800 Exception <a 'java/lang/ClassNotFoundException': org/gradle/api/internal/artifacts/repositories/DefaultMavenArtifactRepositoryCustomizer> (0x00000000e1ad5168) thrown at [D:\src\AOSP-openjdk-cygwin\jdk8u\hotspot\src\share\vm\classfile\systemDictionary.cpp,
Event: 4.842 Thread 0x0000000018cf6800 Exception <a 'java/lang/ClassNotFoundException': org/gradle/api/internal/artifacts/repositories/DefaultMavenArtifactRepository_DecoratedCustomizer> (0x00000000e1b48ac0) thrown at [D:\src\AOSP-openjdk-cygwin\jdk8u\hotspot\src\share\vm\classfile\systemDicti
Event: 5.077 Thread 0x0000000018cf6800 Exception <a 'java/lang/ClassNotFoundException': org/gradle/api/internal/artifacts/dsl/dependencies/DefaultDependencyHandler_DecoratedBeanInfo> (0x00000000e37172d0) thrown at [D:\src\AOSP-openjdk-cygwin\jdk8u\hotspot\src\share\vm\classfile\systemDictionar
Event: 5.077 Thread 0x0000000018cf6800 Exception <a 'java/lang/ClassNotFoundException': org/gradle/api/internal/artifacts/dsl/dependencies/DefaultDependencyHandlerBeanInfo> (0x00000000e3766bc0) thrown at [D:\src\AOSP-openjdk-cygwin\jdk8u\hotspot\src\share\vm\classfile\systemDictionary.cpp, lin
Event: 5.078 Thread 0x0000000018cf6800 Exception <a 'java/lang/ClassNotFoundException': org/gradle/api/internal/artifacts/dsl/dependencies/DefaultDependencyHandlerCustomizer> (0x00000000e37b7120) thrown at [D:\src\AOSP-openjdk-cygwin\jdk8u\hotspot\src\share\vm\classfile\systemDictionary.cpp, l
Event: 5.083 Thread 0x0000000018cf6800 Exception <a 'java/lang/ClassNotFoundException': org/gradle/api/internal/artifacts/dsl/dependencies/DefaultDependencyHandler_DecoratedCustomizer> (0x00000000e383adb8) thrown at [D:\src\AOSP-openjdk-cygwin\jdk8u\hotspot\src\share\vm\classfile\systemDiction

Events (10 events):
Event: 5.127 loading class org/gradle/api/internal/artifacts/ivyservice/resolutionstrategy/DefaultCachePolicy$9
Event: 5.127 loading class org/gradle/api/internal/artifacts/ivyservice/resolutionstrategy/DefaultCachePolicy$9 done
Event: 5.127 loading class org/gradle/api/internal/artifacts/ivyservice/resolutionstrategy/DefaultCachePolicy$10
Event: 5.127 loading class org/gradle/api/internal/artifacts/ivyservice/resolutionstrategy/DefaultCachePolicy$10 done
Event: 5.128 loading class org/gradle/api/internal/artifacts/ivyservice/dependencysubstitution/DefaultDependencySubstitutions
Event: 5.128 loading class org/gradle/api/internal/artifacts/ivyservice/dependencysubstitution/DefaultDependencySubstitutions done
Event: 5.128 loading class org/gradle/api/artifacts/DependencySubstitutions$Substitution
Event: 5.128 loading class org/gradle/api/artifacts/DependencySubstitutions$Substitution done
Event: 5.128 loading class org/gradle/api/artifacts/result/ComponentSelectionDescriptor
Event: 5.128 loading class org/gradle/api/artifacts/result/ComponentSelectionDescriptor done


Dynamic libraries:
0x00007ff67f8c0000 - 0x00007ff67f8f1000 	C:\Users\Lenovo\AppData\Local\JetBrains\Toolbox\apps\AndroidStudio\ch-0\191.6010548\jre\bin\java.exe
0x00007ffb80e90000 - 0x00007ffb81071000 	C:\WINDOWS\SYSTEM32\ntdll.dll
0x00007ffb7eb60000 - 0x00007ffb7ec11000 	C:\WINDOWS\System32\KERNEL32.DLL
0x00007ffb7e080000 - 0x00007ffb7e2f3000 	C:\WINDOWS\System32\KERNELBASE.dll
0x00007ffb7e930000 - 0x00007ffb7e9d1000 	C:\WINDOWS\System32\ADVAPI32.dll
0x00007ffb7e830000 - 0x00007ffb7e8ce000 	C:\WINDOWS\System32\msvcrt.dll
0x00007ffb7e740000 - 0x00007ffb7e79b000 	C:\WINDOWS\System32\sechost.dll
0x00007ffb7e610000 - 0x00007ffb7e734000 	C:\WINDOWS\System32\RPCRT4.dll
0x00007ffb7e300000 - 0x00007ffb7e491000 	C:\WINDOWS\System32\USER32.dll
0x00007ffb7df40000 - 0x00007ffb7df60000 	C:\WINDOWS\System32\win32u.dll
0x00007ffb7e900000 - 0x00007ffb7e928000 	C:\WINDOWS\System32\GDI32.dll
0x00007ffb7d340000 - 0x00007ffb7d4d1000 	C:\WINDOWS\System32\gdi32full.dll
0x00007ffb7dfe0000 - 0x00007ffb7e07f000 	C:\WINDOWS\System32\msvcp_win.dll
0x00007ffb7de40000 - 0x00007ffb7df38000 	C:\WINDOWS\System32\ucrtbase.dll
0x00007ffb6da30000 - 0x00007ffb6dc99000 	C:\WINDOWS\WinSxS\amd64_microsoft.windows.common-controls_6595b64144ccf1df_6.0.17134.1184_none_d403e8b37c8ca406\COMCTL32.dll
0x00007ffb80b30000 - 0x00007ffb80e51000 	C:\WINDOWS\System32\combase.dll
0x00007ffb7df60000 - 0x00007ffb7dfd9000 	C:\WINDOWS\System32\bcryptPrimitives.dll
0x00007ffb7e8d0000 - 0x00007ffb7e8fd000 	C:\WINDOWS\System32\IMM32.DLL
0x00000000672f0000 - 0x00000000673c2000 	C:\Users\Lenovo\AppData\Local\JetBrains\Toolbox\apps\AndroidStudio\ch-0\191.6010548\jre\jre\bin\msvcr100.dll
0x00000000661d0000 - 0x0000000066a16000 	C:\Users\Lenovo\AppData\Local\JetBrains\Toolbox\apps\AndroidStudio\ch-0\191.6010548\jre\jre\bin\server\jvm.dll
0x00007ffb7e820000 - 0x00007ffb7e828000 	C:\WINDOWS\System32\PSAPI.DLL
0x00007ffb79ca0000 - 0x00007ffb79cc3000 	C:\WINDOWS\SYSTEM32\WINMM.dll
0x00007ffb72000000 - 0x00007ffb7200a000 	C:\WINDOWS\SYSTEM32\VERSION.dll
0x00007ffb5e560000 - 0x00007ffb5e569000 	C:\WINDOWS\SYSTEM32\WSOCK32.dll
0x00007ffb7ec20000 - 0x00007ffb7ec8c000 	C:\WINDOWS\System32\WS2_32.dll
0x00007ffb79c70000 - 0x00007ffb79c9a000 	C:\WINDOWS\SYSTEM32\winmmbase.dll
0x00007ffb7d240000 - 0x00007ffb7d289000 	C:\WINDOWS\System32\cfgmgr32.dll
0x00007ffb76bf0000 - 0x00007ffb76bff000 	C:\Users\Lenovo\AppData\Local\JetBrains\Toolbox\apps\AndroidStudio\ch-0\191.6010548\jre\jre\bin\verify.dll
0x00007ffb706f0000 - 0x00007ffb70719000 	C:\Users\Lenovo\AppData\Local\JetBrains\Toolbox\apps\AndroidStudio\ch-0\191.6010548\jre\jre\bin\java.dll
0x00007ffb74760000 - 0x00007ffb74776000 	C:\Users\Lenovo\AppData\Local\JetBrains\Toolbox\apps\AndroidStudio\ch-0\191.6010548\jre\jre\bin\zip.dll
0x00007ffb7ec90000 - 0x00007ffb800d5000 	C:\WINDOWS\System32\SHELL32.dll
0x00007ffb80470000 - 0x00007ffb80519000 	C:\WINDOWS\System32\shcore.dll
0x00007ffb7d6d0000 - 0x00007ffb7dde0000 	C:\WINDOWS\System32\windows.storage.dll
0x00007ffb80520000 - 0x00007ffb80571000 	C:\WINDOWS\System32\shlwapi.dll
0x00007ffb7d220000 - 0x00007ffb7d231000 	C:\WINDOWS\System32\kernel.appcore.dll
0x00007ffb7d180000 - 0x00007ffb7d19f000 	C:\WINDOWS\System32\profapi.dll
0x00007ffb7d1a0000 - 0x00007ffb7d1ec000 	C:\WINDOWS\System32\powrprof.dll
0x00007ffb7d210000 - 0x00007ffb7d21a000 	C:\WINDOWS\System32\FLTLIB.DLL
0x00007ffb6dd00000 - 0x00007ffb6dd1a000 	C:\Users\Lenovo\AppData\Local\JetBrains\Toolbox\apps\AndroidStudio\ch-0\191.6010548\jre\jre\bin\net.dll
0x00007ffb7c9e0000 - 0x00007ffb7ca46000 	C:\WINDOWS\system32\mswsock.dll
0x00007ffb6b8a0000 - 0x00007ffb6b8b1000 	C:\Users\Lenovo\AppData\Local\JetBrains\Toolbox\apps\AndroidStudio\ch-0\191.6010548\jre\jre\bin\nio.dll
0x00007ffb63ed0000 - 0x00007ffb63ef6000 	C:\Users\Lenovo\.gradle\native\29\windows-amd64\native-platform.dll
0x00007ffb74d10000 - 0x00007ffb74d1d000 	C:\Users\Lenovo\AppData\Local\JetBrains\Toolbox\apps\AndroidStudio\ch-0\191.6010548\jre\jre\bin\management.dll
0x00007ffb7cb90000 - 0x00007ffb7cba7000 	C:\WINDOWS\SYSTEM32\CRYPTSP.dll
0x00007ffb7c590000 - 0x00007ffb7c5c3000 	C:\WINDOWS\system32\rsaenh.dll
0x00007ffb7ccc0000 - 0x00007ffb7cce5000 	C:\WINDOWS\SYSTEM32\bcrypt.dll
0x00007ffb7d080000 - 0x00007ffb7d0a8000 	C:\WINDOWS\SYSTEM32\USERENV.dll
0x00007ffb7cbb0000 - 0x00007ffb7cbbb000 	C:\WINDOWS\SYSTEM32\CRYPTBASE.dll
0x00007ffb7c730000 - 0x00007ffb7c768000 	C:\WINDOWS\SYSTEM32\IPHLPAPI.DLL
0x00007ffb7e600000 - 0x00007ffb7e608000 	C:\WINDOWS\System32\NSI.dll
0x00007ffb720b0000 - 0x00007ffb720c6000 	C:\WINDOWS\SYSTEM32\dhcpcsvc6.DLL
0x00007ffb72010000 - 0x00007ffb7202a000 	C:\WINDOWS\SYSTEM32\dhcpcsvc.DLL

VM Arguments:
jvm_args: -Xmx1536m -Dfile.encoding=GBK -Duser.country=CN -Duser.language=zh -Duser.variant 
java_command: org.gradle.launcher.daemon.bootstrap.GradleDaemon 5.4.1
java_class_path (initial): C:\Users\Lenovo\.gradle\wrapper\dists\gradle-5.4.1-all\3221gyojl5jsh0helicew7rwx\gradle-5.4.1\lib\gradle-launcher-5.4.1.jar
Launcher Type: SUN_STANDARD

Environment Variables:
JAVA_HOME=D:\Java\jdk-11.0.2
CLASSPATH=.;D:\Java\jdk-11.0.2\lib\dt.jar;D:\Java\jdk-11.0.2\lib\tools.jar;
PATH=D:\Java\jdk-11.0.2\bin;D:\Java\jdk-11.0.2\jre\bin;D:\app\QiQi\product\12.1.0\dbhome_1\bin;D:\app\QiQiiii\product\12.1.0\dbhome_1\bin;C:\Windows\system32;C:\Windows;C:\Windows\System32\Wbem;C:\Windows\System32\WindowsPowerShell\v1.0\;C:\Program Files (x86)\NVIDIA Corporation\PhysX\Common;C:\WINDOWS\system32;C:\WINDOWS;C:\WINDOWS\System32\Wbem;C:\WINDOWS\System32\WindowsPowerShell\v1.0\;C:\Program Files\dotnet\;C:\Users\Lenovo\Desktop\cocos2d-x-3.17\tools\cocos2d-console\bin;C:\Python27;C:\WINDOWS\System32\OpenSSH\;D:\python;D:\Git\Git\cmd;C:\Program Files\NVIDIA Corporation\NVIDIA NvDLISR;D:\Documents\nodejs\;D:\python\Scripts\;D:\python\;C:\Users\Lenovo\AppData\Local\Microsoft\WindowsApps;C:\Users\Lenovo\AppData\Local\GitHubDesktop\bin;C:\Users\Lenovo\Desktop\cocos2d-x-3.17\tools\cocos2d-console\bin;C:\Python27;;C:\Users\Lenovo\AppData\Local\Microsoft\WindowsApps;C:\Users\Lenovo\.dotnet\tools;D:\pycharm\PyCharm 2019.1.1\bin;;D:\WebStorm\WebStorm 2019.1.3\bin;;C:\Users\Lenovo\AppData\Roaming\npm
USERNAME=Lenovo
OS=Windows_NT
PROCESSOR_IDENTIFIER=Intel64 Family 6 Model 142 Stepping 9, GenuineIntel



---------------  S Y S T E M  ---------------

OS: Windows 10.0 , 64 bit Build 17134 (10.0.17134.753)

CPU:total 4 (initial active 4) (2 cores per cpu, 2 threads per core) family 6 model 142 stepping 9, cmov, cx8, fxsr, mmx, sse, sse2, sse3, ssse3, sse4.1, sse4.2, popcnt, avx, avx2, aes, clmul, erms, 3dnowpref, lzcnt, ht, tsc, tscinvbit, bmi1, bmi2, adx

Memory: 4k page, physical 8243596k(1127148k free), swap 8243596k(6648k free)

vm_info: OpenJDK 64-Bit Server VM (25.202-b03) for windows-amd64 JRE (1.8.0_202-release-1483-b03), built by "builder" with MS VC++ 10.0 (VS2010)

time: Sat Jan 04 21:25:23 2020
timezone: 中国标准时间
elapsed time: 5 seconds (0d 0h 0m 5s)

