#
# There is insufficient memory for the Java Runtime Environment to continue.
# Native memory allocation (malloc) failed to allocate 740256 bytes for Chunk::new
# Possible reasons:
#   The system is out of physical RAM or swap space
#   The process is running with CompressedOops enabled, and the Java Heap may be blocking the growth of the native heap
# Possible solutions:
#   Reduce memory load on the system
#   Increase physical memory or swap space
#   Check if swap backing store is full
#   Decrease Java heap size (-Xmx/-Xms)
#   Decrease number of Java threads
#   Decrease Java thread stack sizes (-Xss)
#   Set larger code cache with -XX:ReservedCodeCacheSize=
#   JVM is running with Unscaled Compressed Oops mode in which the Java heap is
#     placed in the first 4GB address space. The Java Heap base address is the
#     maximum limit for the native heap growth. Please use -XX:HeapBaseMinAddress
#     to set the Java Heap base and to place the Java Heap above 4GB virtual address.
# This output file may be truncated or incomplete.
#
#  Out of Memory Error (allocation.cpp:389), pid=3092, tid=0x0000000000001ee8
#
# JRE version: OpenJDK Runtime Environment (8.0_202-b03) (build 1.8.0_202-release-1483-b03)
# Java VM: OpenJDK 64-Bit Server VM (25.202-b03 mixed mode windows-amd64 compressed oops)
# Failed to write core dump. Minidumps are not enabled by default on client versions of Windows
#

---------------  T H R E A D  ---------------

Current thread (0x000000001601d000):  JavaThread "C2 CompilerThread1" daemon [_thread_in_native, id=7912, stack(0x0000000017a90000,0x0000000017b90000)]

Stack: [0x0000000017a90000,0x0000000017b90000]
[error occurred during error reporting (printing stack bounds), id 0xc0000005]

Native frames: (J=compiled Java code, j=interpreted, Vv=VM code, C=native code)


Current CompileTask:
C2: 716540 14640       4       com.android.tools.r8.dex.c::a (492 bytes)


---------------  P R O C E S S  ---------------

Java Threads: ( => current thread )
  0x000000001d6fd000 JavaThread "ForkJoinPool-4-worker-0" daemon [_thread_blocked, id=7508, stack(0x0000000026da0000,0x0000000026ea0000)]
  0x000000001d6ee000 JavaThread "ForkJoinPool-4-worker-3" daemon [_thread_blocked, id=4876, stack(0x0000000026ca0000,0x0000000026da0000)]
  0x0000000018650800 JavaThread "ForkJoinPool-4-worker-2" daemon [_thread_blocked, id=1776, stack(0x0000000026ba0000,0x0000000026ca0000)]
  0x0000000018650000 JavaThread "ForkJoinPool-4-worker-1" daemon [_thread_in_Java, id=104, stack(0x0000000026aa0000,0x0000000026ba0000)]
  0x0000000018655000 JavaThread "WorkerExecutor Queue Thread 4" [_thread_blocked, id=13404, stack(0x00000000269a0000,0x0000000026aa0000)]
  0x000000001d6fb800 JavaThread "WorkerExecutor Queue Thread 3" [_thread_blocked, id=3848, stack(0x00000000268a0000,0x00000000269a0000)]
  0x000000001d6fa000 JavaThread "WorkerExecutor Queue Thread 2" [_thread_blocked, id=11384, stack(0x00000000267a0000,0x00000000268a0000)]
  0x000000001d6fc000 JavaThread "Cache worker for Java compile cache (D:\Documents\GitHub\SoftwareEngineeringProject\YuRead\Android\.gradle\5.4.1\javaCompile)" [_thread_blocked, id=12176, stack(0x00000000265a0000,0x00000000266a0000)]
  0x000000001d6ef800 JavaThread "Cache worker for Java compile cache (C:\Users\Lenovo\.gradle\caches\5.4.1\javaCompile)" [_thread_blocked, id=2348, stack(0x00000000264a0000,0x00000000265a0000)]
  0x000000001d6fa800 JavaThread "Cache worker for execution history cache (D:\Documents\GitHub\SoftwareEngineeringProject\YuRead\Android\.gradle\5.4.1\executionHistory)" [_thread_blocked, id=14016, stack(0x00000000263a0000,0x00000000264a0000)]
  0x000000001d6f8800 JavaThread "Execution worker for ':' Thread 3" [_thread_blocked, id=9760, stack(0x00000000262a0000,0x00000000263a0000)]
  0x000000001d6f7800 JavaThread "Execution worker for ':' Thread 2" [_thread_blocked, id=8304, stack(0x00000000261a0000,0x00000000262a0000)]
  0x000000001d6f0000 JavaThread "Execution worker for ':'" [_thread_blocked, id=344, stack(0x00000000260a0000,0x00000000261a0000)]
  0x000000001d6f4800 JavaThread "Cache worker for file content cache (D:\Documents\GitHub\SoftwareEngineeringProject\YuRead\Android\.gradle\5.4.1\fileContent)" [_thread_blocked, id=10140, stack(0x0000000025fa0000,0x00000000260a0000)]
  0x000000001d6f7000 JavaThread "Cache worker for file content cache (C:\Users\Lenovo\.gradle\caches\5.4.1\fileContent)" [_thread_blocked, id=13504, stack(0x0000000025ea0000,0x0000000025fa0000)]
  0x000000001d6f4000 JavaThread "Cache worker for Build Output Cleanup Cache (D:\Documents\GitHub\SoftwareEngineeringProject\YuRead\Android\.gradle\buildOutputCleanup)" [_thread_blocked, id=9044, stack(0x0000000025da0000,0x0000000025ea0000)]
  0x000000001d6f6000 JavaThread "Build operations Thread 4" [_thread_blocked, id=7620, stack(0x0000000025ca0000,0x0000000025da0000)]
  0x000000001d6f5800 JavaThread "Build operations Thread 3" [_thread_blocked, id=13252, stack(0x0000000025ba0000,0x0000000025ca0000)]
  0x000000001d6f1000 JavaThread "Build operations Thread 2" [_thread_blocked, id=4840, stack(0x0000000025aa0000,0x0000000025ba0000)]
  0x000000001d6f1800 JavaThread "Build operations" [_thread_blocked, id=8432, stack(0x00000000259a0000,0x0000000025aa0000)]
  0x000000001d6f3000 JavaThread "Cache worker for cache directory md-rule (C:\Users\Lenovo\.gradle\caches\5.4.1\md-rule)" [_thread_blocked, id=12172, stack(0x00000000258a0000,0x00000000259a0000)]
  0x000000001d6ee800 JavaThread "Cache worker for cache directory md-supplier (C:\Users\Lenovo\.gradle\caches\5.4.1\md-supplier)" [_thread_blocked, id=8412, stack(0x00000000257a0000,0x00000000258a0000)]
  0x0000000018bbc000 JavaThread "Cache worker for file hash cache (D:\Documents\GitHub\SoftwareEngineeringProject\YuRead\Android\.gradle\5.4.1\fileHashes)" [_thread_blocked, id=14424, stack(0x00000000256a0000,0x00000000257a0000)]
  0x0000000018bc2800 JavaThread "Thread-50" [_thread_blocked, id=11976, stack(0x00000000255a0000,0x00000000256a0000)]
  0x0000000018bbf000 JavaThread "Stdin handler" [_thread_blocked, id=13192, stack(0x00000000254a0000,0x00000000255a0000)]
  0x0000000018bb4800 JavaThread "Asynchronous log dispatcher for DefaultDaemonConnection: socket connection from /127.0.0.1:58553 to /127.0.0.1:58958" [_thread_blocked, id=8560, stack(0x00000000253a0000,0x00000000254a0000)]
  0x0000000018bbb000 JavaThread "Daemon worker Thread 3" [_thread_blocked, id=888, stack(0x00000000252a0000,0x00000000253a0000)]
  0x0000000018bb3800 JavaThread "Cancel handler" [_thread_blocked, id=9320, stack(0x00000000251a0000,0x00000000252a0000)]
  0x0000000018bb6800 JavaThread "Handler for socket connection from /127.0.0.1:58553 to /127.0.0.1:58958" [_thread_in_native, id=3480, stack(0x00000000250a0000,0x00000000251a0000)]
  0x0000000018bba800 JavaThread "Daemon Thread 3" [_thread_blocked, id=11920, stack(0x0000000024fa0000,0x00000000250a0000)]
  0x0000000018bb6000 JavaThread "Memory manager" [_thread_blocked, id=2768, stack(0x0000000021790000,0x0000000021890000)]
  0x0000000018bb7800 JavaThread "Cache worker for execution history cache (C:\Users\Lenovo\.gradle\caches\5.4.1\executionHistory)" [_thread_blocked, id=10960, stack(0x000000001f990000,0x000000001fa90000)]
  0x0000000018656000 JavaThread "Cache worker for journal cache (C:\Users\Lenovo\.gradle\caches\journal-1)" [_thread_blocked, id=14104, stack(0x000000001b900000,0x000000001ba00000)]
  0x000000001864f000 JavaThread "File lock request listener" [_thread_in_native, id=9740, stack(0x000000001b800000,0x000000001b900000)]
  0x0000000018653800 JavaThread "Cache worker for file hash cache (C:\Users\Lenovo\.gradle\caches\5.4.1\fileHashes)" [_thread_blocked, id=2016, stack(0x000000001b500000,0x000000001b600000)]
  0x0000000018c0a000 JavaThread "Daemon periodic checks" [_thread_blocked, id=11316, stack(0x000000001ab00000,0x000000001ac00000)]
  0x0000000018a8c000 JavaThread "Incoming local TCP Connector on port 58553" [_thread_in_native, id=13956, stack(0x000000001a950000,0x000000001aa50000)]
  0x0000000019418000 JavaThread "Daemon health stats" [_thread_blocked, id=15028, stack(0x000000001a630000,0x000000001a730000)]
  0x000000001740c800 JavaThread "Service Thread" daemon [_thread_blocked, id=12128, stack(0x0000000017c90000,0x0000000017d90000)]
  0x00000000173b6000 JavaThread "C1 CompilerThread2" daemon [_thread_blocked, id=13428, stack(0x0000000017b90000,0x0000000017c90000)]
=>0x000000001601d000 JavaThread "C2 CompilerThread1" daemon [_thread_in_native, id=7912, stack(0x0000000017a90000,0x0000000017b90000)]
  0x0000000015fd0000 JavaThread "C2 CompilerThread0" daemon [_thread_in_native, id=4120, stack(0x0000000017990000,0x0000000017a90000)]
  0x0000000015fcf000 JavaThread "Attach Listener" daemon [_thread_blocked, id=14004, stack(0x0000000017890000,0x0000000017990000)]
  0x0000000015fb8800 JavaThread "Signal Dispatcher" daemon [_thread_blocked, id=10480, stack(0x0000000017790000,0x0000000017890000)]
  0x000000000262b000 JavaThread "Finalizer" daemon [_thread_blocked, id=15120, stack(0x0000000017220000,0x0000000017320000)]
  0x0000000002622000 JavaThread "Reference Handler" daemon [_thread_blocked, id=8, stack(0x0000000017120000,0x0000000017220000)]
  0x000000000090e800 JavaThread "main" [_thread_blocked, id=9088, stack(0x0000000000910000,0x0000000000a10000)]

Other Threads:
  0x0000000015f86800 VMThread [stack: 0x0000000017020000,0x0000000017120000] [id=9940]
  0x000000001741f000 WatcherThread [stack: 0x0000000017d90000,0x0000000017e90000] [id=7880]

VM state:not at safepoint (normal execution)

VM Mutex/Monitor currently owned by a thread: None

heap address: 0x00000000a0000000, size: 1536 MB, Compressed Oops mode: 32-bit
Narrow klass base: 0x0000000000000000, Narrow klass shift: 3
Compressed class space size: 1073741824 Address: 0x0000000100000000

Heap:
 PSYoungGen      total 266752K, used 97289K [0x00000000e0000000, 0x00000000f5380000, 0x0000000100000000)
  eden space 204800K, 24% used [0x00000000e0000000,0x00000000e30e18f0,0x00000000ec800000)
  from space 61952K, 76% used [0x00000000f0980000,0x00000000f37a0be0,0x00000000f4600000)
  to   space 67072K, 0% used [0x00000000ec800000,0x00000000ec800000,0x00000000f0980000)
 ParOldGen       total 283648K, used 125703K [0x00000000a0000000, 0x00000000b1500000, 0x00000000e0000000)
  object space 283648K, 44% used [0x00000000a0000000,0x00000000a7ac1e28,0x00000000b1500000)
 Metaspace       used 85699K, capacity 89565K, committed 90368K, reserved 1128448K
  class space    used 11289K, capacity 12091K, committed 12288K, reserved 1048576K

Card table byte_map: [0x00000000119f0000,0x0000000011d00000] byte_map_base: 0x00000000114f0000

Marking Bits: (ParMarkBitMap*) 0x0000000073d79f30
 Begin Bits: [0x0000000012300000, 0x0000000013b00000)
 End Bits:   [0x0000000013b00000, 0x0000000015300000)

Polling page: 0x00000000008f0000

CodeCache: size=245760Kb used=40864Kb max_used=40876Kb free=204895Kb
 bounds [0x0000000002630000, 0x0000000004e50000, 0x0000000011630000]
 total_blobs=13442 nmethods=12601 adapters=752
 compilation: enabled

Compilation events (10 events):
Event: 716.281 Thread 0x00000000173b6000 14732       3       com.android.tools.r8.dex.c::a (121 bytes)
Event: 716.282 Thread 0x00000000173b6000 nmethod 14732 0x0000000004e37b10 code [0x0000000004e37d00, 0x0000000004e38558]
Event: 716.282 Thread 0x00000000173b6000 14733       3       com.android.tools.r8.dex.c::a (199 bytes)
Event: 716.283 Thread 0x00000000173b6000 nmethod 14733 0x0000000004e38990 code [0x0000000004e38c60, 0x0000000004e3a0e8]
Event: 716.288 Thread 0x0000000015fd0000 nmethod 14710 0x0000000004e3ed10 code [0x0000000004e3f000, 0x0000000004e403f8]
Event: 716.288 Thread 0x0000000015fd0000 14713       4       com.android.tools.r8.utils.EncodedValueUtils::c (79 bytes)
Event: 716.294 Thread 0x0000000015fd0000 nmethod 14713 0x0000000004e43910 code [0x0000000004e43aa0, 0x0000000004e44028]
Event: 716.294 Thread 0x0000000015fd0000 14730       4       com.android.tools.r8.dex.e::a (44 bytes)
Event: 716.297 Thread 0x0000000015fd0000 nmethod 14730 0x0000000004e3b610 code [0x0000000004e3b780, 0x0000000004e3ba48]
Event: 716.297 Thread 0x0000000015fd0000 14703       4       com.android.tools.r8.graph.DexValue$DexValueArray::hashCode (8 bytes)

GC Heap History (10 events):
Event: 708.518 GC heap before
{Heap before GC invocations=18 (full 3):
 PSYoungGen      total 206848K, used 206822K [0x00000000e0000000, 0x00000000ee180000, 0x0000000100000000)
  eden space 188416K, 100% used [0x00000000e0000000,0x00000000eb800000,0x00000000eb800000)
  from space 18432K, 99% used [0x00000000ecf80000,0x00000000ee179b98,0x00000000ee180000)
  to   space 20992K, 0% used [0x00000000eb880000,0x00000000eb880000,0x00000000ecd00000)
 ParOldGen       total 140288K, used 34262K [0x00000000a0000000, 0x00000000a8900000, 0x00000000e0000000)
  object space 140288K, 24% used [0x00000000a0000000,0x00000000a2175aa8,0x00000000a8900000)
 Metaspace       used 75604K, capacity 79113K, committed 79360K, reserved 1118208K
  class space    used 9969K, capacity 10728K, committed 10752K, reserved 1048576K
Event: 708.543 GC heap after
Heap after GC invocations=18 (full 3):
 PSYoungGen      total 203264K, used 20977K [0x00000000e0000000, 0x00000000ee300000, 0x0000000100000000)
  eden space 182272K, 0% used [0x00000000e0000000,0x00000000e0000000,0x00000000eb200000)
  from space 20992K, 99% used [0x00000000eb880000,0x00000000eccfc648,0x00000000ecd00000)
  to   space 22528K, 0% used [0x00000000ecd00000,0x00000000ecd00000,0x00000000ee300000)
 ParOldGen       total 140288K, used 37444K [0x00000000a0000000, 0x00000000a8900000, 0x00000000e0000000)
  object space 140288K, 26% used [0x00000000a0000000,0x00000000a24913f8,0x00000000a8900000)
 Metaspace       used 75604K, capacity 79113K, committed 79360K, reserved 1118208K
  class space    used 9969K, capacity 10728K, committed 10752K, reserved 1048576K
}
Event: 711.050 GC heap before
{Heap before GC invocations=19 (full 3):
 PSYoungGen      total 203264K, used 203249K [0x00000000e0000000, 0x00000000ee300000, 0x0000000100000000)
  eden space 182272K, 100% used [0x00000000e0000000,0x00000000eb200000,0x00000000eb200000)
  from space 20992K, 99% used [0x00000000eb880000,0x00000000eccfc648,0x00000000ecd00000)
  to   space 22528K, 0% used [0x00000000ecd00000,0x00000000ecd00000,0x00000000ee300000)
 ParOldGen       total 140288K, used 37444K [0x00000000a0000000, 0x00000000a8900000, 0x00000000e0000000)
  object space 140288K, 26% used [0x00000000a0000000,0x00000000a24913f8,0x00000000a8900000)
 Metaspace       used 79959K, capacity 83689K, committed 83712K, reserved 1122304K
  class space    used 10454K, capacity 11257K, committed 11264K, reserved 1048576K
Event: 711.101 GC heap after
Heap after GC invocations=19 (full 3):
 PSYoungGen      total 197120K, used 22509K [0x00000000e0000000, 0x00000000f1500000, 0x0000000100000000)
  eden space 174592K, 0% used [0x00000000e0000000,0x00000000e0000000,0x00000000eaa80000)
  from space 22528K, 99% used [0x00000000ecd00000,0x00000000ee2fb698,0x00000000ee300000)
  to   space 35328K, 0% used [0x00000000eaa80000,0x00000000eaa80000,0x00000000ecd00000)
 ParOldGen       total 140288K, used 58371K [0x00000000a0000000, 0x00000000a8900000, 0x00000000e0000000)
  object space 140288K, 41% used [0x00000000a0000000,0x00000000a3900f88,0x00000000a8900000)
 Metaspace       used 79959K, capacity 83689K, committed 83712K, reserved 1122304K
  class space    used 10454K, capacity 11257K, committed 11264K, reserved 1048576K
}
Event: 712.909 GC heap before
{Heap before GC invocations=20 (full 3):
 PSYoungGen      total 197120K, used 197101K [0x00000000e0000000, 0x00000000f1500000, 0x0000000100000000)
  eden space 174592K, 100% used [0x00000000e0000000,0x00000000eaa80000,0x00000000eaa80000)
  from space 22528K, 99% used [0x00000000ecd00000,0x00000000ee2fb698,0x00000000ee300000)
  to   space 35328K, 0% used [0x00000000eaa80000,0x00000000eaa80000,0x00000000ecd00000)
 ParOldGen       total 140288K, used 58371K [0x00000000a0000000, 0x00000000a8900000, 0x00000000e0000000)
  object space 140288K, 41% used [0x00000000a0000000,0x00000000a3900f88,0x00000000a8900000)
 Metaspace       used 85747K, capacity 90027K, committed 90112K, reserved 1126400K
  class space    used 11373K, capacity 12246K, committed 12288K, reserved 1048576K
Event: 713.058 GC heap after
Heap after GC invocations=20 (full 3):
 PSYoungGen      total 209920K, used 35321K [0x00000000e0000000, 0x00000000f4600000, 0x0000000100000000)
  eden space 174592K, 0% used [0x00000000e0000000,0x00000000e0000000,0x00000000eaa80000)
  from space 35328K, 99% used [0x00000000eaa80000,0x00000000eccfe608,0x00000000ecd00000)
  to   space 61952K, 0% used [0x00000000f0980000,0x00000000f0980000,0x00000000f4600000)
 ParOldGen       total 140288K, used 116075K [0x00000000a0000000, 0x00000000a8900000, 0x00000000e0000000)
  object space 140288K, 82% used [0x00000000a0000000,0x00000000a715acc0,0x00000000a8900000)
 Metaspace       used 85747K, capacity 90027K, committed 90112K, reserved 1126400K
  class space    used 11373K, capacity 12246K, committed 12288K, reserved 1048576K
}
Event: 713.066 GC heap before
{Heap before GC invocations=21 (full 4):
 PSYoungGen      total 209920K, used 35321K [0x00000000e0000000, 0x00000000f4600000, 0x0000000100000000)
  eden space 174592K, 0% used [0x00000000e0000000,0x00000000e0000000,0x00000000eaa80000)
  from space 35328K, 99% used [0x00000000eaa80000,0x00000000eccfe608,0x00000000ecd00000)
  to   space 61952K, 0% used [0x00000000f0980000,0x00000000f0980000,0x00000000f4600000)
 ParOldGen       total 140288K, used 116075K [0x00000000a0000000, 0x00000000a8900000, 0x00000000e0000000)
  object space 140288K, 82% used [0x00000000a0000000,0x00000000a715acc0,0x00000000a8900000)
 Metaspace       used 85747K, capacity 90027K, committed 90112K, reserved 1126400K
  class space    used 11373K, capacity 12246K, committed 12288K, reserved 1048576K
Event: 713.819 GC heap after
Heap after GC invocations=21 (full 4):
 PSYoungGen      total 209920K, used 0K [0x00000000e0000000, 0x00000000f4600000, 0x0000000100000000)
  eden space 174592K, 0% used [0x00000000e0000000,0x00000000e0000000,0x00000000eaa80000)
  from space 35328K, 0% used [0x00000000eaa80000,0x00000000eaa80000,0x00000000ecd00000)
  to   space 61952K, 0% used [0x00000000f0980000,0x00000000f0980000,0x00000000f4600000)
 ParOldGen       total 283648K, used 125695K [0x00000000a0000000, 0x00000000b1500000, 0x00000000e0000000)
  object space 283648K, 44% used [0x00000000a0000000,0x00000000a7abfe28,0x00000000b1500000)
 Metaspace       used 85300K, capacity 89187K, committed 90112K, reserved 1126400K
  class space    used 11285K, capacity 12090K, committed 12288K, reserved 1048576K
}
Event: 715.772 GC heap before
{Heap before GC invocations=22 (full 4):
 PSYoungGen      total 209920K, used 174592K [0x00000000e0000000, 0x00000000f4600000, 0x0000000100000000)
  eden space 174592K, 100% used [0x00000000e0000000,0x00000000eaa80000,0x00000000eaa80000)
  from space 35328K, 0% used [0x00000000eaa80000,0x00000000eaa80000,0x00000000ecd00000)
  to   space 61952K, 0% used [0x00000000f0980000,0x00000000f0980000,0x00000000f4600000)
 ParOldGen       total 283648K, used 125695K [0x00000000a0000000, 0x00000000b1500000, 0x00000000e0000000)
  object space 283648K, 44% used [0x00000000a0000000,0x00000000a7abfe28,0x00000000b1500000)
 Metaspace       used 85559K, capacity 89501K, committed 90112K, reserved 1126400K
  class space    used 11289K, capacity 12091K, committed 12288K, reserved 1048576K
Event: 715.829 GC heap after
Heap after GC invocations=22 (full 4):
 PSYoungGen      total 266752K, used 47234K [0x00000000e0000000, 0x00000000f5380000, 0x0000000100000000)
  eden space 204800K, 0% used [0x00000000e0000000,0x00000000e0000000,0x00000000ec800000)
  from space 61952K, 76% used [0x00000000f0980000,0x00000000f37a0be0,0x00000000f4600000)
  to   space 67072K, 0% used [0x00000000ec800000,0x00000000ec800000,0x00000000f0980000)
 ParOldGen       total 283648K, used 125703K [0x00000000a0000000, 0x00000000b1500000, 0x00000000e0000000)
  object space 283648K, 44% used [0x00000000a0000000,0x00000000a7ac1e28,0x00000000b1500000)
 Metaspace       used 85559K, capacity 89501K, committed 90112K, reserved 1126400K
  class space    used 11289K, capacity 12091K, committed 12288K, reserved 1048576K
}

Deoptimization events (10 events):
Event: 715.847 Thread 0x0000000018650000 Uncommon trap: reason=unstable_if action=reinterpret pc=0x0000000004d07b9c method=java.util.TimSort.mergeLo(IIII)V @ 105
Event: 715.848 Thread 0x0000000018650000 Uncommon trap: reason=unstable_if action=reinterpret pc=0x0000000004c67d1c method=java.util.TimSort.mergeHi(IIII)V @ 131
Event: 715.961 Thread 0x0000000018650000 Uncommon trap: reason=unstable_if action=reinterpret pc=0x0000000004575aa0 method=com.android.tools.r8.dex.DexOutputBuffer.j(I)V @ 8
Event: 715.963 Thread 0x0000000018650000 Uncommon trap: reason=class_check action=maybe_recompile pc=0x0000000004c50240 method=java.lang.Iterable.forEach(Ljava/util/function/Consumer;)V @ 6
Event: 716.216 Thread 0x0000000018650000 Uncommon trap: reason=class_check action=maybe_recompile pc=0x0000000004c50240 method=java.lang.Iterable.forEach(Ljava/util/function/Consumer;)V @ 6
Event: 716.220 Thread 0x0000000018650000 Uncommon trap: reason=class_check action=maybe_recompile pc=0x0000000004c50240 method=java.lang.Iterable.forEach(Ljava/util/function/Consumer;)V @ 6
Event: 716.220 Thread 0x0000000018650000 Uncommon trap: reason=bimorphic action=maybe_recompile pc=0x0000000004d9ac68 method=java.lang.Iterable.forEach(Ljava/util/function/Consumer;)V @ 13
Event: 716.220 Thread 0x0000000018650000 Uncommon trap: reason=bimorphic action=maybe_recompile pc=0x0000000004d9ac68 method=java.lang.Iterable.forEach(Ljava/util/function/Consumer;)V @ 13
Event: 716.221 Thread 0x0000000018650000 Uncommon trap: reason=bimorphic action=maybe_recompile pc=0x0000000004d9ac68 method=java.lang.Iterable.forEach(Ljava/util/function/Consumer;)V @ 13
Event: 716.221 Thread 0x0000000018650000 Uncommon trap: reason=bimorphic action=maybe_recompile pc=0x0000000004d9ac68 method=java.lang.Iterable.forEach(Ljava/util/function/Consumer;)V @ 13

Classes redefined (0 events):
No events

Internal exceptions (10 events):
Event: 711.636 Thread 0x000000001d6fa000 Exception <a 'sun/nio/fs/WindowsException'> (0x00000000e1ab8f20) thrown at [D:\src\AOSP-openjdk-cygwin\jdk8u\hotspot\src\share\vm\prims\jni.cpp, line 710]
Event: 711.730 Thread 0x000000001d6f8800 Exception <a 'java/lang/NoSuchMethodError': <clinit>> (0x00000000e1f26e00) thrown at [D:\src\AOSP-openjdk-cygwin\jdk8u\hotspot\src\share\vm\prims\jni.cpp, line 1614]
Event: 711.731 Thread 0x000000001d6f8800 Exception <a 'java/lang/NoSuchMethodError': <clinit>> (0x00000000e1f39fe0) thrown at [D:\src\AOSP-openjdk-cygwin\jdk8u\hotspot\src\share\vm\prims\jni.cpp, line 1614]
Event: 711.989 Thread 0x0000000018bbb000 Exception <a 'java/io/FileNotFoundException'> (0x00000000e2a5fdf8) thrown at [D:\src\AOSP-openjdk-cygwin\jdk8u\hotspot\src\share\vm\prims\jni.cpp, line 710]
Event: 712.197 Thread 0x000000001d6fb800 Exception <a 'sun/nio/fs/WindowsException'> (0x00000000e2f72c38) thrown at [D:\src\AOSP-openjdk-cygwin\jdk8u\hotspot\src\share\vm\prims\jni.cpp, line 710]
Event: 712.444 Thread 0x0000000018650000 Implicit null exception at 0x000000000293786f to 0x0000000002937961
Event: 712.444 Thread 0x000000001d6ee000 Implicit null exception at 0x000000000293786f to 0x0000000002937961
Event: 712.444 Thread 0x0000000018650800 Implicit null exception at 0x000000000293786f to 0x0000000002937961
Event: 712.866 Thread 0x0000000018650000 Implicit null exception at 0x0000000004b3c446 to 0x0000000004b3caa5
Event: 715.306 Thread 0x0000000018650000 Implicit null exception at 0x0000000004a28a0f to 0x0000000004a28b7d

Events (10 events):
Event: 716.220 Thread 0x0000000018650000 DEOPT UNPACKING pc=0x000000000267557b sp=0x0000000026b9eba8 mode 2
Event: 716.220 Thread 0x0000000018650000 Uncommon trap: trap_request=0xffffffc6 fr.pc=0x0000000004d9ac68
Event: 716.220 Thread 0x0000000018650000 DEOPT PACKING pc=0x0000000004d9ac68 sp=0x0000000026b9ebd0
Event: 716.220 Thread 0x0000000018650000 DEOPT UNPACKING pc=0x000000000267557b sp=0x0000000026b9eba8 mode 2
Event: 716.221 Thread 0x0000000018650000 Uncommon trap: trap_request=0xffffffc6 fr.pc=0x0000000004d9ac68
Event: 716.221 Thread 0x0000000018650000 DEOPT PACKING pc=0x0000000004d9ac68 sp=0x0000000026b9ebd0
Event: 716.221 Thread 0x0000000018650000 DEOPT UNPACKING pc=0x000000000267557b sp=0x0000000026b9eba8 mode 2
Event: 716.221 Thread 0x0000000018650000 Uncommon trap: trap_request=0xffffffc6 fr.pc=0x0000000004d9ac68
Event: 716.221 Thread 0x0000000018650000 DEOPT PACKING pc=0x0000000004d9ac68 sp=0x0000000026b9ebd0
Event: 716.221 Thread 0x0000000018650000 DEOPT UNPACKING pc=0x000000000267557b sp=0x0000000026b9eba8 mode 2


Dynamic libraries:
0x00007ff6a15b0000 - 0x00007ff6a15e1000 	C:\Users\Lenovo\AppData\Local\JetBrains\Toolbox\apps\AndroidStudio\ch-0\191.6010548\jre\bin\java.exe
0x00007ffb25b80000 - 0x00007ffb25d61000 	C:\WINDOWS\SYSTEM32\ntdll.dll
0x00007ffb23040000 - 0x00007ffb230f1000 	C:\WINDOWS\System32\KERNEL32.DLL
0x00007ffb22410000 - 0x00007ffb22683000 	C:\WINDOWS\System32\KERNELBASE.dll
0x00007ffb239b0000 - 0x00007ffb23a51000 	C:\WINDOWS\System32\ADVAPI32.dll
0x00007ffb23a60000 - 0x00007ffb23afe000 	C:\WINDOWS\System32\msvcrt.dll
0x00007ffb23bd0000 - 0x00007ffb23c2b000 	C:\WINDOWS\System32\sechost.dll
0x00007ffb24300000 - 0x00007ffb24424000 	C:\WINDOWS\System32\RPCRT4.dll
0x00007ffb23810000 - 0x00007ffb239a1000 	C:\WINDOWS\System32\USER32.dll
0x00007ffb22180000 - 0x00007ffb221a0000 	C:\WINDOWS\System32\win32u.dll
0x00007ffb231b0000 - 0x00007ffb231d8000 	C:\WINDOWS\System32\GDI32.dll
0x00007ffb22da0000 - 0x00007ffb22f31000 	C:\WINDOWS\System32\gdi32full.dll
0x00007ffb220e0000 - 0x00007ffb2217f000 	C:\WINDOWS\System32\msvcp_win.dll
0x00007ffb21f30000 - 0x00007ffb22028000 	C:\WINDOWS\System32\ucrtbase.dll
0x00007ffb128b0000 - 0x00007ffb12b19000 	C:\WINDOWS\WinSxS\amd64_microsoft.windows.common-controls_6595b64144ccf1df_6.0.17134.1184_none_d403e8b37c8ca406\COMCTL32.dll
0x00007ffb231f0000 - 0x00007ffb23511000 	C:\WINDOWS\System32\combase.dll
0x00007ffb22390000 - 0x00007ffb22409000 	C:\WINDOWS\System32\bcryptPrimitives.dll
0x00007ffb23010000 - 0x00007ffb2303d000 	C:\WINDOWS\System32\IMM32.DLL
0x00000000734d0000 - 0x00000000735a2000 	C:\Users\Lenovo\AppData\Local\JetBrains\Toolbox\apps\AndroidStudio\ch-0\191.6010548\jre\jre\bin\msvcr100.dll
0x00000000735b0000 - 0x0000000073df6000 	C:\Users\Lenovo\AppData\Local\JetBrains\Toolbox\apps\AndroidStudio\ch-0\191.6010548\jre\jre\bin\server\jvm.dll
0x00007ffb22ff0000 - 0x00007ffb22ff8000 	C:\WINDOWS\System32\PSAPI.DLL
0x00007ffb1e990000 - 0x00007ffb1e9b3000 	C:\WINDOWS\SYSTEM32\WINMM.dll
0x00007ffb17b30000 - 0x00007ffb17b3a000 	C:\WINDOWS\SYSTEM32\VERSION.dll
0x00007ffb04430000 - 0x00007ffb04439000 	C:\WINDOWS\SYSTEM32\WSOCK32.dll
0x00007ffb24430000 - 0x00007ffb2449c000 	C:\WINDOWS\System32\WS2_32.dll
0x00007ffb1e960000 - 0x00007ffb1e98a000 	C:\WINDOWS\SYSTEM32\winmmbase.dll
0x00007ffb22030000 - 0x00007ffb22079000 	C:\WINDOWS\System32\cfgmgr32.dll
0x00007ffb1e6a0000 - 0x00007ffb1e6af000 	C:\Users\Lenovo\AppData\Local\JetBrains\Toolbox\apps\AndroidStudio\ch-0\191.6010548\jre\jre\bin\verify.dll
0x00007ffb12630000 - 0x00007ffb12659000 	C:\Users\Lenovo\AppData\Local\JetBrains\Toolbox\apps\AndroidStudio\ch-0\191.6010548\jre\jre\bin\java.dll
0x00007ffb1d0b0000 - 0x00007ffb1d0c6000 	C:\Users\Lenovo\AppData\Local\JetBrains\Toolbox\apps\AndroidStudio\ch-0\191.6010548\jre\jre\bin\zip.dll
0x00007ffb244a0000 - 0x00007ffb258e5000 	C:\WINDOWS\System32\SHELL32.dll
0x00007ffb23100000 - 0x00007ffb231a9000 	C:\WINDOWS\System32\shcore.dll
0x00007ffb22690000 - 0x00007ffb22da0000 	C:\WINDOWS\System32\windows.storage.dll
0x00007ffb242a0000 - 0x00007ffb242f1000 	C:\WINDOWS\System32\shlwapi.dll
0x00007ffb21ea0000 - 0x00007ffb21eb1000 	C:\WINDOWS\System32\kernel.appcore.dll
0x00007ffb21f10000 - 0x00007ffb21f2f000 	C:\WINDOWS\System32\profapi.dll
0x00007ffb21ec0000 - 0x00007ffb21f0c000 	C:\WINDOWS\System32\powrprof.dll
0x00007ffb21e70000 - 0x00007ffb21e7a000 	C:\WINDOWS\System32\FLTLIB.DLL
0x00007ffb0d850000 - 0x00007ffb0d86a000 	C:\Users\Lenovo\AppData\Local\JetBrains\Toolbox\apps\AndroidStudio\ch-0\191.6010548\jre\jre\bin\net.dll
0x00007ffb216d0000 - 0x00007ffb21736000 	C:\WINDOWS\system32\mswsock.dll
0x00007ffb0d830000 - 0x00007ffb0d841000 	C:\Users\Lenovo\AppData\Local\JetBrains\Toolbox\apps\AndroidStudio\ch-0\191.6010548\jre\jre\bin\nio.dll
0x00007ffaefb70000 - 0x00007ffaefb96000 	C:\Users\Lenovo\.gradle\native\29\windows-amd64\native-platform.dll
0x00007ffb1e690000 - 0x00007ffb1e69d000 	C:\Users\Lenovo\AppData\Local\JetBrains\Toolbox\apps\AndroidStudio\ch-0\191.6010548\jre\jre\bin\management.dll
0x00007ffb21880000 - 0x00007ffb21897000 	C:\WINDOWS\SYSTEM32\CRYPTSP.dll
0x00007ffb21280000 - 0x00007ffb212b3000 	C:\WINDOWS\system32\rsaenh.dll
0x00007ffb219b0000 - 0x00007ffb219d5000 	C:\WINDOWS\SYSTEM32\bcrypt.dll
0x00007ffb21d70000 - 0x00007ffb21d98000 	C:\WINDOWS\SYSTEM32\USERENV.dll
0x00007ffb218a0000 - 0x00007ffb218ab000 	C:\WINDOWS\SYSTEM32\CRYPTBASE.dll
0x00007ffb21420000 - 0x00007ffb21458000 	C:\WINDOWS\SYSTEM32\IPHLPAPI.DLL
0x00007ffb23000000 - 0x00007ffb23008000 	C:\WINDOWS\System32\NSI.dll
0x00007ffb17df0000 - 0x00007ffb17e06000 	C:\WINDOWS\SYSTEM32\dhcpcsvc6.DLL
0x00007ffb17d80000 - 0x00007ffb17d9a000 	C:\WINDOWS\SYSTEM32\dhcpcsvc.DLL

VM Arguments:
jvm_args: -Xmx1536m -Dfile.encoding=GBK -Duser.country=CN -Duser.language=zh -Duser.variant 
java_command: org.gradle.launcher.daemon.bootstrap.GradleDaemon 5.4.1
java_class_path (initial): C:\Users\Lenovo\.gradle\wrapper\dists\gradle-5.4.1-all\3221gyojl5jsh0helicew7rwx\gradle-5.4.1\lib\gradle-launcher-5.4.1.jar
Launcher Type: SUN_STANDARD

Environment Variables:
JAVA_HOME=D:\Java\jdk-11.0.2
CLASSPATH=.;D:\Java\jdk-11.0.2\lib\dt.jar;D:\Java\jdk-11.0.2\lib\tools.jar;
PATH=D:\Java\jdk-11.0.2\bin;D:\Java\jdk-11.0.2\jre\bin;D:\app\QiQi\product\12.1.0\dbhome_1\bin;D:\app\QiQiiii\product\12.1.0\dbhome_1\bin;C:\Windows\system32;C:\Windows;C:\Windows\System32\Wbem;C:\Windows\System32\WindowsPowerShell\v1.0\;C:\Program Files (x86)\NVIDIA Corporation\PhysX\Common;C:\WINDOWS\system32;C:\WINDOWS;C:\WINDOWS\System32\Wbem;C:\WINDOWS\System32\WindowsPowerShell\v1.0\;C:\Program Files\dotnet\;C:\Users\Lenovo\Desktop\cocos2d-x-3.17\tools\cocos2d-console\bin;C:\Python27;C:\WINDOWS\System32\OpenSSH\;D:\python;D:\Git\Git\cmd;C:\Program Files\NVIDIA Corporation\NVIDIA NvDLISR;D:\Documents\nodejs\;D:\python\Scripts\;D:\python\;C:\Users\Lenovo\AppData\Local\Microsoft\WindowsApps;C:\Users\Lenovo\AppData\Local\GitHubDesktop\bin;C:\Users\Lenovo\Desktop\cocos2d-x-3.17\tools\cocos2d-console\bin;C:\Python27;;C:\Users\Lenovo\AppData\Local\Microsoft\WindowsApps;C:\Users\Lenovo\.dotnet\tools;D:\pycharm\PyCharm 2019.1.1\bin;;D:\WebStorm\WebStorm 2019.1.3\bin;;C:\Users\Lenovo\AppData\Roaming\npm
USERNAME=Lenovo
OS=Windows_NT
PROCESSOR_IDENTIFIER=Intel64 Family 6 Model 142 Stepping 9, GenuineIntel



---------------  S Y S T E M  ---------------

OS: Windows 10.0 , 64 bit Build 17134 (10.0.17134.753)

CPU:total 4 (initial active 4) (2 cores per cpu, 2 threads per core) family 6 model 142 stepping 9, cmov, cx8, fxsr, mmx, sse, sse2, sse3, ssse3, sse4.1, sse4.2, popcnt, avx, avx2, aes, clmul, erms, 3dnowpref, lzcnt, ht, tsc, tscinvbit, bmi1, bmi2, adx

Memory: 4k page, physical 8243596k(1384588k free), swap 8243596k(4768k free)

vm_info: OpenJDK 64-Bit Server VM (25.202-b03) for windows-amd64 JRE (1.8.0_202-release-1483-b03), built by "builder" with MS VC++ 10.0 (VS2010)

time: Sun Jan 05 20:15:34 2020
timezone: 中国标准时间
elapsed time: 716 seconds (0d 0h 11m 56s)

