#
# There is insufficient memory for the Java Runtime Environment to continue.
# Native memory allocation (malloc) failed to allocate 1108656 bytes for Chunk::new
# Possible reasons:
#   The system is out of physical RAM or swap space
#   The process is running with CompressedOops enabled, and the Java Heap may be blocking the growth of the native heap
# Possible solutions:
#   Reduce memory load on the system
#   Increase physical memory or swap space
#   Check if swap backing store is full
#   Decrease Java heap size (-Xmx/-Xms)
#   Decrease number of Java threads
#   Decrease Java thread stack sizes (-Xss)
#   Set larger code cache with -XX:ReservedCodeCacheSize=
#   JVM is running with Unscaled Compressed Oops mode in which the Java heap is
#     placed in the first 4GB address space. The Java Heap base address is the
#     maximum limit for the native heap growth. Please use -XX:HeapBaseMinAddress
#     to set the Java Heap base and to place the Java Heap above 4GB virtual address.
# This output file may be truncated or incomplete.
#
#  Out of Memory Error (allocation.cpp:389), pid=468, tid=0x0000000000000c3c
#
# JRE version: OpenJDK Runtime Environment (8.0_202-b03) (build 1.8.0_202-release-1483-b03)
# Java VM: OpenJDK 64-Bit Server VM (25.202-b03 mixed mode windows-amd64 compressed oops)
# Failed to write core dump. Minidumps are not enabled by default on client versions of Windows
#

---------------  T H R E A D  ---------------

Current thread (0x0000000016b4a000):  JavaThread "C2 CompilerThread0" daemon [_thread_in_native, id=3132, stack(0x00000000184c0000,0x00000000185c0000)]

Stack: [0x00000000184c0000,0x00000000185c0000]
[error occurred during error reporting (printing stack bounds), id 0xc0000005]

Native frames: (J=compiled Java code, j=interpreted, Vv=VM code, C=native code)


Current CompileTask:
C2:3064025 25571       4       org.gradle.api.internal.artifacts.ivyservice.ivyresolve.CachingModuleComponentRepository$LocateInCacheRepositoryAccess::resolveComponentMetaDataFromCache (406 bytes)


---------------  P R O C E S S  ---------------

Java Threads: ( => current thread )
  0x000000001aebf000 JavaThread "Cache worker for execution history cache (D:\Documents\GitHub\SoftwareEngineeringProject\YuRead\Android\.gradle\5.4.1\executionHistory)" [_thread_blocked, id=3428, stack(0x0000000040bc0000,0x0000000040cc0000)]
  0x000000001aebe800 JavaThread "Execution worker for ':' Thread 3" [_thread_in_native, id=10636, stack(0x0000000040ac0000,0x0000000040bc0000)]
  0x000000001aeb7800 JavaThread "Execution worker for ':' Thread 2" [_thread_blocked, id=1200, stack(0x00000000409c0000,0x0000000040ac0000)]
  0x000000001aeb8800 JavaThread "Execution worker for ':'" [_thread_blocked, id=15192, stack(0x00000000408c0000,0x00000000409c0000)]
  0x000000001aebd000 JavaThread "Cache worker for file content cache (D:\Documents\GitHub\SoftwareEngineeringProject\YuRead\Android\.gradle\5.4.1\fileContent)" [_thread_blocked, id=11576, stack(0x00000000407c0000,0x00000000408c0000)]
  0x000000001aeb5800 JavaThread "Cache worker for Build Output Cleanup Cache (D:\Documents\GitHub\SoftwareEngineeringProject\YuRead\Android\.gradle\buildOutputCleanup)" [_thread_blocked, id=13804, stack(0x00000000406c0000,0x00000000407c0000)]
  0x000000001aeb4000 JavaThread "Build operations Thread 4" [_thread_blocked, id=2744, stack(0x00000000405c0000,0x00000000406c0000)]
  0x000000001aeba800 JavaThread "Build operations Thread 3" [_thread_blocked, id=8852, stack(0x00000000404c0000,0x00000000405c0000)]
  0x000000001aeb6000 JavaThread "Build operations Thread 2" [_thread_blocked, id=11296, stack(0x00000000403c0000,0x00000000404c0000)]
  0x000000001aeb2800 JavaThread "Build operations" [_thread_blocked, id=1540, stack(0x00000000402c0000,0x00000000403c0000)]
  0x000000001ce01000 JavaThread "Cache worker for cache directory md-rule (C:\Users\Lenovo\.gradle\caches\5.4.1\md-rule)" [_thread_blocked, id=14424, stack(0x00000000401c0000,0x00000000402c0000)]
  0x000000001ce02800 JavaThread "Cache worker for cache directory md-supplier (C:\Users\Lenovo\.gradle\caches\5.4.1\md-supplier)" [_thread_blocked, id=7892, stack(0x00000000400c0000,0x00000000401c0000)]
  0x000000001ce03000 JavaThread "Cache worker for file hash cache (D:\Documents\GitHub\SoftwareEngineeringProject\YuRead\Android\.gradle\5.4.1\fileHashes)" [_thread_blocked, id=9264, stack(0x000000003ffc0000,0x00000000400c0000)]
  0x000000001cdf9000 JavaThread "Thread-331" [_thread_blocked, id=3876, stack(0x000000003fec0000,0x000000003ffc0000)]
  0x000000001cdfb800 JavaThread "Stdin handler" [_thread_blocked, id=2340, stack(0x000000003fdc0000,0x000000003fec0000)]
  0x000000001cdfd800 JavaThread "Asynchronous log dispatcher for DefaultDaemonConnection: socket connection from /127.0.0.1:55776 to /127.0.0.1:60015" [_thread_blocked, id=15072, stack(0x000000003fcc0000,0x000000003fdc0000)]
  0x000000001cdfc000 JavaThread "Daemon worker Thread 9" [_thread_blocked, id=2848, stack(0x000000003fbc0000,0x000000003fcc0000)]
  0x000000001cdf8800 JavaThread "Cancel handler" [_thread_blocked, id=5728, stack(0x000000003fac0000,0x000000003fbc0000)]
  0x000000001cdff000 JavaThread "Handler for socket connection from /127.0.0.1:55776 to /127.0.0.1:60015" [_thread_in_native, id=7572, stack(0x000000003f9c0000,0x000000003fac0000)]
  0x000000001cdfe800 JavaThread "Daemon Thread 9" [_thread_blocked, id=7172, stack(0x000000003f8c0000,0x000000003f9c0000)]
  0x000000001aeb7000 JavaThread "Cache worker for Java compile cache (C:\Users\Lenovo\.gradle\caches\5.4.1\javaCompile)" [_thread_blocked, id=32, stack(0x0000000026e60000,0x0000000026f60000)]
  0x000000001aeba000 JavaThread "MarlinRenderer Disposer" daemon [_thread_blocked, id=13068, stack(0x0000000026360000,0x0000000026460000)]
  0x000000001aeb9000 JavaThread "Java2D Disposer" daemon [_thread_blocked, id=3744, stack(0x0000000026260000,0x0000000026360000)]
  0x000000001ce04000 JavaThread "Cache worker for file content cache (C:\Users\Lenovo\.gradle\caches\5.4.1\fileContent)" [_thread_blocked, id=1884, stack(0x0000000025860000,0x0000000025960000)]
  0x000000001cdfa800 JavaThread "Memory manager" [_thread_blocked, id=3412, stack(0x0000000021120000,0x0000000021220000)]
  0x000000001cbf2800 JavaThread "Cache worker for execution history cache (C:\Users\Lenovo\.gradle\caches\5.4.1\executionHistory)" [_thread_blocked, id=10260, stack(0x0000000020520000,0x0000000020620000)]
  0x0000000018cf2000 JavaThread "Cache worker for journal cache (C:\Users\Lenovo\.gradle\caches\journal-1)" [_thread_blocked, id=13888, stack(0x000000001c430000,0x000000001c530000)]
  0x0000000018cf8000 JavaThread "File lock request listener" [_thread_in_native, id=12376, stack(0x000000001c330000,0x000000001c430000)]
  0x0000000018cf2800 JavaThread "Cache worker for file hash cache (C:\Users\Lenovo\.gradle\caches\5.4.1\fileHashes)" [_thread_blocked, id=8772, stack(0x000000001c030000,0x000000001c130000)]
  0x0000000019e2f000 JavaThread "Daemon periodic checks" [_thread_in_native, id=11480, stack(0x000000001b630000,0x000000001b730000)]
  0x0000000019e43800 JavaThread "Incoming local TCP Connector on port 55776" [_thread_in_native, id=7904, stack(0x000000001b480000,0x000000001b580000)]
  0x0000000019b47000 JavaThread "Daemon health stats" [_thread_blocked, id=4480, stack(0x000000001b160000,0x000000001b260000)]
  0x0000000017f53000 JavaThread "Service Thread" daemon [_thread_blocked, id=9472, stack(0x00000000187c0000,0x00000000188c0000)]
  0x0000000017ed9000 JavaThread "C1 CompilerThread2" daemon [_thread_blocked, id=11416, stack(0x00000000186c0000,0x00000000187c0000)]
  0x0000000016b4d800 JavaThread "C2 CompilerThread1" daemon [_thread_blocked, id=1932, stack(0x00000000185c0000,0x00000000186c0000)]
=>0x0000000016b4a000 JavaThread "C2 CompilerThread0" daemon [_thread_in_native, id=3132, stack(0x00000000184c0000,0x00000000185c0000)]
  0x0000000016afe800 JavaThread "Attach Listener" daemon [_thread_blocked, id=2928, stack(0x00000000183c0000,0x00000000184c0000)]
  0x0000000017ec8800 JavaThread "Signal Dispatcher" daemon [_thread_blocked, id=7452, stack(0x00000000182c0000,0x00000000183c0000)]
  0x000000000317b000 JavaThread "Finalizer" daemon [_thread_blocked, id=4968, stack(0x0000000017d50000,0x0000000017e50000)]
  0x0000000003172000 JavaThread "Reference Handler" daemon [_thread_blocked, id=14300, stack(0x0000000017c50000,0x0000000017d50000)]
  0x0000000002e7e800 JavaThread "main" [_thread_blocked, id=9988, stack(0x0000000002f80000,0x0000000003080000)]

Other Threads:
  0x0000000016ab6800 VMThread [stack: 0x0000000017b50000,0x0000000017c50000] [id=5960]
  0x0000000017f53800 WatcherThread [stack: 0x00000000188c0000,0x00000000189c0000] [id=1808]

VM state:not at safepoint (normal execution)

VM Mutex/Monitor currently owned by a thread: None

heap address: 0x00000000a0000000, size: 1536 MB, Compressed Oops mode: 32-bit
Narrow klass base: 0x0000000000000000, Narrow klass shift: 3
Compressed class space size: 1073741824 Address: 0x0000000100000000

Heap:
 PSYoungGen      total 374272K, used 159966K [0x00000000e0000000, 0x00000000ff380000, 0x0000000100000000)
  eden space 247296K, 60% used [0x00000000e0000000,0x00000000e918b8b8,0x00000000ef180000)
  from space 126976K, 8% used [0x00000000f7780000,0x00000000f822c050,0x00000000ff380000)
  to   space 132096K, 0% used [0x00000000ef180000,0x00000000ef180000,0x00000000f7280000)
 ParOldGen       total 270336K, used 95792K [0x00000000a0000000, 0x00000000b0800000, 0x00000000e0000000)
  object space 270336K, 35% used [0x00000000a0000000,0x00000000a5d8c078,0x00000000b0800000)
 Metaspace       used 99426K, capacity 105488K, committed 105728K, reserved 1140736K
  class space    used 12631K, capacity 13736K, committed 13824K, reserved 1048576K

Card table byte_map: [0x0000000012540000,0x0000000012850000] byte_map_base: 0x0000000012040000

Marking Bits: (ParMarkBitMap*) 0x00000000535e9f30
 Begin Bits: [0x0000000012e50000, 0x0000000014650000)
 End Bits:   [0x0000000014650000, 0x0000000015e50000)

Polling page: 0x0000000000f70000

CodeCache: size=245760Kb used=72038Kb max_used=72048Kb free=173721Kb
 bounds [0x0000000003180000, 0x0000000007870000, 0x0000000012180000]
 total_blobs=20428 nmethods=19452 adapters=886
 compilation: enabled

Compilation events (10 events):
Event: 3062.940 Thread 0x0000000017ed9000 nmethod 25639 0x00000000065c5210 code [0x00000000065c5360, 0x00000000065c5590]
Event: 3062.943 Thread 0x0000000017ed9000 25640       1       org.gradle.api.internal.tasks.TaskPropertyUtils$StrictErrorsOnlyContext::visitError (1 bytes)
Event: 3062.943 Thread 0x0000000017ed9000 nmethod 25640 0x00000000065c4f50 code [0x00000000065c50a0, 0x00000000065c51b0]
Event: 3062.945 Thread 0x0000000016b4d800 nmethod 25631 0x00000000065bcc10 code [0x00000000065bcde0, 0x00000000065bd8a8]
Event: 3062.945 Thread 0x0000000016b4d800 25641       4       org.gradle.api.internal.collections.SortedSetElementSource::add (9 bytes)
Event: 3062.947 Thread 0x0000000016b4d800 nmethod 25641 0x00000000065bf110 code [0x00000000065bf260, 0x00000000065bf348]
Event: 3062.997 Thread 0x0000000017ed9000 25642       1       org.gradle.api.internal.tasks.TaskExecuterResult$1::executedIncrementally (2 bytes)
Event: 3062.997 Thread 0x0000000017ed9000 nmethod 25642 0x00000000065bee50 code [0x00000000065befa0, 0x00000000065bf0b0]
Event: 3063.000 Thread 0x0000000017ed9000 25643       3       com.google.wireless.android.sdk.stats.GradleBuildProfileSpan$Builder::getTask (36 bytes)
Event: 3063.001 Thread 0x0000000017ed9000 nmethod 25643 0x00000000065c0090 code [0x00000000065c0220, 0x00000000065c07e8]

GC Heap History (10 events):
Event: 2239.321 GC heap before
{Heap before GC invocations=39 (full 5):
 PSYoungGen      total 379392K, used 241348K [0x00000000e0000000, 0x0000000100000000, 0x0000000100000000)
  eden space 234496K, 100% used [0x00000000e0000000,0x00000000ee500000,0x00000000ee500000)
  from space 144896K, 4% used [0x00000000ee500000,0x00000000eebb1368,0x00000000f7280000)
  to   space 143360K, 0% used [0x00000000f7400000,0x00000000f7400000,0x0000000100000000)
 ParOldGen       total 270336K, used 87189K [0x00000000a0000000, 0x00000000b0800000, 0x00000000e0000000)
  object space 270336K, 32% used [0x00000000a0000000,0x00000000a55256a8,0x00000000b0800000)
 Metaspace       used 98099K, capacity 103972K, committed 104320K, reserved 1140736K
  class space    used 12506K, capacity 13594K, committed 13696K, reserved 1048576K
Event: 2239.358 GC heap after
Heap after GC invocations=39 (full 5):
 PSYoungGen      total 372736K, used 5350K [0x00000000e0000000, 0x00000000ff980000, 0x0000000100000000)
  eden space 236032K, 0% used [0x00000000e0000000,0x00000000e0000000,0x00000000ee680000)
  from space 136704K, 3% used [0x00000000f7400000,0x00000000f7939a00,0x00000000ff980000)
  to   space 140800K, 0% used [0x00000000ee680000,0x00000000ee680000,0x00000000f7000000)
 ParOldGen       total 270336K, used 89225K [0x00000000a0000000, 0x00000000b0800000, 0x00000000e0000000)
  object space 270336K, 33% used [0x00000000a0000000,0x00000000a5722758,0x00000000b0800000)
 Metaspace       used 98099K, capacity 103972K, committed 104320K, reserved 1140736K
  class space    used 12506K, capacity 13594K, committed 13696K, reserved 1048576K
}
Event: 2243.141 GC heap before
{Heap before GC invocations=40 (full 5):
 PSYoungGen      total 372736K, used 241382K [0x00000000e0000000, 0x00000000ff980000, 0x0000000100000000)
  eden space 236032K, 100% used [0x00000000e0000000,0x00000000ee680000,0x00000000ee680000)
  from space 136704K, 3% used [0x00000000f7400000,0x00000000f7939a00,0x00000000ff980000)
  to   space 140800K, 0% used [0x00000000ee680000,0x00000000ee680000,0x00000000f7000000)
 ParOldGen       total 270336K, used 89225K [0x00000000a0000000, 0x00000000b0800000, 0x00000000e0000000)
  object space 270336K, 33% used [0x00000000a0000000,0x00000000a5722758,0x00000000b0800000)
 Metaspace       used 98457K, capacity 104358K, committed 104576K, reserved 1140736K
  class space    used 12530K, capacity 13635K, committed 13696K, reserved 1048576K
Event: 2243.164 GC heap after
Heap after GC invocations=40 (full 5):
 PSYoungGen      total 376832K, used 8311K [0x00000000e0000000, 0x00000000ffd00000, 0x0000000100000000)
  eden space 236032K, 0% used [0x00000000e0000000,0x00000000e0000000,0x00000000ee680000)
  from space 140800K, 5% used [0x00000000ee680000,0x00000000eee9dc30,0x00000000f7000000)
  to   space 137216K, 0% used [0x00000000f7700000,0x00000000f7700000,0x00000000ffd00000)
 ParOldGen       total 270336K, used 94065K [0x00000000a0000000, 0x00000000b0800000, 0x00000000e0000000)
  object space 270336K, 34% used [0x00000000a0000000,0x00000000a5bdc6f8,0x00000000b0800000)
 Metaspace       used 98457K, capacity 104358K, committed 104576K, reserved 1140736K
  class space    used 12530K, capacity 13635K, committed 13696K, reserved 1048576K
}
Event: 2244.409 GC heap before
{Heap before GC invocations=41 (full 5):
 PSYoungGen      total 376832K, used 244343K [0x00000000e0000000, 0x00000000ffd00000, 0x0000000100000000)
  eden space 236032K, 100% used [0x00000000e0000000,0x00000000ee680000,0x00000000ee680000)
  from space 140800K, 5% used [0x00000000ee680000,0x00000000eee9dc30,0x00000000f7000000)
  to   space 137216K, 0% used [0x00000000f7700000,0x00000000f7700000,0x00000000ffd00000)
 ParOldGen       total 270336K, used 94065K [0x00000000a0000000, 0x00000000b0800000, 0x00000000e0000000)
  object space 270336K, 34% used [0x00000000a0000000,0x00000000a5bdc6f8,0x00000000b0800000)
 Metaspace       used 98710K, capacity 104658K, committed 104832K, reserved 1140736K
  class space    used 12538K, capacity 13641K, committed 13696K, reserved 1048576K
Event: 2244.504 GC heap after
Heap after GC invocations=41 (full 5):
 PSYoungGen      total 381440K, used 73446K [0x00000000e0000000, 0x0000000100000000, 0x0000000100000000)
  eden space 244224K, 0% used [0x00000000e0000000,0x00000000e0000000,0x00000000eee80000)
  from space 137216K, 53% used [0x00000000f7700000,0x00000000fbeb9878,0x00000000ffd00000)
  to   space 139776K, 0% used [0x00000000eee80000,0x00000000eee80000,0x00000000f7700000)
 ParOldGen       total 270336K, used 94967K [0x00000000a0000000, 0x00000000b0800000, 0x00000000e0000000)
  object space 270336K, 35% used [0x00000000a0000000,0x00000000a5cbdff8,0x00000000b0800000)
 Metaspace       used 98710K, capacity 104658K, committed 104832K, reserved 1140736K
  class space    used 12538K, capacity 13641K, committed 13696K, reserved 1048576K
}
Event: 2363.009 GC heap before
{Heap before GC invocations=42 (full 5):
 PSYoungGen      total 381440K, used 317670K [0x00000000e0000000, 0x0000000100000000, 0x0000000100000000)
  eden space 244224K, 100% used [0x00000000e0000000,0x00000000eee80000,0x00000000eee80000)
  from space 137216K, 53% used [0x00000000f7700000,0x00000000fbeb9878,0x00000000ffd00000)
  to   space 139776K, 0% used [0x00000000eee80000,0x00000000eee80000,0x00000000f7700000)
 ParOldGen       total 270336K, used 94967K [0x00000000a0000000, 0x00000000b0800000, 0x00000000e0000000)
  object space 270336K, 35% used [0x00000000a0000000,0x00000000a5cbdff8,0x00000000b0800000)
 Metaspace       used 99166K, capacity 105144K, committed 105472K, reserved 1140736K
  class space    used 12623K, capacity 13722K, committed 13824K, reserved 1048576K
Event: 2363.013 GC heap after
Heap after GC invocations=42 (full 5):
 PSYoungGen      total 384000K, used 1302K [0x00000000e0000000, 0x00000000ffd80000, 0x0000000100000000)
  eden space 244224K, 0% used [0x00000000e0000000,0x00000000e0000000,0x00000000eee80000)
  from space 139776K, 0% used [0x00000000eee80000,0x00000000eefc5970,0x00000000f7700000)
  to   space 137216K, 0% used [0x00000000f7780000,0x00000000f7780000,0x00000000ffd80000)
 ParOldGen       total 270336K, used 95052K [0x00000000a0000000, 0x00000000b0800000, 0x00000000e0000000)
  object space 270336K, 35% used [0x00000000a0000000,0x00000000a5cd3008,0x00000000b0800000)
 Metaspace       used 99166K, capacity 105144K, committed 105472K, reserved 1140736K
  class space    used 12623K, capacity 13722K, committed 13824K, reserved 1048576K
}
Event: 2976.218 GC heap before
{Heap before GC invocations=43 (full 5):
 PSYoungGen      total 384000K, used 245526K [0x00000000e0000000, 0x00000000ffd80000, 0x0000000100000000)
  eden space 244224K, 100% used [0x00000000e0000000,0x00000000eee80000,0x00000000eee80000)
  from space 139776K, 0% used [0x00000000eee80000,0x00000000eefc5970,0x00000000f7700000)
  to   space 137216K, 0% used [0x00000000f7780000,0x00000000f7780000,0x00000000ffd80000)
 ParOldGen       total 270336K, used 95052K [0x00000000a0000000, 0x00000000b0800000, 0x00000000e0000000)
  object space 270336K, 35% used [0x00000000a0000000,0x00000000a5cd3008,0x00000000b0800000)
 Metaspace       used 99362K, capacity 105412K, committed 105728K, reserved 1140736K
  class space    used 12629K, capacity 13734K, committed 13824K, reserved 1048576K
Event: 2976.234 GC heap after
Heap after GC invocations=43 (full 5):
 PSYoungGen      total 374272K, used 10928K [0x00000000e0000000, 0x00000000ff380000, 0x0000000100000000)
  eden space 247296K, 0% used [0x00000000e0000000,0x00000000e0000000,0x00000000ef180000)
  from space 126976K, 8% used [0x00000000f7780000,0x00000000f822c050,0x00000000ff380000)
  to   space 132096K, 0% used [0x00000000ef180000,0x00000000ef180000,0x00000000f7280000)
 ParOldGen       total 270336K, used 95792K [0x00000000a0000000, 0x00000000b0800000, 0x00000000e0000000)
  object space 270336K, 35% used [0x00000000a0000000,0x00000000a5d8c078,0x00000000b0800000)
 Metaspace       used 99362K, capacity 105412K, committed 105728K, reserved 1140736K
  class space    used 12629K, capacity 13734K, committed 13824K, reserved 1048576K
}

Deoptimization events (10 events):
Event: 2644.779 Thread 0x000000001aebf000 Uncommon trap: reason=class_check action=maybe_recompile pc=0x00000000053693e8 method=com.sun.org.apache.xerces.internal.dom.NamedNodeMapImpl.getNamedItemNS(Ljava/lang/String;Ljava/lang/String;)Lorg/w3c/dom/Node; @ 28
Event: 2644.792 Thread 0x000000001aebf000 Uncommon trap: reason=class_check action=maybe_recompile pc=0x0000000004b5b888 method=com.sun.org.apache.xerces.internal.dom.NamedNodeMapImpl.getNamedItem(Ljava/lang/String;)Lorg/w3c/dom/Node; @ 28
Event: 2644.792 Thread 0x000000001aebf000 Uncommon trap: reason=class_check action=maybe_recompile pc=0x0000000004b5b888 method=com.sun.org.apache.xerces.internal.dom.NamedNodeMapImpl.getNamedItem(Ljava/lang/String;)Lorg/w3c/dom/Node; @ 28
Event: 2644.792 Thread 0x000000001aebf000 Uncommon trap: reason=class_check action=maybe_recompile pc=0x0000000004b5b888 method=com.sun.org.apache.xerces.internal.dom.NamedNodeMapImpl.getNamedItem(Ljava/lang/String;)Lorg/w3c/dom/Node; @ 28
Event: 2644.792 Thread 0x000000001aebf000 Uncommon trap: reason=class_check action=maybe_recompile pc=0x0000000004b5b888 method=com.sun.org.apache.xerces.internal.dom.NamedNodeMapImpl.getNamedItem(Ljava/lang/String;)Lorg/w3c/dom/Node; @ 28
Event: 2644.883 Thread 0x000000001aebf000 Uncommon trap: reason=unstable_if action=reinterpret pc=0x0000000005f00a98 method=java.lang.Integer.parseInt(Ljava/lang/String;I)I @ 122
Event: 2644.883 Thread 0x000000001aebf000 Uncommon trap: reason=unstable_if action=reinterpret pc=0x0000000006479528 method=java.lang.Integer.parseInt(Ljava/lang/String;I)I @ 122
Event: 2645.138 Thread 0x000000001cbf5000 Uncommon trap: reason=class_check action=maybe_recompile pc=0x0000000003cc2250 method=java.util.stream.MatchOps$MatchOp.evaluateSequential(Ljava/util/stream/PipelineHelper;Ljava/util/Spliterator;)Ljava/lang/Boolean; @ 14
Event: 2975.518 Thread 0x000000001aeb6000 Uncommon trap: reason=unstable_if action=reinterpret pc=0x00000000047e2300 method=java.util.concurrent.locks.ReentrantLock$Sync.nonfairTryAcquire(I)Z @ 19
Event: 2976.420 Thread 0x000000001aeb4000 Uncommon trap: reason=class_check action=maybe_recompile pc=0x0000000003cc2250 method=java.util.stream.MatchOps$MatchOp.evaluateSequential(Ljava/util/stream/PipelineHelper;Ljava/util/Spliterator;)Ljava/lang/Boolean; @ 14

Classes redefined (0 events):
No events

Internal exceptions (10 events):
Event: 2243.645 Thread 0x000000001aebf000 Exception <a 'sun/nio/fs/WindowsException'> (0x00000000e2fba680) thrown at [D:\src\AOSP-openjdk-cygwin\jdk8u\hotspot\src\share\vm\prims\jni.cpp, line 710]
Event: 2243.647 Thread 0x000000001aebf000 Exception <a 'sun/nio/fs/WindowsException'> (0x00000000e30ccc30) thrown at [D:\src\AOSP-openjdk-cygwin\jdk8u\hotspot\src\share\vm\prims\jni.cpp, line 710]
Event: 2243.649 Thread 0x000000001aebf000 Exception <a 'sun/nio/fs/WindowsException'> (0x00000000e30d8408) thrown at [D:\src\AOSP-openjdk-cygwin\jdk8u\hotspot\src\share\vm\prims\jni.cpp, line 710]
Event: 2243.951 Thread 0x000000001cdfb800 Exception <a 'sun/nio/fs/WindowsException'> (0x00000000e3cc95f8) thrown at [D:\src\AOSP-openjdk-cygwin\jdk8u\hotspot\src\share\vm\prims\jni.cpp, line 710]
Event: 2245.368 Thread 0x000000001cbf4000 Exception <a 'sun/nio/fs/WindowsException'> (0x00000000e9ed48e0) thrown at [D:\src\AOSP-openjdk-cygwin\jdk8u\hotspot\src\share\vm\prims\jni.cpp, line 710]
Event: 2246.266 Thread 0x00000000199a5000 Exception <a 'sun/nio/fs/WindowsException'> (0x00000000ee903560) thrown at [D:\src\AOSP-openjdk-cygwin\jdk8u\hotspot\src\share\vm\prims\jni.cpp, line 710]
Event: 2645.644 Thread 0x00000000199a5000 Exception <a 'java/io/FileNotFoundException'> (0x00000000e6ddb238) thrown at [D:\src\AOSP-openjdk-cygwin\jdk8u\hotspot\src\share\vm\prims\jni.cpp, line 710]
Event: 2647.103 Thread 0x000000001cbf5000 Exception <a 'sun/nio/fs/WindowsException'> (0x00000000eaad8408) thrown at [D:\src\AOSP-openjdk-cygwin\jdk8u\hotspot\src\share\vm\prims\jni.cpp, line 710]
Event: 2977.023 Thread 0x00000000199a5800 Exception <a 'java/io/FileNotFoundException'> (0x00000000e2eaeb40) thrown at [D:\src\AOSP-openjdk-cygwin\jdk8u\hotspot\src\share\vm\prims\jni.cpp, line 710]
Event: 2978.528 Thread 0x00000000199a5800 Exception <a 'sun/nio/fs/WindowsException'> (0x00000000e7696bb8) thrown at [D:\src\AOSP-openjdk-cygwin\jdk8u\hotspot\src\share\vm\prims\jni.cpp, line 710]

Events (10 events):
Event: 3062.968 Thread 0x000000001aebf000 Thread added: 0x000000001aebf000
Event: 3062.987 Executing VM operation: RevokeBias
Event: 3062.990 Executing VM operation: RevokeBias done
Event: 3062.990 Executing VM operation: RevokeBias
Event: 3062.990 Executing VM operation: RevokeBias done
Event: 3062.990 Executing VM operation: RevokeBias
Event: 3062.991 Executing VM operation: RevokeBias done
Event: 3062.992 Executing VM operation: RevokeBias
Event: 3062.992 Executing VM operation: RevokeBias done
Event: 3063.007 Executing VM operation: RevokeBias


Dynamic libraries:
0x00007ff7df4a0000 - 0x00007ff7df4d1000 	C:\Users\Lenovo\AppData\Local\JetBrains\Toolbox\apps\AndroidStudio\ch-0\191.6010548\jre\bin\java.exe
0x00007ffb24180000 - 0x00007ffb24361000 	C:\WINDOWS\SYSTEM32\ntdll.dll
0x00007ffb21e10000 - 0x00007ffb21ec1000 	C:\WINDOWS\System32\KERNEL32.DLL
0x00007ffb20b40000 - 0x00007ffb20db3000 	C:\WINDOWS\System32\KERNELBASE.dll
0x00007ffb23be0000 - 0x00007ffb23c81000 	C:\WINDOWS\System32\ADVAPI32.dll
0x00007ffb23900000 - 0x00007ffb2399e000 	C:\WINDOWS\System32\msvcrt.dll
0x00007ffb215f0000 - 0x00007ffb2164b000 	C:\WINDOWS\System32\sechost.dll
0x00007ffb23f20000 - 0x00007ffb24044000 	C:\WINDOWS\System32\RPCRT4.dll
0x00007ffb218a0000 - 0x00007ffb21a31000 	C:\WINDOWS\System32\USER32.dll
0x00007ffb214d0000 - 0x00007ffb214f0000 	C:\WINDOWS\System32\win32u.dll
0x00007ffb240c0000 - 0x00007ffb240e8000 	C:\WINDOWS\System32\GDI32.dll
0x00007ffb20650000 - 0x00007ffb207e1000 	C:\WINDOWS\System32\gdi32full.dll
0x00007ffb205b0000 - 0x00007ffb2064f000 	C:\WINDOWS\System32\msvcp_win.dll
0x00007ffb20a40000 - 0x00007ffb20b38000 	C:\WINDOWS\System32\ucrtbase.dll
0x00007ffb10e40000 - 0x00007ffb110a9000 	C:\WINDOWS\WinSxS\amd64_microsoft.windows.common-controls_6595b64144ccf1df_6.0.17134.1184_none_d403e8b37c8ca406\COMCTL32.dll
0x00007ffb21ac0000 - 0x00007ffb21de1000 	C:\WINDOWS\System32\combase.dll
0x00007ffb20530000 - 0x00007ffb205a9000 	C:\WINDOWS\System32\bcryptPrimitives.dll
0x00007ffb21ed0000 - 0x00007ffb21efd000 	C:\WINDOWS\System32\IMM32.DLL
0x0000000052d40000 - 0x0000000052e12000 	C:\Users\Lenovo\AppData\Local\JetBrains\Toolbox\apps\AndroidStudio\ch-0\191.6010548\jre\jre\bin\msvcr100.dll
0x0000000052e20000 - 0x0000000053666000 	C:\Users\Lenovo\AppData\Local\JetBrains\Toolbox\apps\AndroidStudio\ch-0\191.6010548\jre\jre\bin\server\jvm.dll
0x00007ffb238f0000 - 0x00007ffb238f8000 	C:\WINDOWS\System32\PSAPI.DLL
0x00007ffb16220000 - 0x00007ffb1622a000 	C:\WINDOWS\SYSTEM32\VERSION.dll
0x00007ffb01160000 - 0x00007ffb01169000 	C:\WINDOWS\SYSTEM32\WSOCK32.dll
0x00007ffb1cb10000 - 0x00007ffb1cb33000 	C:\WINDOWS\SYSTEM32\WINMM.dll
0x00007ffb24050000 - 0x00007ffb240bc000 	C:\WINDOWS\System32\WS2_32.dll
0x00007ffb1cae0000 - 0x00007ffb1cb0a000 	C:\WINDOWS\SYSTEM32\winmmbase.dll
0x00007ffb214f0000 - 0x00007ffb21539000 	C:\WINDOWS\System32\cfgmgr32.dll
0x00007ffb1cfc0000 - 0x00007ffb1cfcf000 	C:\Users\Lenovo\AppData\Local\JetBrains\Toolbox\apps\AndroidStudio\ch-0\191.6010548\jre\jre\bin\verify.dll
0x00007ffb1b010000 - 0x00007ffb1b039000 	C:\Users\Lenovo\AppData\Local\JetBrains\Toolbox\apps\AndroidStudio\ch-0\191.6010548\jre\jre\bin\java.dll
0x00007ffb1c0f0000 - 0x00007ffb1c106000 	C:\Users\Lenovo\AppData\Local\JetBrains\Toolbox\apps\AndroidStudio\ch-0\191.6010548\jre\jre\bin\zip.dll
0x00007ffb224a0000 - 0x00007ffb238e5000 	C:\WINDOWS\System32\SHELL32.dll
0x00007ffb23c90000 - 0x00007ffb23d39000 	C:\WINDOWS\System32\shcore.dll
0x00007ffb20dc0000 - 0x00007ffb214d0000 	C:\WINDOWS\System32\windows.storage.dll
0x00007ffb240f0000 - 0x00007ffb24141000 	C:\WINDOWS\System32\shlwapi.dll
0x00007ffb204c0000 - 0x00007ffb204d1000 	C:\WINDOWS\System32\kernel.appcore.dll
0x00007ffb204a0000 - 0x00007ffb204bf000 	C:\WINDOWS\System32\profapi.dll
0x00007ffb204e0000 - 0x00007ffb2052c000 	C:\WINDOWS\System32\powrprof.dll
0x00007ffb20490000 - 0x00007ffb2049a000 	C:\WINDOWS\System32\FLTLIB.DLL
0x00007ffb1be10000 - 0x00007ffb1be2a000 	C:\Users\Lenovo\AppData\Local\JetBrains\Toolbox\apps\AndroidStudio\ch-0\191.6010548\jre\jre\bin\net.dll
0x00007ffb1fcd0000 - 0x00007ffb1fd36000 	C:\WINDOWS\system32\mswsock.dll
0x00007ffb1b9b0000 - 0x00007ffb1b9c1000 	C:\Users\Lenovo\AppData\Local\JetBrains\Toolbox\apps\AndroidStudio\ch-0\191.6010548\jre\jre\bin\nio.dll
0x00007ffb0e700000 - 0x00007ffb0e726000 	C:\Users\Lenovo\.gradle\native\29\windows-amd64\native-platform.dll
0x00007ffb1cf70000 - 0x00007ffb1cf7d000 	C:\Users\Lenovo\AppData\Local\JetBrains\Toolbox\apps\AndroidStudio\ch-0\191.6010548\jre\jre\bin\management.dll
0x00007ffb1fe80000 - 0x00007ffb1fe97000 	C:\WINDOWS\SYSTEM32\CRYPTSP.dll
0x00007ffb1f880000 - 0x00007ffb1f8b3000 	C:\WINDOWS\system32\rsaenh.dll
0x00007ffb1ffb0000 - 0x00007ffb1ffd5000 	C:\WINDOWS\SYSTEM32\bcrypt.dll
0x00007ffb203a0000 - 0x00007ffb203c8000 	C:\WINDOWS\SYSTEM32\USERENV.dll
0x00007ffb1fea0000 - 0x00007ffb1feab000 	C:\WINDOWS\SYSTEM32\CRYPTBASE.dll
0x00007ffb1fa20000 - 0x00007ffb1fa58000 	C:\WINDOWS\SYSTEM32\IPHLPAPI.DLL
0x00007ffb21e00000 - 0x00007ffb21e08000 	C:\WINDOWS\System32\NSI.dll
0x00007ffb16200000 - 0x00007ffb16216000 	C:\WINDOWS\SYSTEM32\dhcpcsvc6.DLL
0x00007ffb161e0000 - 0x00007ffb161fa000 	C:\WINDOWS\SYSTEM32\dhcpcsvc.DLL
0x00007ffadef60000 - 0x00007ffadf0fc000 	C:\Users\Lenovo\AppData\Local\JetBrains\Toolbox\apps\AndroidStudio\ch-0\191.6010548\jre\jre\bin\awt.dll
0x00007ffb217d0000 - 0x00007ffb21892000 	C:\WINDOWS\System32\OLEAUT32.dll
0x00007ffb1e880000 - 0x00007ffb1e8a9000 	C:\WINDOWS\SYSTEM32\dwmapi.dll
0x00007ffb1d390000 - 0x00007ffb1d957000 	C:\WINDOWS\SYSTEM32\d2d1.dll
0x00007ffb1e470000 - 0x00007ffb1e4fb000 	C:\WINDOWS\SYSTEM32\apphelp.dll
0x00007ffb1e5f0000 - 0x00007ffb1e688000 	C:\WINDOWS\system32\uxtheme.dll

VM Arguments:
jvm_args: -Xmx1536m -Dfile.encoding=GBK -Duser.country=CN -Duser.language=zh -Duser.variant 
java_command: org.gradle.launcher.daemon.bootstrap.GradleDaemon 5.4.1
java_class_path (initial): C:\Users\Lenovo\.gradle\wrapper\dists\gradle-5.4.1-all\3221gyojl5jsh0helicew7rwx\gradle-5.4.1\lib\gradle-launcher-5.4.1.jar
Launcher Type: SUN_STANDARD

Environment Variables:
JAVA_HOME=D:\Java\jdk-11.0.2
CLASSPATH=.;D:\Java\jdk-11.0.2\lib\dt.jar;D:\Java\jdk-11.0.2\lib\tools.jar;
PATH=D:\Java\jdk-11.0.2\bin;D:\Java\jdk-11.0.2\jre\bin;D:\app\QiQi\product\12.1.0\dbhome_1\bin;D:\app\QiQiiii\product\12.1.0\dbhome_1\bin;C:\Windows\system32;C:\Windows;C:\Windows\System32\Wbem;C:\Windows\System32\WindowsPowerShell\v1.0\;C:\Program Files (x86)\NVIDIA Corporation\PhysX\Common;C:\WINDOWS\system32;C:\WINDOWS;C:\WINDOWS\System32\Wbem;C:\WINDOWS\System32\WindowsPowerShell\v1.0\;C:\Program Files\dotnet\;C:\Users\Lenovo\Desktop\cocos2d-x-3.17\tools\cocos2d-console\bin;C:\Python27;C:\WINDOWS\System32\OpenSSH\;D:\python;D:\Git\Git\cmd;C:\Program Files\NVIDIA Corporation\NVIDIA NvDLISR;D:\Documents\nodejs\;D:\python\Scripts\;D:\python\;C:\Users\Lenovo\AppData\Local\Microsoft\WindowsApps;C:\Users\Lenovo\AppData\Local\GitHubDesktop\bin;C:\Users\Lenovo\Desktop\cocos2d-x-3.17\tools\cocos2d-console\bin;C:\Python27;;C:\Users\Lenovo\AppData\Local\Microsoft\WindowsApps;C:\Users\Lenovo\.dotnet\tools;D:\pycharm\PyCharm 2019.1.1\bin;;D:\WebStorm\WebStorm 2019.1.3\bin;;C:\Users\Lenovo\AppData\Roaming\npm
USERNAME=Lenovo
OS=Windows_NT
PROCESSOR_IDENTIFIER=Intel64 Family 6 Model 142 Stepping 9, GenuineIntel



---------------  S Y S T E M  ---------------

OS: Windows 10.0 , 64 bit Build 17134 (10.0.17134.753)

CPU:total 4 (initial active 4) (2 cores per cpu, 2 threads per core) family 6 model 142 stepping 9, cmov, cx8, fxsr, mmx, sse, sse2, sse3, ssse3, sse4.1, sse4.2, popcnt, avx, avx2, aes, clmul, erms, 3dnowpref, lzcnt, ht, tsc, tscinvbit, bmi1, bmi2, adx

Memory: 4k page, physical 8243596k(632788k free), swap 8243596k(5368k free)

vm_info: OpenJDK 64-Bit Server VM (25.202-b03) for windows-amd64 JRE (1.8.0_202-release-1483-b03), built by "builder" with MS VC++ 10.0 (VS2010)

time: Mon Dec 30 00:32:13 2019
timezone: 中国标准时间
elapsed time: 3063 seconds (0d 0h 51m 3s)

