#
# There is insufficient memory for the Java Runtime Environment to continue.
# Native memory allocation (malloc) failed to allocate 2113936 bytes for Chunk::new
# Possible reasons:
#   The system is out of physical RAM or swap space
#   The process is running with CompressedOops enabled, and the Java Heap may be blocking the growth of the native heap
# Possible solutions:
#   Reduce memory load on the system
#   Increase physical memory or swap space
#   Check if swap backing store is full
#   Decrease Java heap size (-Xmx/-Xms)
#   Decrease number of Java threads
#   Decrease Java thread stack sizes (-Xss)
#   Set larger code cache with -XX:ReservedCodeCacheSize=
#   JVM is running with Unscaled Compressed Oops mode in which the Java heap is
#     placed in the first 4GB address space. The Java Heap base address is the
#     maximum limit for the native heap growth. Please use -XX:HeapBaseMinAddress
#     to set the Java Heap base and to place the Java Heap above 4GB virtual address.
# This output file may be truncated or incomplete.
#
#  Out of Memory Error (allocation.cpp:389), pid=4952, tid=0x000000000000243c
#
# JRE version: OpenJDK Runtime Environment (8.0_202-b03) (build 1.8.0_202-release-1483-b03)
# Java VM: OpenJDK 64-Bit Server VM (25.202-b03 mixed mode windows-amd64 compressed oops)
# Failed to write core dump. Minidumps are not enabled by default on client versions of Windows
#

---------------  T H R E A D  ---------------

Current thread (0x0000000017649000):  JavaThread "C2 CompilerThread1" daemon [_thread_in_native, id=9276, stack(0x0000000017d40000,0x0000000017e40000)]

Stack: [0x0000000017d40000,0x0000000017e40000]
[error occurred during error reporting (printing stack bounds), id 0xc0000005]

Native frames: (J=compiled Java code, j=interpreted, Vv=VM code, C=native code)


Current CompileTask:
C2:   2716 1438   !   4       java.net.URLClassLoader$1::run (63 bytes)


---------------  P R O C E S S  ---------------

Java Threads: ( => current thread )
  0x0000000019164000 JavaThread "Cache worker for file hash cache (D:\Documents\GitHub\SoftwareEngineeringProject\YuRead\Android\.gradle\5.4.1\fileHashes)" [_thread_blocked, id=16032, stack(0x000000001cd60000,0x000000001ce60000)]
  0x0000000019167000 JavaThread "Cache worker for journal cache (C:\Users\Lenovo\.gradle\caches\journal-1)" [_thread_blocked, id=14908, stack(0x000000001bb90000,0x000000001bc90000)]
  0x0000000019167800 JavaThread "File lock request listener" [_thread_in_native, id=15968, stack(0x000000001ba90000,0x000000001bb90000)]
  0x0000000018e62800 JavaThread "Cache worker for file hash cache (C:\Users\Lenovo\.gradle\caches\5.4.1\fileHashes)" [_thread_in_vm, id=15984, stack(0x000000001b790000,0x000000001b890000)]
  0x0000000019319800 JavaThread "Thread-9" [_thread_blocked, id=15472, stack(0x000000001b690000,0x000000001b790000)]
  0x00000000188d0800 JavaThread "Stdin handler" [_thread_blocked, id=9424, stack(0x000000001b590000,0x000000001b690000)]
  0x00000000188cc000 JavaThread "Asynchronous log dispatcher for DefaultDaemonConnection: socket connection from /127.0.0.1:57900 to /127.0.0.1:57901" [_thread_blocked, id=6300, stack(0x000000001b490000,0x000000001b590000)]
  0x00000000182eb000 JavaThread "Daemon worker" [_thread_blocked, id=9788, stack(0x000000001b390000,0x000000001b490000)]
  0x00000000182ea800 JavaThread "Cancel handler" [_thread_blocked, id=3924, stack(0x000000001b290000,0x000000001b390000)]
  0x00000000190a6000 JavaThread "Handler for socket connection from /127.0.0.1:57900 to /127.0.0.1:57901" [_thread_in_native, id=15804, stack(0x000000001af90000,0x000000001b090000)]
  0x00000000190a1800 JavaThread "Daemon" [_thread_blocked, id=13684, stack(0x000000001ae90000,0x000000001af90000)]
  0x0000000018209000 JavaThread "Daemon periodic checks" [_thread_blocked, id=16308, stack(0x000000001ad90000,0x000000001ae90000)]
  0x00000000195f1000 JavaThread "Incoming local TCP Connector on port 57900" [_thread_in_native, id=13524, stack(0x000000001abe0000,0x000000001ace0000)]
  0x00000000199bc000 JavaThread "Daemon health stats" [_thread_blocked, id=15864, stack(0x000000001a8e0000,0x000000001a9e0000)]
  0x00000000176d1000 JavaThread "Service Thread" daemon [_thread_blocked, id=10404, stack(0x0000000017f40000,0x0000000018040000)]
  0x0000000017656800 JavaThread "C1 CompilerThread2" daemon [_thread_blocked, id=15812, stack(0x0000000017e40000,0x0000000017f40000)]
=>0x0000000017649000 JavaThread "C2 CompilerThread1" daemon [_thread_in_native, id=9276, stack(0x0000000017d40000,0x0000000017e40000)]
  0x00000000162ff800 JavaThread "C2 CompilerThread0" daemon [_thread_in_native, id=11632, stack(0x0000000017c40000,0x0000000017d40000)]
  0x00000000162fe800 JavaThread "Attach Listener" daemon [_thread_blocked, id=15768, stack(0x0000000017b40000,0x0000000017c40000)]
  0x0000000017648800 JavaThread "Signal Dispatcher" daemon [_thread_blocked, id=15772, stack(0x0000000017a40000,0x0000000017b40000)]
  0x000000000297b000 JavaThread "Finalizer" daemon [_thread_blocked, id=1032, stack(0x0000000017540000,0x0000000017640000)]
  0x0000000002972000 JavaThread "Reference Handler" daemon [_thread_blocked, id=1140, stack(0x0000000017440000,0x0000000017540000)]
  0x00000000024ae800 JavaThread "main" [_thread_blocked, id=12600, stack(0x0000000002370000,0x0000000002470000)]

Other Threads:
  0x00000000162b6800 VMThread [stack: 0x0000000017340000,0x0000000017440000] [id=15876]
  0x00000000176d1800 WatcherThread [stack: 0x0000000018040000,0x0000000018140000] [id=15776]

VM state:not at safepoint (normal execution)

VM Mutex/Monitor currently owned by a thread: None

heap address: 0x00000000a0000000, size: 1536 MB, Compressed Oops mode: 32-bit
Narrow klass base: 0x0000000000000000, Narrow klass shift: 3
Compressed class space size: 1073741824 Address: 0x0000000100000000

Heap:
 PSYoungGen      total 37888K, used 29767K [0x00000000e0000000, 0x00000000e4a00000, 0x0000000100000000)
  eden space 32768K, 75% used [0x00000000e0000000,0x00000000e18284e0,0x00000000e2000000)
  from space 5120K, 99% used [0x00000000e2500000,0x00000000e29fa020,0x00000000e2a00000)
  to   space 5120K, 0% used [0x00000000e2000000,0x00000000e2000000,0x00000000e2500000)
 ParOldGen       total 86016K, used 5365K [0x00000000a0000000, 0x00000000a5400000, 0x00000000e0000000)
  object space 86016K, 6% used [0x00000000a0000000,0x00000000a053d730,0x00000000a5400000)
 Metaspace       used 18248K, capacity 18780K, committed 19072K, reserved 1064960K
  class space    used 2648K, capacity 2850K, committed 2944K, reserved 1048576K

Card table byte_map: [0x0000000011d40000,0x0000000012050000] byte_map_base: 0x0000000011840000

Marking Bits: (ParMarkBitMap*) 0x0000000066999f30
 Begin Bits: [0x0000000012650000, 0x0000000013e50000)
 End Bits:   [0x0000000013e50000, 0x0000000015650000)

Polling page: 0x0000000000b90000

CodeCache: size=245760Kb used=5438Kb max_used=5438Kb free=240321Kb
 bounds [0x0000000002980000, 0x0000000002ee0000, 0x0000000011980000]
 total_blobs=1996 nmethods=1585 adapters=324
 compilation: enabled

Compilation events (10 events):
Event: 2.684 Thread 0x0000000017656800 1588       3       java.security.MessageDigest::update (14 bytes)
Event: 2.684 Thread 0x0000000017656800 nmethod 1588 0x0000000002ecc3d0 code [0x0000000002ecc540, 0x0000000002ecc788]
Event: 2.685 Thread 0x0000000017656800 1590       3       java.io.ByteArrayOutputStream::grow (43 bytes)
Event: 2.685 Thread 0x0000000017656800 nmethod 1590 0x0000000002ecce50 code [0x0000000002ecd000, 0x0000000002ecd5f8]
Event: 2.685 Thread 0x0000000017656800 1591       3       java.lang.Class::getDeclaredMethod (67 bytes)
Event: 2.686 Thread 0x0000000017656800 nmethod 1591 0x0000000002ecd850 code [0x0000000002ecdaa0, 0x0000000002ece758]
Event: 2.686 Thread 0x0000000017656800 1592       1       java.io.ObjectStreamClass$WeakClassKey::hashCode (5 bytes)
Event: 2.686 Thread 0x0000000017656800 nmethod 1592 0x0000000002eced10 code [0x0000000002ecee60, 0x0000000002ecef70]
Event: 2.689 Thread 0x0000000017656800 1593       3       java.util.regex.Pattern$Branch::match (66 bytes)
Event: 2.689 Thread 0x0000000017656800 nmethod 1593 0x0000000002ecf410 code [0x0000000002ecf5a0, 0x0000000002ecfa78]

GC Heap History (8 events):
Event: 0.827 GC heap before
{Heap before GC invocations=1 (full 0):
 PSYoungGen      total 37888K, used 32768K [0x00000000e0000000, 0x00000000e2a00000, 0x0000000100000000)
  eden space 32768K, 100% used [0x00000000e0000000,0x00000000e2000000,0x00000000e2000000)
  from space 5120K, 0% used [0x00000000e2500000,0x00000000e2500000,0x00000000e2a00000)
  to   space 5120K, 0% used [0x00000000e2000000,0x00000000e2000000,0x00000000e2500000)
 ParOldGen       total 86016K, used 0K [0x00000000a0000000, 0x00000000a5400000, 0x00000000e0000000)
  object space 86016K, 0% used [0x00000000a0000000,0x00000000a0000000,0x00000000a5400000)
 Metaspace       used 7007K, capacity 7258K, committed 7424K, reserved 1056768K
  class space    used 852K, capacity 910K, committed 1024K, reserved 1048576K
Event: 0.832 GC heap after
Heap after GC invocations=1 (full 0):
 PSYoungGen      total 37888K, used 4533K [0x00000000e0000000, 0x00000000e2a00000, 0x0000000100000000)
  eden space 32768K, 0% used [0x00000000e0000000,0x00000000e0000000,0x00000000e2000000)
  from space 5120K, 88% used [0x00000000e2000000,0x00000000e246d630,0x00000000e2500000)
  to   space 5120K, 0% used [0x00000000e2500000,0x00000000e2500000,0x00000000e2a00000)
 ParOldGen       total 86016K, used 8K [0x00000000a0000000, 0x00000000a5400000, 0x00000000e0000000)
  object space 86016K, 0% used [0x00000000a0000000,0x00000000a0002000,0x00000000a5400000)
 Metaspace       used 7007K, capacity 7258K, committed 7424K, reserved 1056768K
  class space    used 852K, capacity 910K, committed 1024K, reserved 1048576K
}
Event: 1.201 GC heap before
{Heap before GC invocations=2 (full 0):
 PSYoungGen      total 37888K, used 37301K [0x00000000e0000000, 0x00000000e2a00000, 0x0000000100000000)
  eden space 32768K, 100% used [0x00000000e0000000,0x00000000e2000000,0x00000000e2000000)
  from space 5120K, 88% used [0x00000000e2000000,0x00000000e246d630,0x00000000e2500000)
  to   space 5120K, 0% used [0x00000000e2500000,0x00000000e2500000,0x00000000e2a00000)
 ParOldGen       total 86016K, used 8K [0x00000000a0000000, 0x00000000a5400000, 0x00000000e0000000)
  object space 86016K, 0% used [0x00000000a0000000,0x00000000a0002000,0x00000000a5400000)
 Metaspace       used 8691K, capacity 9014K, committed 9216K, reserved 1056768K
  class space    used 1114K, capacity 1177K, committed 1280K, reserved 1048576K
Event: 1.204 GC heap after
Heap after GC invocations=2 (full 0):
 PSYoungGen      total 37888K, used 4636K [0x00000000e0000000, 0x00000000e2a00000, 0x0000000100000000)
  eden space 32768K, 0% used [0x00000000e0000000,0x00000000e0000000,0x00000000e2000000)
  from space 5120K, 90% used [0x00000000e2500000,0x00000000e29873c8,0x00000000e2a00000)
  to   space 5120K, 0% used [0x00000000e2000000,0x00000000e2000000,0x00000000e2500000)
 ParOldGen       total 86016K, used 16K [0x00000000a0000000, 0x00000000a5400000, 0x00000000e0000000)
  object space 86016K, 0% used [0x00000000a0000000,0x00000000a0004000,0x00000000a5400000)
 Metaspace       used 8691K, capacity 9014K, committed 9216K, reserved 1056768K
  class space    used 1114K, capacity 1177K, committed 1280K, reserved 1048576K
}
Event: 2.172 GC heap before
{Heap before GC invocations=3 (full 0):
 PSYoungGen      total 37888K, used 37404K [0x00000000e0000000, 0x00000000e2a00000, 0x0000000100000000)
  eden space 32768K, 100% used [0x00000000e0000000,0x00000000e2000000,0x00000000e2000000)
  from space 5120K, 90% used [0x00000000e2500000,0x00000000e29873c8,0x00000000e2a00000)
  to   space 5120K, 0% used [0x00000000e2000000,0x00000000e2000000,0x00000000e2500000)
 ParOldGen       total 86016K, used 16K [0x00000000a0000000, 0x00000000a5400000, 0x00000000e0000000)
  object space 86016K, 0% used [0x00000000a0000000,0x00000000a0004000,0x00000000a5400000)
 Metaspace       used 13291K, capacity 13772K, committed 14080K, reserved 1060864K
  class space    used 1826K, capacity 1970K, committed 2048K, reserved 1048576K
Event: 2.179 GC heap after
Heap after GC invocations=3 (full 0):
 PSYoungGen      total 37888K, used 5096K [0x00000000e0000000, 0x00000000e2a00000, 0x0000000100000000)
  eden space 32768K, 0% used [0x00000000e0000000,0x00000000e0000000,0x00000000e2000000)
  from space 5120K, 99% used [0x00000000e2000000,0x00000000e24fa040,0x00000000e2500000)
  to   space 5120K, 0% used [0x00000000e2500000,0x00000000e2500000,0x00000000e2a00000)
 ParOldGen       total 86016K, used 2100K [0x00000000a0000000, 0x00000000a5400000, 0x00000000e0000000)
  object space 86016K, 2% used [0x00000000a0000000,0x00000000a020d1f8,0x00000000a5400000)
 Metaspace       used 13291K, capacity 13772K, committed 14080K, reserved 1060864K
  class space    used 1826K, capacity 1970K, committed 2048K, reserved 1048576K
}
Event: 2.456 GC heap before
{Heap before GC invocations=4 (full 0):
 PSYoungGen      total 37888K, used 37864K [0x00000000e0000000, 0x00000000e2a00000, 0x0000000100000000)
  eden space 32768K, 100% used [0x00000000e0000000,0x00000000e2000000,0x00000000e2000000)
  from space 5120K, 99% used [0x00000000e2000000,0x00000000e24fa040,0x00000000e2500000)
  to   space 5120K, 0% used [0x00000000e2500000,0x00000000e2500000,0x00000000e2a00000)
 ParOldGen       total 86016K, used 2100K [0x00000000a0000000, 0x00000000a5400000, 0x00000000e0000000)
  object space 86016K, 2% used [0x00000000a0000000,0x00000000a020d1f8,0x00000000a5400000)
 Metaspace       used 16004K, capacity 16476K, committed 16512K, reserved 1062912K
  class space    used 2279K, capacity 2428K, committed 2432K, reserved 1048576K
Event: 2.467 GC heap after
Heap after GC invocations=4 (full 0):
 PSYoungGen      total 37888K, used 5096K [0x00000000e0000000, 0x00000000e4a00000, 0x0000000100000000)
  eden space 32768K, 0% used [0x00000000e0000000,0x00000000e0000000,0x00000000e2000000)
  from space 5120K, 99% used [0x00000000e2500000,0x00000000e29fa020,0x00000000e2a00000)
  to   space 5120K, 0% used [0x00000000e2000000,0x00000000e2000000,0x00000000e2500000)
 ParOldGen       total 86016K, used 5365K [0x00000000a0000000, 0x00000000a5400000, 0x00000000e0000000)
  object space 86016K, 6% used [0x00000000a0000000,0x00000000a053d730,0x00000000a5400000)
 Metaspace       used 16004K, capacity 16476K, committed 16512K, reserved 1062912K
  class space    used 2279K, capacity 2428K, committed 2432K, reserved 1048576K
}

Deoptimization events (10 events):
Event: 2.041 Thread 0x00000000182eb000 Uncommon trap: reason=class_check action=maybe_recompile pc=0x0000000002bfff78 method=java.util.HashMap.putVal(ILjava/lang/Object;Ljava/lang/Object;ZZ)Ljava/lang/Object; @ 203
Event: 2.041 Thread 0x00000000182eb000 Uncommon trap: reason=bimorphic action=maybe_recompile pc=0x0000000002bffa74 method=java.util.HashMap.putVal(ILjava/lang/Object;Ljava/lang/Object;ZZ)Ljava/lang/Object; @ 253
Event: 2.041 Thread 0x00000000182eb000 Uncommon trap: reason=bimorphic action=maybe_recompile pc=0x0000000002bffa74 method=java.util.HashMap.putVal(ILjava/lang/Object;Ljava/lang/Object;ZZ)Ljava/lang/Object; @ 253
Event: 2.041 Thread 0x00000000182eb000 Uncommon trap: reason=bimorphic action=maybe_recompile pc=0x0000000002bee060 method=java.util.HashMap.putVal(ILjava/lang/Object;Ljava/lang/Object;ZZ)Ljava/lang/Object; @ 253
Event: 2.186 Thread 0x00000000182eb000 Uncommon trap: reason=class_check action=maybe_recompile pc=0x0000000002c53858 method=java.util.regex.Matcher.match(II)Z @ 86
Event: 2.194 Thread 0x00000000182eb000 Uncommon trap: reason=class_check action=maybe_recompile pc=0x0000000002c53858 method=java.util.regex.Matcher.match(II)Z @ 86
Event: 2.195 Thread 0x00000000182eb000 Uncommon trap: reason=class_check action=maybe_recompile pc=0x0000000002c53858 method=java.util.regex.Matcher.match(II)Z @ 86
Event: 2.195 Thread 0x00000000182eb000 Uncommon trap: reason=class_check action=maybe_recompile pc=0x0000000002c143dc method=java.util.regex.Matcher.match(II)Z @ 86
Event: 2.367 Thread 0x00000000182eb000 Uncommon trap: reason=unstable_if action=reinterpret pc=0x0000000002d39ab4 method=java.lang.String.lastIndexOf([CII[CIII)I @ 66
Event: 2.675 Thread 0x00000000182eb000 Uncommon trap: reason=unstable_if action=reinterpret pc=0x0000000002c52140 method=java.io.File.getName()Ljava/lang/String; @ 16

Classes redefined (0 events):
No events

Internal exceptions (10 events):
Event: 1.996 Thread 0x00000000190a6000 Exception <a 'java/lang/NoSuchMethodError': <clinit>> (0x00000000e0b47760) thrown at [D:\src\AOSP-openjdk-cygwin\jdk8u\hotspot\src\share\vm\prims\jni.cpp, line 1614]
Event: 1.998 Thread 0x00000000190a6000 Exception <a 'java/lang/NoSuchMethodError': <clinit>> (0x00000000e0b5e000) thrown at [D:\src\AOSP-openjdk-cygwin\jdk8u\hotspot\src\share\vm\prims\jni.cpp, line 1614]
Event: 2.006 Thread 0x00000000190a6000 Exception <a 'java/lang/NoSuchMethodError': <clinit>> (0x00000000e0bbc038) thrown at [D:\src\AOSP-openjdk-cygwin\jdk8u\hotspot\src\share\vm\prims\jni.cpp, line 1614]
Event: 2.013 Thread 0x00000000190a6000 Exception <a 'java/lang/NoSuchMethodError': <clinit>> (0x00000000e0be8d48) thrown at [D:\src\AOSP-openjdk-cygwin\jdk8u\hotspot\src\share\vm\prims\jni.cpp, line 1614]
Event: 2.021 Thread 0x00000000190a6000 Exception <a 'java/lang/NoSuchMethodError': <clinit>> (0x00000000e0c16cf0) thrown at [D:\src\AOSP-openjdk-cygwin\jdk8u\hotspot\src\share\vm\prims\jni.cpp, line 1614]
Event: 2.021 Thread 0x00000000190a6000 Exception <a 'java/lang/NoSuchMethodError': <clinit>> (0x00000000e0c220f8) thrown at [D:\src\AOSP-openjdk-cygwin\jdk8u\hotspot\src\share\vm\prims\jni.cpp, line 1614]
Event: 2.684 Thread 0x0000000019319800 Exception <a 'java/lang/NoSuchMethodError': <clinit>> (0x00000000e14c2928) thrown at [D:\src\AOSP-openjdk-cygwin\jdk8u\hotspot\src\share\vm\prims\jni.cpp, line 1614]
Event: 2.684 Thread 0x0000000019319800 Exception <a 'java/lang/NoSuchMethodError': <clinit>> (0x00000000e14c4d10) thrown at [D:\src\AOSP-openjdk-cygwin\jdk8u\hotspot\src\share\vm\prims\jni.cpp, line 1614]
Event: 2.685 Thread 0x0000000019319800 Exception <a 'java/lang/NoSuchMethodError': <clinit>> (0x00000000e14ceb48) thrown at [D:\src\AOSP-openjdk-cygwin\jdk8u\hotspot\src\share\vm\prims\jni.cpp, line 1614]
Event: 2.686 Thread 0x0000000019319800 Exception <a 'java/lang/NoSuchMethodError': <clinit>> (0x00000000e14ddd08) thrown at [D:\src\AOSP-openjdk-cygwin\jdk8u\hotspot\src\share\vm\prims\jni.cpp, line 1614]

Events (10 events):
Event: 2.698 loading class java/nio/charset/CharacterCodingException
Event: 2.698 loading class java/nio/charset/CharacterCodingException done
Event: 2.699 loading class org/gradle/internal/io/StreamByteBuffer$StreamByteBufferChunk
Event: 2.699 loading class org/gradle/internal/io/StreamByteBuffer$StreamByteBufferChunk done
Event: 2.700 loading class org/gradle/internal/serialize/ExceptionReplacingObjectInputStream$1
Event: 2.700 loading class org/gradle/internal/serialize/ExceptionReplacingObjectInputStream$1 done
Event: 2.701 loading class org/gradle/internal/classpath/DefaultCachedClasspathTransformer$1
Event: 2.701 loading class org/gradle/internal/classpath/DefaultCachedClasspathTransformer$1 done
Event: 2.702 loading class org/gradle/internal/classpath/DefaultCachedClasspathTransformer$CachedJarFileTransformer$1
Event: 2.702 loading class org/gradle/internal/classpath/DefaultCachedClasspathTransformer$CachedJarFileTransformer$1 done


Dynamic libraries:
0x00007ff67f8c0000 - 0x00007ff67f8f1000 	C:\Users\Lenovo\AppData\Local\JetBrains\Toolbox\apps\AndroidStudio\ch-0\191.6010548\jre\bin\java.exe
0x00007ffb80e90000 - 0x00007ffb81071000 	C:\WINDOWS\SYSTEM32\ntdll.dll
0x00007ffb7eb60000 - 0x00007ffb7ec11000 	C:\WINDOWS\System32\KERNEL32.DLL
0x00007ffb7e080000 - 0x00007ffb7e2f3000 	C:\WINDOWS\System32\KERNELBASE.dll
0x00007ffb7e930000 - 0x00007ffb7e9d1000 	C:\WINDOWS\System32\ADVAPI32.dll
0x00007ffb7e830000 - 0x00007ffb7e8ce000 	C:\WINDOWS\System32\msvcrt.dll
0x00007ffb7e740000 - 0x00007ffb7e79b000 	C:\WINDOWS\System32\sechost.dll
0x00007ffb7e610000 - 0x00007ffb7e734000 	C:\WINDOWS\System32\RPCRT4.dll
0x00007ffb7e300000 - 0x00007ffb7e491000 	C:\WINDOWS\System32\USER32.dll
0x00007ffb7df40000 - 0x00007ffb7df60000 	C:\WINDOWS\System32\win32u.dll
0x00007ffb7e900000 - 0x00007ffb7e928000 	C:\WINDOWS\System32\GDI32.dll
0x00007ffb7d340000 - 0x00007ffb7d4d1000 	C:\WINDOWS\System32\gdi32full.dll
0x00007ffb7dfe0000 - 0x00007ffb7e07f000 	C:\WINDOWS\System32\msvcp_win.dll
0x00007ffb7de40000 - 0x00007ffb7df38000 	C:\WINDOWS\System32\ucrtbase.dll
0x00007ffb6da30000 - 0x00007ffb6dc99000 	C:\WINDOWS\WinSxS\amd64_microsoft.windows.common-controls_6595b64144ccf1df_6.0.17134.1184_none_d403e8b37c8ca406\COMCTL32.dll
0x00007ffb80b30000 - 0x00007ffb80e51000 	C:\WINDOWS\System32\combase.dll
0x00007ffb7df60000 - 0x00007ffb7dfd9000 	C:\WINDOWS\System32\bcryptPrimitives.dll
0x00007ffb7e8d0000 - 0x00007ffb7e8fd000 	C:\WINDOWS\System32\IMM32.DLL
0x00000000672f0000 - 0x00000000673c2000 	C:\Users\Lenovo\AppData\Local\JetBrains\Toolbox\apps\AndroidStudio\ch-0\191.6010548\jre\jre\bin\msvcr100.dll
0x00000000661d0000 - 0x0000000066a16000 	C:\Users\Lenovo\AppData\Local\JetBrains\Toolbox\apps\AndroidStudio\ch-0\191.6010548\jre\jre\bin\server\jvm.dll
0x00007ffb7e820000 - 0x00007ffb7e828000 	C:\WINDOWS\System32\PSAPI.DLL
0x00007ffb72000000 - 0x00007ffb7200a000 	C:\WINDOWS\SYSTEM32\VERSION.dll
0x00007ffb79ca0000 - 0x00007ffb79cc3000 	C:\WINDOWS\SYSTEM32\WINMM.dll
0x00007ffb5e560000 - 0x00007ffb5e569000 	C:\WINDOWS\SYSTEM32\WSOCK32.dll
0x00007ffb7ec20000 - 0x00007ffb7ec8c000 	C:\WINDOWS\System32\WS2_32.dll
0x00007ffb79c70000 - 0x00007ffb79c9a000 	C:\WINDOWS\SYSTEM32\winmmbase.dll
0x00007ffb7d240000 - 0x00007ffb7d289000 	C:\WINDOWS\System32\cfgmgr32.dll
0x00007ffb76bf0000 - 0x00007ffb76bff000 	C:\Users\Lenovo\AppData\Local\JetBrains\Toolbox\apps\AndroidStudio\ch-0\191.6010548\jre\jre\bin\verify.dll
0x00007ffb706f0000 - 0x00007ffb70719000 	C:\Users\Lenovo\AppData\Local\JetBrains\Toolbox\apps\AndroidStudio\ch-0\191.6010548\jre\jre\bin\java.dll
0x00007ffb74760000 - 0x00007ffb74776000 	C:\Users\Lenovo\AppData\Local\JetBrains\Toolbox\apps\AndroidStudio\ch-0\191.6010548\jre\jre\bin\zip.dll
0x00007ffb7ec90000 - 0x00007ffb800d5000 	C:\WINDOWS\System32\SHELL32.dll
0x00007ffb80470000 - 0x00007ffb80519000 	C:\WINDOWS\System32\shcore.dll
0x00007ffb7d6d0000 - 0x00007ffb7dde0000 	C:\WINDOWS\System32\windows.storage.dll
0x00007ffb80520000 - 0x00007ffb80571000 	C:\WINDOWS\System32\shlwapi.dll
0x00007ffb7d220000 - 0x00007ffb7d231000 	C:\WINDOWS\System32\kernel.appcore.dll
0x00007ffb7d180000 - 0x00007ffb7d19f000 	C:\WINDOWS\System32\profapi.dll
0x00007ffb7d1a0000 - 0x00007ffb7d1ec000 	C:\WINDOWS\System32\powrprof.dll
0x00007ffb7d210000 - 0x00007ffb7d21a000 	C:\WINDOWS\System32\FLTLIB.DLL
0x00007ffb6dd00000 - 0x00007ffb6dd1a000 	C:\Users\Lenovo\AppData\Local\JetBrains\Toolbox\apps\AndroidStudio\ch-0\191.6010548\jre\jre\bin\net.dll
0x00007ffb7c9e0000 - 0x00007ffb7ca46000 	C:\WINDOWS\system32\mswsock.dll
0x00007ffb6b8a0000 - 0x00007ffb6b8b1000 	C:\Users\Lenovo\AppData\Local\JetBrains\Toolbox\apps\AndroidStudio\ch-0\191.6010548\jre\jre\bin\nio.dll
0x00007ffb63ed0000 - 0x00007ffb63ef6000 	C:\Users\Lenovo\.gradle\native\29\windows-amd64\native-platform.dll
0x00007ffb74d10000 - 0x00007ffb74d1d000 	C:\Users\Lenovo\AppData\Local\JetBrains\Toolbox\apps\AndroidStudio\ch-0\191.6010548\jre\jre\bin\management.dll
0x00007ffb7cb90000 - 0x00007ffb7cba7000 	C:\WINDOWS\SYSTEM32\CRYPTSP.dll
0x00007ffb7c590000 - 0x00007ffb7c5c3000 	C:\WINDOWS\system32\rsaenh.dll
0x00007ffb7ccc0000 - 0x00007ffb7cce5000 	C:\WINDOWS\SYSTEM32\bcrypt.dll
0x00007ffb7d080000 - 0x00007ffb7d0a8000 	C:\WINDOWS\SYSTEM32\USERENV.dll
0x00007ffb7cbb0000 - 0x00007ffb7cbbb000 	C:\WINDOWS\SYSTEM32\CRYPTBASE.dll
0x00007ffb7c730000 - 0x00007ffb7c768000 	C:\WINDOWS\SYSTEM32\IPHLPAPI.DLL
0x00007ffb7e600000 - 0x00007ffb7e608000 	C:\WINDOWS\System32\NSI.dll
0x00007ffb720b0000 - 0x00007ffb720c6000 	C:\WINDOWS\SYSTEM32\dhcpcsvc6.DLL
0x00007ffb72010000 - 0x00007ffb7202a000 	C:\WINDOWS\SYSTEM32\dhcpcsvc.DLL

VM Arguments:
jvm_args: -Xmx1536m -Dfile.encoding=GBK -Duser.country=CN -Duser.language=zh -Duser.variant 
java_command: org.gradle.launcher.daemon.bootstrap.GradleDaemon 5.4.1
java_class_path (initial): C:\Users\Lenovo\.gradle\wrapper\dists\gradle-5.4.1-all\3221gyojl5jsh0helicew7rwx\gradle-5.4.1\lib\gradle-launcher-5.4.1.jar
Launcher Type: SUN_STANDARD

Environment Variables:
JAVA_HOME=D:\Java\jdk-11.0.2
CLASSPATH=.;D:\Java\jdk-11.0.2\lib\dt.jar;D:\Java\jdk-11.0.2\lib\tools.jar;
PATH=D:\Java\jdk-11.0.2\bin;D:\Java\jdk-11.0.2\jre\bin;D:\app\QiQi\product\12.1.0\dbhome_1\bin;D:\app\QiQiiii\product\12.1.0\dbhome_1\bin;C:\Windows\system32;C:\Windows;C:\Windows\System32\Wbem;C:\Windows\System32\WindowsPowerShell\v1.0\;C:\Program Files (x86)\NVIDIA Corporation\PhysX\Common;C:\WINDOWS\system32;C:\WINDOWS;C:\WINDOWS\System32\Wbem;C:\WINDOWS\System32\WindowsPowerShell\v1.0\;C:\Program Files\dotnet\;C:\Users\Lenovo\Desktop\cocos2d-x-3.17\tools\cocos2d-console\bin;C:\Python27;C:\WINDOWS\System32\OpenSSH\;D:\python;D:\Git\Git\cmd;C:\Program Files\NVIDIA Corporation\NVIDIA NvDLISR;D:\Documents\nodejs\;D:\python\Scripts\;D:\python\;C:\Users\Lenovo\AppData\Local\Microsoft\WindowsApps;C:\Users\Lenovo\AppData\Local\GitHubDesktop\bin;C:\Users\Lenovo\Desktop\cocos2d-x-3.17\tools\cocos2d-console\bin;C:\Python27;;C:\Users\Lenovo\AppData\Local\Microsoft\WindowsApps;C:\Users\Lenovo\.dotnet\tools;D:\pycharm\PyCharm 2019.1.1\bin;;D:\WebStorm\WebStorm 2019.1.3\bin;;C:\Users\Lenovo\AppData\Roaming\npm
USERNAME=Lenovo
OS=Windows_NT
PROCESSOR_IDENTIFIER=Intel64 Family 6 Model 142 Stepping 9, GenuineIntel



---------------  S Y S T E M  ---------------

OS: Windows 10.0 , 64 bit Build 17134 (10.0.17134.753)

CPU:total 4 (initial active 4) (2 cores per cpu, 2 threads per core) family 6 model 142 stepping 9, cmov, cx8, fxsr, mmx, sse, sse2, sse3, ssse3, sse4.1, sse4.2, popcnt, avx, avx2, aes, clmul, erms, 3dnowpref, lzcnt, ht, tsc, tscinvbit, bmi1, bmi2, adx

Memory: 4k page, physical 8243596k(1161372k free), swap 8243596k(6908k free)

vm_info: OpenJDK 64-Bit Server VM (25.202-b03) for windows-amd64 JRE (1.8.0_202-release-1483-b03), built by "builder" with MS VC++ 10.0 (VS2010)

time: Sat Jan 04 21:28:01 2020
timezone: 中国标准时间
elapsed time: 2 seconds (0d 0h 0m 2s)

