#
# There is insufficient memory for the Java Runtime Environment to continue.
# Native memory allocation (malloc) failed to allocate 1134256 bytes for Chunk::new
# Possible reasons:
#   The system is out of physical RAM or swap space
#   The process is running with CompressedOops enabled, and the Java Heap may be blocking the growth of the native heap
# Possible solutions:
#   Reduce memory load on the system
#   Increase physical memory or swap space
#   Check if swap backing store is full
#   Decrease Java heap size (-Xmx/-Xms)
#   Decrease number of Java threads
#   Decrease Java thread stack sizes (-Xss)
#   Set larger code cache with -XX:ReservedCodeCacheSize=
#   JVM is running with Unscaled Compressed Oops mode in which the Java heap is
#     placed in the first 4GB address space. The Java Heap base address is the
#     maximum limit for the native heap growth. Please use -XX:HeapBaseMinAddress
#     to set the Java Heap base and to place the Java Heap above 4GB virtual address.
# This output file may be truncated or incomplete.
#
#  Out of Memory Error (allocation.cpp:389), pid=2052, tid=0x0000000000002768
#
# JRE version: OpenJDK Runtime Environment (8.0_202-b03) (build 1.8.0_202-release-1483-b03)
# Java VM: OpenJDK 64-Bit Server VM (25.202-b03 mixed mode windows-amd64 compressed oops)
# Failed to write core dump. Minidumps are not enabled by default on client versions of Windows
#

---------------  T H R E A D  ---------------

Current thread (0x00000000161fa000):  JavaThread "C2 CompilerThread0" daemon [_thread_in_native, id=10088, stack(0x0000000017af0000,0x0000000017bf0000)]

Stack: [0x0000000017af0000,0x0000000017bf0000]
[error occurred during error reporting (printing stack bounds), id 0xc0000005]

Native frames: (J=compiled Java code, j=interpreted, Vv=VM code, C=native code)


Current CompileTask:
C2:5093460 23256       4       org.gradle.internal.Try$Success::ifSuccessfulOrElse (11 bytes)


---------------  P R O C E S S  ---------------

Java Threads: ( => current thread )
  0x000000001a241000 JavaThread "Cache worker for Java compile cache (D:\Documents\GitHub\SoftwareEngineeringProject\YuRead\Android\.gradle\5.4.1\javaCompile)" [_thread_blocked, id=8036, stack(0x00000000317a0000,0x00000000318a0000)]
  0x000000001a247800 JavaThread "Cache worker for execution history cache (D:\Documents\GitHub\SoftwareEngineeringProject\YuRead\Android\.gradle\5.4.1\executionHistory)" [_thread_blocked, id=4656, stack(0x00000000316a0000,0x00000000317a0000)]
  0x000000001a246000 JavaThread "Execution worker for ':' Thread 3" [_thread_in_native, id=15444, stack(0x00000000315a0000,0x00000000316a0000)]
  0x000000001a244000 JavaThread "Execution worker for ':' Thread 2" [_thread_blocked, id=2856, stack(0x00000000314a0000,0x00000000315a0000)]
  0x000000001a243000 JavaThread "Execution worker for ':'" [_thread_blocked, id=14204, stack(0x00000000313a0000,0x00000000314a0000)]
  0x000000001a241800 JavaThread "Cache worker for file content cache (D:\Documents\GitHub\SoftwareEngineeringProject\YuRead\Android\.gradle\5.4.1\fileContent)" [_thread_blocked, id=12240, stack(0x00000000312a0000,0x00000000313a0000)]
  0x0000000019d68800 JavaThread "Cache worker for Build Output Cleanup Cache (D:\Documents\GitHub\SoftwareEngineeringProject\YuRead\Android\.gradle\buildOutputCleanup)" [_thread_blocked, id=2888, stack(0x00000000311a0000,0x00000000312a0000)]
  0x0000000019d67800 JavaThread "Build operations Thread 4" [_thread_blocked, id=7352, stack(0x00000000310a0000,0x00000000311a0000)]
  0x0000000019d67000 JavaThread "Build operations Thread 3" [_thread_blocked, id=11396, stack(0x0000000030fa0000,0x00000000310a0000)]
  0x0000000019d5f800 JavaThread "Build operations Thread 2" [_thread_blocked, id=5480, stack(0x0000000030ea0000,0x0000000030fa0000)]
  0x0000000019d64800 JavaThread "Build operations" [_thread_blocked, id=10664, stack(0x0000000030da0000,0x0000000030ea0000)]
  0x0000000019d64000 JavaThread "Cache worker for cache directory md-rule (C:\Users\Lenovo\.gradle\caches\5.4.1\md-rule)" [_thread_blocked, id=7596, stack(0x0000000030ca0000,0x0000000030da0000)]
  0x0000000019d65800 JavaThread "Cache worker for cache directory md-supplier (C:\Users\Lenovo\.gradle\caches\5.4.1\md-supplier)" [_thread_blocked, id=4192, stack(0x0000000030ba0000,0x0000000030ca0000)]
  0x0000000019d61800 JavaThread "Cache worker for file hash cache (D:\Documents\GitHub\SoftwareEngineeringProject\YuRead\Android\.gradle\5.4.1\fileHashes)" [_thread_blocked, id=2752, stack(0x0000000030aa0000,0x0000000030ba0000)]
  0x0000000019d5b800 JavaThread "Thread-155" [_thread_blocked, id=5228, stack(0x00000000309a0000,0x0000000030aa0000)]
  0x0000000019d5e800 JavaThread "Stdin handler" [_thread_blocked, id=16024, stack(0x00000000308a0000,0x00000000309a0000)]
  0x0000000019d61000 JavaThread "Asynchronous log dispatcher for DefaultDaemonConnection: socket connection from /127.0.0.1:55205 to /127.0.0.1:60993" [_thread_blocked, id=16144, stack(0x00000000307a0000,0x00000000308a0000)]
  0x0000000019d5d800 JavaThread "Daemon worker Thread 6" [_thread_blocked, id=6600, stack(0x00000000306a0000,0x00000000307a0000)]
  0x0000000019d59000 JavaThread "Cancel handler" [_thread_blocked, id=3904, stack(0x00000000305a0000,0x00000000306a0000)]
  0x0000000019d5a800 JavaThread "Handler for socket connection from /127.0.0.1:55205 to /127.0.0.1:60993" [_thread_in_native, id=16296, stack(0x00000000304a0000,0x00000000305a0000)]
  0x0000000019d5d000 JavaThread "Daemon Thread 6" [_thread_blocked, id=1608, stack(0x00000000303a0000,0x00000000304a0000)]
  0x0000000019d62800 JavaThread "Cache worker for Java compile cache (C:\Users\Lenovo\.gradle\caches\5.4.1\javaCompile)" [_thread_blocked, id=13700, stack(0x0000000026250000,0x0000000026350000)]
  0x00000000190ce000 JavaThread "Cache worker for file content cache (C:\Users\Lenovo\.gradle\caches\5.4.1\fileContent)" [_thread_blocked, id=11648, stack(0x0000000025150000,0x0000000025250000)]
  0x00000000175b7000 JavaThread "Memory manager" [_thread_blocked, id=5428, stack(0x0000000022980000,0x0000000022a80000)]
  0x00000000190cf800 JavaThread "Cache worker for execution history cache (C:\Users\Lenovo\.gradle\caches\5.4.1\executionHistory)" [_thread_blocked, id=8272, stack(0x000000001f9f0000,0x000000001faf0000)]
  0x00000000190d4000 JavaThread "Cache worker for journal cache (C:\Users\Lenovo\.gradle\caches\journal-1)" [_thread_in_native, id=15456, stack(0x000000001ba40000,0x000000001bb40000)]
  0x00000000190d0800 JavaThread "File lock request listener" [_thread_in_native, id=15516, stack(0x000000001b940000,0x000000001ba40000)]
  0x0000000018277800 JavaThread "Cache worker for file hash cache (C:\Users\Lenovo\.gradle\caches\5.4.1\fileHashes)" [_thread_blocked, id=14492, stack(0x000000001b640000,0x000000001b740000)]
  0x0000000018abc800 JavaThread "Daemon periodic checks" [_thread_blocked, id=15976, stack(0x000000001ac40000,0x000000001ad40000)]
  0x000000001819b800 JavaThread "Incoming local TCP Connector on port 55205" [_thread_in_native, id=11464, stack(0x000000001aa90000,0x000000001ab90000)]
  0x00000000192c2800 JavaThread "Daemon health stats" [_thread_blocked, id=4196, stack(0x000000001a790000,0x000000001a890000)]
  0x000000001757b000 JavaThread "Service Thread" daemon [_thread_blocked, id=15704, stack(0x0000000017df0000,0x0000000017ef0000)]
  0x0000000017503000 JavaThread "C1 CompilerThread2" daemon [_thread_blocked, id=16200, stack(0x0000000017cf0000,0x0000000017df0000)]
  0x00000000174fa000 JavaThread "C2 CompilerThread1" daemon [_thread_in_native, id=6620, stack(0x0000000017bf0000,0x0000000017cf0000)]
=>0x00000000161fa000 JavaThread "C2 CompilerThread0" daemon [_thread_in_native, id=10088, stack(0x0000000017af0000,0x0000000017bf0000)]
  0x00000000161ae800 JavaThread "Attach Listener" daemon [_thread_blocked, id=3988, stack(0x00000000179f0000,0x0000000017af0000)]
  0x00000000174f8800 JavaThread "Signal Dispatcher" daemon [_thread_blocked, id=15932, stack(0x00000000178f0000,0x00000000179f0000)]
  0x000000000282b000 JavaThread "Finalizer" daemon [_thread_blocked, id=3864, stack(0x00000000173f0000,0x00000000174f0000)]
  0x0000000002822000 JavaThread "Reference Handler" daemon [_thread_blocked, id=8696, stack(0x00000000172f0000,0x00000000173f0000)]
  0x000000000229e800 JavaThread "main" [_thread_blocked, id=16316, stack(0x00000000022a0000,0x00000000023a0000)]

Other Threads:
  0x0000000016166800 VMThread [stack: 0x00000000171f0000,0x00000000172f0000] [id=4228]
  0x000000001757c000 WatcherThread [stack: 0x0000000017ef0000,0x0000000017ff0000] [id=15612]

VM state:not at safepoint (normal execution)

VM Mutex/Monitor currently owned by a thread: None

heap address: 0x00000000a0000000, size: 1536 MB, Compressed Oops mode: 32-bit
Narrow klass base: 0x0000000000000000, Narrow klass shift: 3
Compressed class space size: 1073741824 Address: 0x0000000100000000

Heap:
 PSYoungGen      total 417792K, used 211419K [0x00000000e0000000, 0x00000000ffd80000, 0x0000000100000000)
  eden space 311296K, 64% used [0x00000000e0000000,0x00000000ec57da70,0x00000000f3000000)
  from space 106496K, 8% used [0x00000000f3000000,0x00000000f38f9558,0x00000000f9800000)
  to   space 103936K, 0% used [0x00000000f9800000,0x00000000f9800000,0x00000000ffd80000)
 ParOldGen       total 240128K, used 139675K [0x00000000a0000000, 0x00000000aea80000, 0x00000000e0000000)
  object space 240128K, 58% used [0x00000000a0000000,0x00000000a8866e18,0x00000000aea80000)
 Metaspace       used 95696K, capacity 99766K, committed 99992K, reserved 1136640K
  class space    used 12192K, capacity 13033K, committed 13224K, reserved 1048576K

Card table byte_map: [0x0000000011bf0000,0x0000000011f00000] byte_map_base: 0x00000000116f0000

Marking Bits: (ParMarkBitMap*) 0x00000000640f9f30
 Begin Bits: [0x0000000012500000, 0x0000000013d00000)
 End Bits:   [0x0000000013d00000, 0x0000000015500000)

Polling page: 0x0000000000540000

CodeCache: size=245760Kb used=62414Kb max_used=62414Kb free=183345Kb
 bounds [0x0000000002830000, 0x0000000006590000, 0x0000000011830000]
 total_blobs=18400 nmethods=17506 adapters=804
 compilation: enabled

Compilation events (10 events):
Event: 5091.468 Thread 0x0000000017503000 nmethod 23252 0x00000000050c74d0 code [0x00000000050c7620, 0x00000000050c7730]
Event: 5091.468 Thread 0x0000000017503000 23253       3       org.gradle.internal.work.StopShieldingWorkerLeaseService::getCurrentProjectLocks (10 bytes)
Event: 5091.468 Thread 0x0000000017503000 nmethod 23253 0x0000000006555d10 code [0x0000000006555e80, 0x00000000065560a8]
Event: 5091.468 Thread 0x0000000017503000 23254       3       org.gradle.internal.work.DefaultWorkerLeaseService::getCurrentProjectLocks (8 bytes)
Event: 5091.468 Thread 0x0000000017503000 nmethod 23254 0x0000000006558550 code [0x00000000065586e0, 0x0000000006558b48]
Event: 5091.468 Thread 0x0000000017503000 23255       3       org.gradle.api.internal.artifacts.transform.AbstractTransformer::appendActionImplementation (27 bytes)
Event: 5091.471 Thread 0x0000000017503000 nmethod 23255 0x000000000656b090 code [0x000000000656b4c0, 0x000000000656da58]
Event: 5091.512 Thread 0x00000000161fa000 23256       4       org.gradle.internal.Try$Success::ifSuccessfulOrElse (11 bytes)
Event: 5091.569 Thread 0x0000000017503000 23258       2       com.google.common.collect.RegularImmutableMap$EntrySet::<init> (26 bytes)
Event: 5091.569 Thread 0x0000000017503000 nmethod 23258 0x0000000003f7e510 code [0x0000000003f7e660, 0x0000000003f7e7f0]

GC Heap History (10 events):
Event: 4788.103 GC heap before
{Heap before GC invocations=30 (full 5):
 PSYoungGen      total 394240K, used 394236K [0x00000000e0000000, 0x0000000100000000, 0x0000000100000000)
  eden space 312320K, 100% used [0x00000000e0000000,0x00000000f3100000,0x00000000f3100000)
  from space 81920K, 99% used [0x00000000f9380000,0x00000000fe37f198,0x00000000fe380000)
  to   space 100864K, 0% used [0x00000000f3100000,0x00000000f3100000,0x00000000f9380000)
 ParOldGen       total 240128K, used 72798K [0x00000000a0000000, 0x00000000aea80000, 0x00000000e0000000)
  object space 240128K, 30% used [0x00000000a0000000,0x00000000a4717bd0,0x00000000aea80000)
 Metaspace       used 94008K, capacity 97710K, committed 99096K, reserved 1134592K
  class space    used 12084K, capacity 12839K, committed 13096K, reserved 1048576K
Event: 4788.167 GC heap after
Heap after GC invocations=30 (full 5):
 PSYoungGen      total 413184K, used 8144K [0x00000000e0000000, 0x0000000100000000, 0x0000000100000000)
  eden space 312320K, 0% used [0x00000000e0000000,0x00000000e0000000,0x00000000f3100000)
  from space 100864K, 8% used [0x00000000f3100000,0x00000000f38f4030,0x00000000f9380000)
  to   space 98816K, 0% used [0x00000000f9f80000,0x00000000f9f80000,0x0000000100000000)
 ParOldGen       total 240128K, used 110962K [0x00000000a0000000, 0x00000000aea80000, 0x00000000e0000000)
  object space 240128K, 46% used [0x00000000a0000000,0x00000000a6c5c848,0x00000000aea80000)
 Metaspace       used 94008K, capacity 97710K, committed 99096K, reserved 1134592K
  class space    used 12084K, capacity 12839K, committed 13096K, reserved 1048576K
}
Event: 4793.434 GC heap before
{Heap before GC invocations=31 (full 5):
 PSYoungGen      total 413184K, used 318407K [0x00000000e0000000, 0x0000000100000000, 0x0000000100000000)
  eden space 312320K, 99% used [0x00000000e0000000,0x00000000f2efdd20,0x00000000f3100000)
  from space 100864K, 8% used [0x00000000f3100000,0x00000000f38f4030,0x00000000f9380000)
  to   space 98816K, 0% used [0x00000000f9f80000,0x00000000f9f80000,0x0000000100000000)
 ParOldGen       total 240128K, used 110962K [0x00000000a0000000, 0x00000000aea80000, 0x00000000e0000000)
  object space 240128K, 46% used [0x00000000a0000000,0x00000000a6c5c848,0x00000000aea80000)
 Metaspace       used 94631K, capacity 98516K, committed 99096K, reserved 1134592K
  class space    used 12109K, capacity 12884K, committed 13096K, reserved 1048576K
Event: 4793.453 GC heap after
Heap after GC invocations=31 (full 5):
 PSYoungGen      total 415232K, used 7896K [0x00000000e0000000, 0x00000000ff800000, 0x0000000100000000)
  eden space 324608K, 0% used [0x00000000e0000000,0x00000000e0000000,0x00000000f3d00000)
  from space 90624K, 8% used [0x00000000f9f80000,0x00000000fa736090,0x00000000ff800000)
  to   space 95744K, 0% used [0x00000000f3d00000,0x00000000f3d00000,0x00000000f9a80000)
 ParOldGen       total 240128K, used 116545K [0x00000000a0000000, 0x00000000aea80000, 0x00000000e0000000)
  object space 240128K, 48% used [0x00000000a0000000,0x00000000a71d0770,0x00000000aea80000)
 Metaspace       used 94631K, capacity 98516K, committed 99096K, reserved 1134592K
  class space    used 12109K, capacity 12884K, committed 13096K, reserved 1048576K
}
Event: 4794.766 GC heap before
{Heap before GC invocations=32 (full 5):
 PSYoungGen      total 415232K, used 332504K [0x00000000e0000000, 0x00000000ff800000, 0x0000000100000000)
  eden space 324608K, 100% used [0x00000000e0000000,0x00000000f3d00000,0x00000000f3d00000)
  from space 90624K, 8% used [0x00000000f9f80000,0x00000000fa736090,0x00000000ff800000)
  to   space 95744K, 0% used [0x00000000f3d00000,0x00000000f3d00000,0x00000000f9a80000)
 ParOldGen       total 240128K, used 116545K [0x00000000a0000000, 0x00000000aea80000, 0x00000000e0000000)
  object space 240128K, 48% used [0x00000000a0000000,0x00000000a71d0770,0x00000000aea80000)
 Metaspace       used 94635K, capacity 98516K, committed 99096K, reserved 1134592K
  class space    used 12109K, capacity 12884K, committed 13096K, reserved 1048576K
Event: 4794.870 GC heap after
Heap after GC invocations=32 (full 5):
 PSYoungGen      total 420352K, used 95629K [0x00000000e0000000, 0x0000000100000000, 0x0000000100000000)
  eden space 324608K, 0% used [0x00000000e0000000,0x00000000e0000000,0x00000000f3d00000)
  from space 95744K, 99% used [0x00000000f3d00000,0x00000000f9a63520,0x00000000f9a80000)
  to   space 103936K, 0% used [0x00000000f9a80000,0x00000000f9a80000,0x0000000100000000)
 ParOldGen       total 240128K, used 122305K [0x00000000a0000000, 0x00000000aea80000, 0x00000000e0000000)
  object space 240128K, 50% used [0x00000000a0000000,0x00000000a7770668,0x00000000aea80000)
 Metaspace       used 94635K, capacity 98516K, committed 99096K, reserved 1134592K
  class space    used 12109K, capacity 12884K, committed 13096K, reserved 1048576K
}
Event: 5008.839 GC heap before
{Heap before GC invocations=33 (full 5):
 PSYoungGen      total 420352K, used 420237K [0x00000000e0000000, 0x0000000100000000, 0x0000000100000000)
  eden space 324608K, 100% used [0x00000000e0000000,0x00000000f3d00000,0x00000000f3d00000)
  from space 95744K, 99% used [0x00000000f3d00000,0x00000000f9a63520,0x00000000f9a80000)
  to   space 103936K, 0% used [0x00000000f9a80000,0x00000000f9a80000,0x0000000100000000)
 ParOldGen       total 240128K, used 122305K [0x00000000a0000000, 0x00000000aea80000, 0x00000000e0000000)
  object space 240128K, 50% used [0x00000000a0000000,0x00000000a7770668,0x00000000aea80000)
 Metaspace       used 95214K, capacity 99138K, committed 99352K, reserved 1136640K
  class space    used 12146K, capacity 12951K, committed 13096K, reserved 1048576K
Event: 5008.888 GC heap after
Heap after GC invocations=33 (full 5):
 PSYoungGen      total 415232K, used 34609K [0x00000000e0000000, 0x0000000100000000, 0x0000000100000000)
  eden space 311296K, 0% used [0x00000000e0000000,0x00000000e0000000,0x00000000f3000000)
  from space 103936K, 33% used [0x00000000f9a80000,0x00000000fbc4c670,0x0000000100000000)
  to   space 106496K, 0% used [0x00000000f3000000,0x00000000f3000000,0x00000000f9800000)
 ParOldGen       total 240128K, used 134407K [0x00000000a0000000, 0x00000000aea80000, 0x00000000e0000000)
  object space 240128K, 55% used [0x00000000a0000000,0x00000000a8341ef8,0x00000000aea80000)
 Metaspace       used 95214K, capacity 99138K, committed 99352K, reserved 1136640K
  class space    used 12146K, capacity 12951K, committed 13096K, reserved 1048576K
}
Event: 5009.970 GC heap before
{Heap before GC invocations=34 (full 5):
 PSYoungGen      total 415232K, used 341176K [0x00000000e0000000, 0x0000000100000000, 0x0000000100000000)
  eden space 311296K, 98% used [0x00000000e0000000,0x00000000f2b61b10,0x00000000f3000000)
  from space 103936K, 33% used [0x00000000f9a80000,0x00000000fbc4c670,0x0000000100000000)
  to   space 106496K, 0% used [0x00000000f3000000,0x00000000f3000000,0x00000000f9800000)
 ParOldGen       total 240128K, used 134407K [0x00000000a0000000, 0x00000000aea80000, 0x00000000e0000000)
  object space 240128K, 55% used [0x00000000a0000000,0x00000000a8341ef8,0x00000000aea80000)
 Metaspace       used 95244K, capacity 99158K, committed 99352K, reserved 1136640K
  class space    used 12148K, capacity 12953K, committed 13096K, reserved 1048576K
Event: 5009.978 GC heap after
Heap after GC invocations=34 (full 5):
 PSYoungGen      total 417792K, used 9189K [0x00000000e0000000, 0x00000000ffd80000, 0x0000000100000000)
  eden space 311296K, 0% used [0x00000000e0000000,0x00000000e0000000,0x00000000f3000000)
  from space 106496K, 8% used [0x00000000f3000000,0x00000000f38f9558,0x00000000f9800000)
  to   space 103936K, 0% used [0x00000000f9800000,0x00000000f9800000,0x00000000ffd80000)
 ParOldGen       total 240128K, used 139675K [0x00000000a0000000, 0x00000000aea80000, 0x00000000e0000000)
  object space 240128K, 58% used [0x00000000a0000000,0x00000000a8866e18,0x00000000aea80000)
 Metaspace       used 95244K, capacity 99158K, committed 99352K, reserved 1136640K
  class space    used 12148K, capacity 12953K, committed 13096K, reserved 1048576K
}

Deoptimization events (10 events):
Event: 5090.711 Thread 0x000000001a246000 Uncommon trap: reason=array_check action=maybe_recompile pc=0x000000000526f3c0 method=java.util.ComparableTimSort.mergeHi(IIII)V @ 101
Event: 5090.711 Thread 0x000000001a246000 Uncommon trap: reason=array_check action=maybe_recompile pc=0x000000000526f3c0 method=java.util.ComparableTimSort.mergeHi(IIII)V @ 101
Event: 5090.711 Thread 0x000000001a246000 Uncommon trap: reason=array_check action=maybe_recompile pc=0x000000000526f3c0 method=java.util.ComparableTimSort.mergeHi(IIII)V @ 101
Event: 5090.711 Thread 0x000000001a246000 Uncommon trap: reason=array_check action=maybe_recompile pc=0x0000000004eb83d8 method=java.util.ComparableTimSort.mergeLo(IIII)V @ 81
Event: 5090.711 Thread 0x000000001a246000 Uncommon trap: reason=array_check action=maybe_recompile pc=0x0000000004eb83d8 method=java.util.ComparableTimSort.mergeLo(IIII)V @ 81
Event: 5090.711 Thread 0x000000001a246000 Uncommon trap: reason=array_check action=maybe_recompile pc=0x0000000005b594b8 method=java.util.ComparableTimSort.mergeLo(IIII)V @ 207
Event: 5090.711 Thread 0x000000001a246000 Uncommon trap: reason=array_check action=maybe_recompile pc=0x0000000005dbf208 method=java.util.ComparableTimSort.mergeHi(IIII)V @ 245
Event: 5090.712 Thread 0x000000001a246000 Uncommon trap: reason=array_check action=maybe_recompile pc=0x0000000005dbf2c8 method=java.util.ComparableTimSort.mergeHi(IIII)V @ 277
Event: 5090.712 Thread 0x000000001a246000 Uncommon trap: reason=array_check action=maybe_recompile pc=0x0000000005dbf208 method=java.util.ComparableTimSort.mergeHi(IIII)V @ 245
Event: 5090.754 Thread 0x000000001a246000 Uncommon trap: reason=predicate action=maybe_recompile pc=0x00000000047b9354 method=java.util.ComparableTimSort.mergeLo(IIII)V @ 147

Classes redefined (0 events):
No events

Internal exceptions (10 events):
Event: 4795.582 Thread 0x000000001a24a000 Exception <a 'sun/nio/fs/WindowsException'> (0x00000000e0d87390) thrown at [D:\src\AOSP-openjdk-cygwin\jdk8u\hotspot\src\share\vm\prims\jni.cpp, line 710]
Event: 5005.917 Thread 0x00000000175b8800 Implicit null exception at 0x000000000521d6df to 0x000000000521d80d
Event: 5008.502 Thread 0x0000000019d61800 Exception <a 'sun/nio/fs/WindowsException'> (0x00000000eff4fc18) thrown at [D:\src\AOSP-openjdk-cygwin\jdk8u\hotspot\src\share\vm\prims\jni.cpp, line 710]
Event: 5008.508 Thread 0x0000000019d64000 Exception <a 'sun/nio/fs/WindowsException'> (0x00000000f00e5ad8) thrown at [D:\src\AOSP-openjdk-cygwin\jdk8u\hotspot\src\share\vm\prims\jni.cpp, line 710]
Event: 5008.534 Thread 0x0000000019d61800 Exception <a 'sun/nio/fs/WindowsException'> (0x00000000f01c7368) thrown at [D:\src\AOSP-openjdk-cygwin\jdk8u\hotspot\src\share\vm\prims\jni.cpp, line 710]
Event: 5008.546 Thread 0x0000000019d64000 Exception <a 'sun/nio/fs/WindowsException'> (0x00000000f043ef88) thrown at [D:\src\AOSP-openjdk-cygwin\jdk8u\hotspot\src\share\vm\prims\jni.cpp, line 710]
Event: 5008.763 Thread 0x0000000019d59000 Exception <a 'java/io/FileNotFoundException'> (0x00000000f0fd7d90) thrown at [D:\src\AOSP-openjdk-cygwin\jdk8u\hotspot\src\share\vm\prims\jni.cpp, line 710]
Event: 5008.796 Thread 0x0000000019d5d000 Exception <a 'sun/nio/fs/WindowsException'> (0x00000000f1104498) thrown at [D:\src\AOSP-openjdk-cygwin\jdk8u\hotspot\src\share\vm\prims\jni.cpp, line 710]
Event: 5009.886 Thread 0x0000000019d68800 Exception <a 'sun/nio/fs/WindowsException'> (0x00000000f1a90d38) thrown at [D:\src\AOSP-openjdk-cygwin\jdk8u\hotspot\src\share\vm\prims\jni.cpp, line 710]
Event: 5010.282 Thread 0x00000000175b8800 Exception <a 'sun/nio/fs/WindowsException'> (0x00000000e1fcf7b0) thrown at [D:\src\AOSP-openjdk-cygwin\jdk8u\hotspot\src\share\vm\prims\jni.cpp, line 710]

Events (10 events):
Event: 5090.931 loading class com/bumptech/glide/annotation/compiler/GlideExtensionValidator
Event: 5090.931 loading class com/bumptech/glide/annotation/compiler/GlideExtensionValidator done
Event: 5090.932 loading class com/bumptech/glide/annotation/GlideModule
Event: 5090.932 loading class com/bumptech/glide/annotation/GlideModule done
Event: 5090.932 loading class com/bumptech/glide/annotation/GlideExtension
Event: 5090.932 loading class com/bumptech/glide/annotation/GlideExtension done
Event: 5091.190 Thread 0x000000001a246000 DEOPT PACKING pc=0x0000000004b17695 sp=0x000000003169b0d0
Event: 5091.190 Thread 0x000000001a246000 DEOPT UNPACKING pc=0x00000000028775d0 sp=0x000000003169adc8 mode 0
Event: 5091.297 Thread 0x0000000019d5b800 DEOPT PACKING pc=0x000000000466e2bc sp=0x0000000030a9dfc0
Event: 5091.297 Thread 0x0000000019d5b800 DEOPT UNPACKING pc=0x00000000028775d0 sp=0x0000000030a9dcf0 mode 0


Dynamic libraries:
0x00007ff7e6a70000 - 0x00007ff7e6aa1000 	C:\Users\Lenovo\AppData\Local\JetBrains\Toolbox\apps\AndroidStudio\ch-0\191.6010548\jre\bin\java.exe
0x00007ffbf9f20000 - 0x00007ffbfa101000 	C:\WINDOWS\SYSTEM32\ntdll.dll
0x00007ffbf7840000 - 0x00007ffbf78f1000 	C:\WINDOWS\System32\KERNEL32.DLL
0x00007ffbf65d0000 - 0x00007ffbf6843000 	C:\WINDOWS\System32\KERNELBASE.dll
0x00007ffbf8010000 - 0x00007ffbf80b1000 	C:\WINDOWS\System32\ADVAPI32.dll
0x00007ffbf7430000 - 0x00007ffbf74ce000 	C:\WINDOWS\System32\msvcrt.dll
0x00007ffbf7ac0000 - 0x00007ffbf7b1b000 	C:\WINDOWS\System32\sechost.dll
0x00007ffbf7900000 - 0x00007ffbf7a24000 	C:\WINDOWS\System32\RPCRT4.dll
0x00007ffbf7b30000 - 0x00007ffbf7cc1000 	C:\WINDOWS\System32\USER32.dll
0x00007ffbf62d0000 - 0x00007ffbf62f0000 	C:\WINDOWS\System32\win32u.dll
0x00007ffbf77b0000 - 0x00007ffbf77d8000 	C:\WINDOWS\System32\GDI32.dll
0x00007ffbf68b0000 - 0x00007ffbf6a41000 	C:\WINDOWS\System32\gdi32full.dll
0x00007ffbf6530000 - 0x00007ffbf65cf000 	C:\WINDOWS\System32\msvcp_win.dll
0x00007ffbf71e0000 - 0x00007ffbf72d8000 	C:\WINDOWS\System32\ucrtbase.dll
0x00007ffbe6c20000 - 0x00007ffbe6e89000 	C:\WINDOWS\WinSxS\amd64_microsoft.windows.common-controls_6595b64144ccf1df_6.0.17134.1184_none_d403e8b37c8ca406\COMCTL32.dll
0x00007ffbf9bb0000 - 0x00007ffbf9ed1000 	C:\WINDOWS\System32\combase.dll
0x00007ffbf7160000 - 0x00007ffbf71d9000 	C:\WINDOWS\System32\bcryptPrimitives.dll
0x00007ffbf7a30000 - 0x00007ffbf7a5d000 	C:\WINDOWS\System32\IMM32.DLL
0x0000000065430000 - 0x0000000065502000 	C:\Users\Lenovo\AppData\Local\JetBrains\Toolbox\apps\AndroidStudio\ch-0\191.6010548\jre\jre\bin\msvcr100.dll
0x0000000063930000 - 0x0000000064176000 	C:\Users\Lenovo\AppData\Local\JetBrains\Toolbox\apps\AndroidStudio\ch-0\191.6010548\jre\jre\bin\server\jvm.dll
0x00007ffbf7b20000 - 0x00007ffbf7b28000 	C:\WINDOWS\System32\PSAPI.DLL
0x00007ffbd4a50000 - 0x00007ffbd4a59000 	C:\WINDOWS\SYSTEM32\WSOCK32.dll
0x00007ffbf2d30000 - 0x00007ffbf2d53000 	C:\WINDOWS\SYSTEM32\WINMM.dll
0x00007ffbec010000 - 0x00007ffbec01a000 	C:\WINDOWS\SYSTEM32\VERSION.dll
0x00007ffbf9b40000 - 0x00007ffbf9bac000 	C:\WINDOWS\System32\WS2_32.dll
0x00007ffbf2d00000 - 0x00007ffbf2d2a000 	C:\WINDOWS\SYSTEM32\winmmbase.dll
0x00007ffbf62f0000 - 0x00007ffbf6339000 	C:\WINDOWS\System32\cfgmgr32.dll
0x00007ffbf1180000 - 0x00007ffbf118f000 	C:\Users\Lenovo\AppData\Local\JetBrains\Toolbox\apps\AndroidStudio\ch-0\191.6010548\jre\jre\bin\verify.dll
0x00007ffbf10f0000 - 0x00007ffbf1119000 	C:\Users\Lenovo\AppData\Local\JetBrains\Toolbox\apps\AndroidStudio\ch-0\191.6010548\jre\jre\bin\java.dll
0x00007ffbf0e90000 - 0x00007ffbf0ea6000 	C:\Users\Lenovo\AppData\Local\JetBrains\Toolbox\apps\AndroidStudio\ch-0\191.6010548\jre\jre\bin\zip.dll
0x00007ffbf8590000 - 0x00007ffbf99d5000 	C:\WINDOWS\System32\SHELL32.dll
0x00007ffbf7680000 - 0x00007ffbf7729000 	C:\WINDOWS\System32\shcore.dll
0x00007ffbf6a50000 - 0x00007ffbf7160000 	C:\WINDOWS\System32\windows.storage.dll
0x00007ffbf7a60000 - 0x00007ffbf7ab1000 	C:\WINDOWS\System32\shlwapi.dll
0x00007ffbf6230000 - 0x00007ffbf6241000 	C:\WINDOWS\System32\kernel.appcore.dll
0x00007ffbf62a0000 - 0x00007ffbf62bf000 	C:\WINDOWS\System32\profapi.dll
0x00007ffbf6250000 - 0x00007ffbf629c000 	C:\WINDOWS\System32\powrprof.dll
0x00007ffbf62c0000 - 0x00007ffbf62ca000 	C:\WINDOWS\System32\FLTLIB.DLL
0x00007ffbf09b0000 - 0x00007ffbf09ca000 	C:\Users\Lenovo\AppData\Local\JetBrains\Toolbox\apps\AndroidStudio\ch-0\191.6010548\jre\jre\bin\net.dll
0x00007ffbf5a70000 - 0x00007ffbf5ad6000 	C:\WINDOWS\system32\mswsock.dll
0x00007ffbf0330000 - 0x00007ffbf0341000 	C:\Users\Lenovo\AppData\Local\JetBrains\Toolbox\apps\AndroidStudio\ch-0\191.6010548\jre\jre\bin\nio.dll
0x00007ffbe1a70000 - 0x00007ffbe1a96000 	C:\Users\Lenovo\.gradle\native\29\windows-amd64\native-platform.dll
0x00007ffbf1170000 - 0x00007ffbf117d000 	C:\Users\Lenovo\AppData\Local\JetBrains\Toolbox\apps\AndroidStudio\ch-0\191.6010548\jre\jre\bin\management.dll
0x00007ffbf5c20000 - 0x00007ffbf5c37000 	C:\WINDOWS\SYSTEM32\CRYPTSP.dll
0x00007ffbf5620000 - 0x00007ffbf5653000 	C:\WINDOWS\system32\rsaenh.dll
0x00007ffbf5d50000 - 0x00007ffbf5d75000 	C:\WINDOWS\SYSTEM32\bcrypt.dll
0x00007ffbf6110000 - 0x00007ffbf6138000 	C:\WINDOWS\SYSTEM32\USERENV.dll
0x00007ffbf5c40000 - 0x00007ffbf5c4b000 	C:\WINDOWS\SYSTEM32\CRYPTBASE.dll
0x00007ffbf57c0000 - 0x00007ffbf57f8000 	C:\WINDOWS\SYSTEM32\IPHLPAPI.DLL
0x00007ffbf9ee0000 - 0x00007ffbf9ee8000 	C:\WINDOWS\System32\NSI.dll
0x00007ffbebef0000 - 0x00007ffbebf06000 	C:\WINDOWS\SYSTEM32\dhcpcsvc6.DLL
0x00007ffbebed0000 - 0x00007ffbebeea000 	C:\WINDOWS\SYSTEM32\dhcpcsvc.DLL
0x00007ffbeb3c0000 - 0x00007ffbeb3e4000 	C:\Users\Lenovo\AppData\Local\JetBrains\Toolbox\apps\AndroidStudio\ch-0\191.6010548\jre\jre\bin\sunec.dll
0x00007ffbf5800000 - 0x00007ffbf58be000 	C:\WINDOWS\SYSTEM32\DNSAPI.dll
0x00007ffbe5fe0000 - 0x00007ffbe5fea000 	C:\Windows\System32\rasadhlp.dll
0x00007ffbe6970000 - 0x00007ffbe69e2000 	C:\WINDOWS\System32\fwpuclnt.dll
0x00007ffbf1070000 - 0x00007ffbf107b000 	C:\Users\Lenovo\AppData\Local\JetBrains\Toolbox\apps\AndroidStudio\ch-0\191.6010548\jre\jre\bin\sunmscapi.dll
0x00007ffbf6340000 - 0x00007ffbf6522000 	C:\WINDOWS\System32\CRYPT32.dll
0x00007ffbf6210000 - 0x00007ffbf6222000 	C:\WINDOWS\System32\MSASN1.dll

VM Arguments:
jvm_args: -Xmx1536m -Dfile.encoding=GBK -Duser.country=CN -Duser.language=zh -Duser.variant 
java_command: org.gradle.launcher.daemon.bootstrap.GradleDaemon 5.4.1
java_class_path (initial): C:\Users\Lenovo\.gradle\wrapper\dists\gradle-5.4.1-all\3221gyojl5jsh0helicew7rwx\gradle-5.4.1\lib\gradle-launcher-5.4.1.jar
Launcher Type: SUN_STANDARD

Environment Variables:
JAVA_HOME=D:\Java\jdk-11.0.2
CLASSPATH=.;D:\Java\jdk-11.0.2\lib\dt.jar;D:\Java\jdk-11.0.2\lib\tools.jar;
PATH=D:\Java\jdk-11.0.2\bin;D:\Java\jdk-11.0.2\jre\bin;D:\app\QiQi\product\12.1.0\dbhome_1\bin;D:\app\QiQiiii\product\12.1.0\dbhome_1\bin;C:\Windows\system32;C:\Windows;C:\Windows\System32\Wbem;C:\Windows\System32\WindowsPowerShell\v1.0\;C:\Program Files (x86)\NVIDIA Corporation\PhysX\Common;C:\WINDOWS\system32;C:\WINDOWS;C:\WINDOWS\System32\Wbem;C:\WINDOWS\System32\WindowsPowerShell\v1.0\;C:\Program Files\dotnet\;C:\Users\Lenovo\Desktop\cocos2d-x-3.17\tools\cocos2d-console\bin;C:\Python27;C:\WINDOWS\System32\OpenSSH\;D:\python;D:\Git\Git\cmd;C:\Program Files\NVIDIA Corporation\NVIDIA NvDLISR;D:\Documents\nodejs\;D:\python\Scripts\;D:\python\;C:\Users\Lenovo\AppData\Local\Microsoft\WindowsApps;C:\Users\Lenovo\AppData\Local\GitHubDesktop\bin;C:\Users\Lenovo\Desktop\cocos2d-x-3.17\tools\cocos2d-console\bin;C:\Python27;;C:\Users\Lenovo\AppData\Local\Microsoft\WindowsApps;C:\Users\Lenovo\.dotnet\tools;D:\pycharm\PyCharm 2019.1.1\bin;;D:\WebStorm\WebStorm 2019.1.3\bin;;C:\Users\Lenovo\AppData\Roaming\npm
USERNAME=Lenovo
OS=Windows_NT
PROCESSOR_IDENTIFIER=Intel64 Family 6 Model 142 Stepping 9, GenuineIntel



---------------  S Y S T E M  ---------------

OS: Windows 10.0 , 64 bit Build 17134 (10.0.17134.753)

CPU:total 4 (initial active 4) (2 cores per cpu, 2 threads per core) family 6 model 142 stepping 9, cmov, cx8, fxsr, mmx, sse, sse2, sse3, ssse3, sse4.1, sse4.2, popcnt, avx, avx2, aes, clmul, erms, 3dnowpref, lzcnt, ht, tsc, tscinvbit, bmi1, bmi2, adx

Memory: 4k page, physical 8243596k(627176k free), swap 8243596k(5644k free)

vm_info: OpenJDK 64-Bit Server VM (25.202-b03) for windows-amd64 JRE (1.8.0_202-release-1483-b03), built by "builder" with MS VC++ 10.0 (VS2010)

time: Tue Jan 07 20:51:00 2020
timezone: 中国标准时间
elapsed time: 5091 seconds (0d 1h 24m 51s)

