#
# There is insufficient memory for the Java Runtime Environment to continue.
# Native memory allocation (malloc) failed to allocate 866016 bytes for Chunk::new
# Possible reasons:
#   The system is out of physical RAM or swap space
#   The process is running with CompressedOops enabled, and the Java Heap may be blocking the growth of the native heap
# Possible solutions:
#   Reduce memory load on the system
#   Increase physical memory or swap space
#   Check if swap backing store is full
#   Decrease Java heap size (-Xmx/-Xms)
#   Decrease number of Java threads
#   Decrease Java thread stack sizes (-Xss)
#   Set larger code cache with -XX:ReservedCodeCacheSize=
#   JVM is running with Unscaled Compressed Oops mode in which the Java heap is
#     placed in the first 4GB address space. The Java Heap base address is the
#     maximum limit for the native heap growth. Please use -XX:HeapBaseMinAddress
#     to set the Java Heap base and to place the Java Heap above 4GB virtual address.
# This output file may be truncated or incomplete.
#
#  Out of Memory Error (allocation.cpp:389), pid=9016, tid=0x000000000000295c
#
# JRE version: OpenJDK Runtime Environment (8.0_202-b03) (build 1.8.0_202-release-1483-b03)
# Java VM: OpenJDK 64-Bit Server VM (25.202-b03 mixed mode windows-amd64 compressed oops)
# Failed to write core dump. Minidumps are not enabled by default on client versions of Windows
#

---------------  T H R E A D  ---------------

Current thread (0x0000000016951000):  JavaThread "C2 CompilerThread0" daemon [_thread_in_native, id=10588, stack(0x00000000182f0000,0x00000000183f0000)]

Stack: [0x00000000182f0000,0x00000000183f0000]
[error occurred during error reporting (printing stack bounds), id 0xc0000005]

Native frames: (J=compiled Java code, j=interpreted, Vv=VM code, C=native code)


Current CompileTask:
C2:   5069 2443       4       org.objectweb.asm.Frame::execute (2318 bytes)


---------------  P R O C E S S  ---------------

Java Threads: ( => current thread )
  0x000000001cb22800 JavaThread "Cache worker for execution history cache (C:\Users\Lenovo\.gradle\caches\5.4.1\executionHistory)" [_thread_blocked, id=13540, stack(0x00000000203b0000,0x00000000204b0000)]
  0x000000001cb24800 JavaThread "Cache worker for cache directory md-rule (C:\Users\Lenovo\.gradle\caches\5.4.1\md-rule)" [_thread_blocked, id=14248, stack(0x00000000202b0000,0x00000000203b0000)]
  0x000000001cb20000 JavaThread "Cache worker for cache directory md-supplier (C:\Users\Lenovo\.gradle\caches\5.4.1\md-supplier)" [_thread_blocked, id=15056, stack(0x000000001fed0000,0x000000001ffd0000)]
  0x0000000017d00800 JavaThread "Cache worker for file hash cache (D:\Documents\GitHub\SoftwareEngineeringProject\YuRead\Android\.gradle\5.4.1\fileHashes)" [_thread_blocked, id=8496, stack(0x000000001d630000,0x000000001d730000)]
  0x0000000017d05000 JavaThread "Cache worker for journal cache (C:\Users\Lenovo\.gradle\caches\journal-1)" [_thread_blocked, id=14836, stack(0x000000001c260000,0x000000001c360000)]
  0x0000000017d02800 JavaThread "File lock request listener" [_thread_in_native, id=8856, stack(0x000000001c160000,0x000000001c260000)]
  0x0000000017d02000 JavaThread "Cache worker for file hash cache (C:\Users\Lenovo\.gradle\caches\5.4.1\fileHashes)" [_thread_blocked, id=13204, stack(0x000000001be60000,0x000000001bf60000)]
  0x00000000189a9000 JavaThread "Thread-9" [_thread_blocked, id=12072, stack(0x000000001bd60000,0x000000001be60000)]
  0x0000000019e80800 JavaThread "Stdin handler" [_thread_blocked, id=14652, stack(0x000000001bc60000,0x000000001bd60000)]
  0x0000000019c84000 JavaThread "Asynchronous log dispatcher for DefaultDaemonConnection: socket connection from /127.0.0.1:57730 to /127.0.0.1:57731" [_thread_blocked, id=16140, stack(0x000000001bb60000,0x000000001bc60000)]
  0x0000000019db5000 JavaThread "Daemon worker" [_thread_in_Java, id=16180, stack(0x000000001ba60000,0x000000001bb60000)]
  0x0000000019db4000 JavaThread "Cancel handler" [_thread_blocked, id=7092, stack(0x000000001b960000,0x000000001ba60000)]
  0x0000000018a68800 JavaThread "Handler for socket connection from /127.0.0.1:57730 to /127.0.0.1:57731" [_thread_in_native, id=13556, stack(0x000000001b660000,0x000000001b760000)]
  0x0000000018a66800 JavaThread "Daemon" [_thread_blocked, id=3640, stack(0x000000001b560000,0x000000001b660000)]
  0x00000000193d5800 JavaThread "Daemon periodic checks" [_thread_blocked, id=14584, stack(0x000000001b460000,0x000000001b560000)]
  0x0000000019d9a000 JavaThread "Incoming local TCP Connector on port 57730" [_thread_in_native, id=11312, stack(0x000000001b2b0000,0x000000001b3b0000)]
  0x0000000019eed000 JavaThread "Daemon health stats" [_thread_blocked, id=11072, stack(0x000000001af90000,0x000000001b090000)]
  0x0000000017d70800 JavaThread "Service Thread" daemon [_thread_blocked, id=10156, stack(0x00000000185f0000,0x00000000186f0000)]
  0x0000000017d03800 JavaThread "C1 CompilerThread2" daemon [_thread_blocked, id=1356, stack(0x00000000184f0000,0x00000000185f0000)]
  0x0000000017cfb800 JavaThread "C2 CompilerThread1" daemon [_thread_in_native, id=7116, stack(0x00000000183f0000,0x00000000184f0000)]
=>0x0000000016951000 JavaThread "C2 CompilerThread0" daemon [_thread_in_native, id=10588, stack(0x00000000182f0000,0x00000000183f0000)]
  0x0000000016950000 JavaThread "Attach Listener" daemon [_thread_blocked, id=14356, stack(0x00000000181f0000,0x00000000182f0000)]
  0x0000000017cf8800 JavaThread "Signal Dispatcher" daemon [_thread_blocked, id=5568, stack(0x00000000180f0000,0x00000000181f0000)]
  0x0000000002fcd000 JavaThread "Finalizer" daemon [_thread_blocked, id=9864, stack(0x0000000017b90000,0x0000000017c90000)]
  0x0000000002fc4800 JavaThread "Reference Handler" daemon [_thread_blocked, id=5772, stack(0x0000000017a90000,0x0000000017b90000)]
  0x0000000002b7e800 JavaThread "main" [_thread_blocked, id=14960, stack(0x0000000002a20000,0x0000000002b20000)]

Other Threads:
  0x0000000016906800 VMThread [stack: 0x0000000017990000,0x0000000017a90000] [id=3724]
  0x0000000017d79800 WatcherThread [stack: 0x00000000186f0000,0x00000000187f0000] [id=13268]

VM state:not at safepoint (normal execution)

VM Mutex/Monitor currently owned by a thread: None

heap address: 0x00000000a0000000, size: 1536 MB, Compressed Oops mode: 32-bit
Narrow klass base: 0x0000000000000000, Narrow klass shift: 3
Compressed class space size: 1073741824 Address: 0x0000000100000000

Heap:
 PSYoungGen      total 57344K, used 53552K [0x00000000e0000000, 0x00000000e5600000, 0x0000000100000000)
  eden space 47104K, 99% used [0x00000000e0000000,0x00000000e2ddd9c8,0x00000000e2e00000)
  from space 10240K, 64% used [0x00000000e2e00000,0x00000000e346e658,0x00000000e3800000)
  to   space 10240K, 0% used [0x00000000e4c00000,0x00000000e4c00000,0x00000000e5600000)
 ParOldGen       total 56320K, used 8884K [0x00000000a0000000, 0x00000000a3700000, 0x00000000e0000000)
  object space 56320K, 15% used [0x00000000a0000000,0x00000000a08ad128,0x00000000a3700000)
 Metaspace       used 33045K, capacity 33822K, committed 34048K, reserved 1079296K
  class space    used 4562K, capacity 4790K, committed 4864K, reserved 1048576K

Card table byte_map: [0x0000000012390000,0x00000000126a0000] byte_map_base: 0x0000000011e90000

Marking Bits: (ParMarkBitMap*) 0x0000000066999f30
 Begin Bits: [0x0000000012ca0000, 0x00000000144a0000)
 End Bits:   [0x00000000144a0000, 0x0000000015ca0000)

Polling page: 0x0000000000e60000

CodeCache: size=245760Kb used=9626Kb max_used=9626Kb free=236133Kb
 bounds [0x0000000002fd0000, 0x0000000003940000, 0x0000000011fd0000]
 total_blobs=3144 nmethods=2454 adapters=603
 compilation: enabled

Compilation events (10 events):
Event: 5.013 Thread 0x0000000017d03800 nmethod 2454 0x0000000003939250 code [0x0000000003939700, 0x000000000393bfa8]
Event: 5.022 Thread 0x0000000017d03800 2456       3       java.lang.invoke.MethodType::toMethodDescriptorString (21 bytes)
Event: 5.023 Thread 0x0000000017d03800 nmethod 2456 0x0000000003935d50 code [0x0000000003935f60, 0x0000000003936a58]
Event: 5.023 Thread 0x0000000017d03800 2457       3       java.lang.invoke.MethodType::erase (8 bytes)
Event: 5.023 Thread 0x0000000017d03800 nmethod 2457 0x000000000392ea50 code [0x000000000392eba0, 0x000000000392ed90]
Event: 5.024 Thread 0x0000000017cfb800 2458       4       java.net.URLStreamHandler::equals (45 bytes)
Event: 5.050 Thread 0x0000000017d03800 2459       3       org.gradle.util.GradleVersion::compareTo (9 bytes)
Event: 5.050 Thread 0x0000000017d03800 nmethod 2459 0x000000000392e590 code [0x000000000392e700, 0x000000000392e988]
Event: 5.051 Thread 0x0000000017d03800 2460       1       com.google.common.cache.LocalCache$2::poll (2 bytes)
Event: 5.052 Thread 0x0000000017d03800 nmethod 2460 0x000000000392e250 code [0x000000000392e3a0, 0x000000000392e4b0]

GC Heap History (10 events):
Event: 3.324 GC heap before
{Heap before GC invocations=6 (full 0):
 PSYoungGen      total 37888K, used 19421K [0x00000000e0000000, 0x00000000e4a00000, 0x0000000100000000)
  eden space 32768K, 43% used [0x00000000e0000000,0x00000000e0dfd670,0x00000000e2000000)
  from space 5120K, 99% used [0x00000000e2000000,0x00000000e24fa050,0x00000000e2500000)
  to   space 5120K, 0% used [0x00000000e2500000,0x00000000e2500000,0x00000000e2a00000)
 ParOldGen       total 86016K, used 9023K [0x00000000a0000000, 0x00000000a5400000, 0x00000000e0000000)
  object space 86016K, 10% used [0x00000000a0000000,0x00000000a08cfe28,0x00000000a5400000)
 Metaspace       used 20672K, capacity 21162K, committed 21296K, reserved 1067008K
  class space    used 2956K, capacity 3123K, committed 3200K, reserved 1048576K
Event: 3.332 GC heap after
Heap after GC invocations=6 (full 0):
 PSYoungGen      total 32768K, used 5100K [0x00000000e0000000, 0x00000000e5400000, 0x0000000100000000)
  eden space 27648K, 0% used [0x00000000e0000000,0x00000000e0000000,0x00000000e1b00000)
  from space 5120K, 99% used [0x00000000e2500000,0x00000000e29fb050,0x00000000e2a00000)
  to   space 10240K, 0% used [0x00000000e1b00000,0x00000000e1b00000,0x00000000e2500000)
 ParOldGen       total 86016K, used 11286K [0x00000000a0000000, 0x00000000a5400000, 0x00000000e0000000)
  object space 86016K, 13% used [0x00000000a0000000,0x00000000a0b05aa0,0x00000000a5400000)
 Metaspace       used 20672K, capacity 21162K, committed 21296K, reserved 1067008K
  class space    used 2956K, capacity 3123K, committed 3200K, reserved 1048576K
}
Event: 3.332 GC heap before
{Heap before GC invocations=7 (full 1):
 PSYoungGen      total 32768K, used 5100K [0x00000000e0000000, 0x00000000e5400000, 0x0000000100000000)
  eden space 27648K, 0% used [0x00000000e0000000,0x00000000e0000000,0x00000000e1b00000)
  from space 5120K, 99% used [0x00000000e2500000,0x00000000e29fb050,0x00000000e2a00000)
  to   space 10240K, 0% used [0x00000000e1b00000,0x00000000e1b00000,0x00000000e2500000)
 ParOldGen       total 86016K, used 11286K [0x00000000a0000000, 0x00000000a5400000, 0x00000000e0000000)
  object space 86016K, 13% used [0x00000000a0000000,0x00000000a0b05aa0,0x00000000a5400000)
 Metaspace       used 20672K, capacity 21162K, committed 21296K, reserved 1067008K
  class space    used 2956K, capacity 3123K, committed 3200K, reserved 1048576K
Event: 3.370 GC heap after
Heap after GC invocations=7 (full 1):
 PSYoungGen      total 32768K, used 0K [0x00000000e0000000, 0x00000000e5400000, 0x0000000100000000)
  eden space 27648K, 0% used [0x00000000e0000000,0x00000000e0000000,0x00000000e1b00000)
  from space 5120K, 0% used [0x00000000e2500000,0x00000000e2500000,0x00000000e2a00000)
  to   space 10240K, 0% used [0x00000000e1b00000,0x00000000e1b00000,0x00000000e2500000)
 ParOldGen       total 56320K, used 8860K [0x00000000a0000000, 0x00000000a3700000, 0x00000000e0000000)
  object space 56320K, 15% used [0x00000000a0000000,0x00000000a08a7128,0x00000000a3700000)
 Metaspace       used 20672K, capacity 21162K, committed 21296K, reserved 1067008K
  class space    used 2956K, capacity 3123K, committed 3200K, reserved 1048576K
}
Event: 3.670 GC heap before
{Heap before GC invocations=8 (full 1):
 PSYoungGen      total 32768K, used 27648K [0x00000000e0000000, 0x00000000e5400000, 0x0000000100000000)
  eden space 27648K, 100% used [0x00000000e0000000,0x00000000e1b00000,0x00000000e1b00000)
  from space 5120K, 0% used [0x00000000e2500000,0x00000000e2500000,0x00000000e2a00000)
  to   space 10240K, 0% used [0x00000000e1b00000,0x00000000e1b00000,0x00000000e2500000)
 ParOldGen       total 56320K, used 8860K [0x00000000a0000000, 0x00000000a3700000, 0x00000000e0000000)
  object space 56320K, 15% used [0x00000000a0000000,0x00000000a08a7128,0x00000000a3700000)
 Metaspace       used 25450K, capacity 26040K, committed 26240K, reserved 1071104K
  class space    used 3467K, capacity 3639K, committed 3712K, reserved 1048576K
Event: 3.674 GC heap after
Heap after GC invocations=8 (full 1):
 PSYoungGen      total 37888K, used 4168K [0x00000000e0000000, 0x00000000e4280000, 0x0000000100000000)
  eden space 27648K, 0% used [0x00000000e0000000,0x00000000e0000000,0x00000000e1b00000)
  from space 10240K, 40% used [0x00000000e1b00000,0x00000000e1f123c0,0x00000000e2500000)
  to   space 10752K, 0% used [0x00000000e3800000,0x00000000e3800000,0x00000000e4280000)
 ParOldGen       total 56320K, used 8868K [0x00000000a0000000, 0x00000000a3700000, 0x00000000e0000000)
  object space 56320K, 15% used [0x00000000a0000000,0x00000000a08a9128,0x00000000a3700000)
 Metaspace       used 25450K, capacity 26040K, committed 26240K, reserved 1071104K
  class space    used 3467K, capacity 3639K, committed 3712K, reserved 1048576K
}
Event: 4.068 GC heap before
{Heap before GC invocations=9 (full 1):
 PSYoungGen      total 37888K, used 31816K [0x00000000e0000000, 0x00000000e4280000, 0x0000000100000000)
  eden space 27648K, 100% used [0x00000000e0000000,0x00000000e1b00000,0x00000000e1b00000)
  from space 10240K, 40% used [0x00000000e1b00000,0x00000000e1f123c0,0x00000000e2500000)
  to   space 10752K, 0% used [0x00000000e3800000,0x00000000e3800000,0x00000000e4280000)
 ParOldGen       total 56320K, used 8868K [0x00000000a0000000, 0x00000000a3700000, 0x00000000e0000000)
  object space 56320K, 15% used [0x00000000a0000000,0x00000000a08a9128,0x00000000a3700000)
 Metaspace       used 27887K, capacity 28488K, committed 28672K, reserved 1073152K
  class space    used 3816K, capacity 3999K, committed 4096K, reserved 1048576K
Event: 4.084 GC heap after
Heap after GC invocations=9 (full 1):
 PSYoungGen      total 57856K, used 5244K [0x00000000e0000000, 0x00000000e4280000, 0x0000000100000000)
  eden space 47104K, 0% used [0x00000000e0000000,0x00000000e0000000,0x00000000e2e00000)
  from space 10752K, 48% used [0x00000000e3800000,0x00000000e3d1f348,0x00000000e4280000)
  to   space 10240K, 0% used [0x00000000e2e00000,0x00000000e2e00000,0x00000000e3800000)
 ParOldGen       total 56320K, used 8876K [0x00000000a0000000, 0x00000000a3700000, 0x00000000e0000000)
  object space 56320K, 15% used [0x00000000a0000000,0x00000000a08ab128,0x00000000a3700000)
 Metaspace       used 27887K, capacity 28488K, committed 28672K, reserved 1073152K
  class space    used 3816K, capacity 3999K, committed 4096K, reserved 1048576K
}
Event: 4.586 GC heap before
{Heap before GC invocations=10 (full 1):
 PSYoungGen      total 57856K, used 52348K [0x00000000e0000000, 0x00000000e4280000, 0x0000000100000000)
  eden space 47104K, 100% used [0x00000000e0000000,0x00000000e2e00000,0x00000000e2e00000)
  from space 10752K, 48% used [0x00000000e3800000,0x00000000e3d1f348,0x00000000e4280000)
  to   space 10240K, 0% used [0x00000000e2e00000,0x00000000e2e00000,0x00000000e3800000)
 ParOldGen       total 56320K, used 8876K [0x00000000a0000000, 0x00000000a3700000, 0x00000000e0000000)
  object space 56320K, 15% used [0x00000000a0000000,0x00000000a08ab128,0x00000000a3700000)
 Metaspace       used 30410K, capacity 31074K, committed 31360K, reserved 1077248K
  class space    used 4148K, capacity 4368K, committed 4480K, reserved 1048576K
Event: 4.599 GC heap after
Heap after GC invocations=10 (full 1):
 PSYoungGen      total 57344K, used 6585K [0x00000000e0000000, 0x00000000e5600000, 0x0000000100000000)
  eden space 47104K, 0% used [0x00000000e0000000,0x00000000e0000000,0x00000000e2e00000)
  from space 10240K, 64% used [0x00000000e2e00000,0x00000000e346e658,0x00000000e3800000)
  to   space 10240K, 0% used [0x00000000e4c00000,0x00000000e4c00000,0x00000000e5600000)
 ParOldGen       total 56320K, used 8884K [0x00000000a0000000, 0x00000000a3700000, 0x00000000e0000000)
  object space 56320K, 15% used [0x00000000a0000000,0x00000000a08ad128,0x00000000a3700000)
 Metaspace       used 30410K, capacity 31074K, committed 31360K, reserved 1077248K
  class space    used 4148K, capacity 4368K, committed 4480K, reserved 1048576K
}

Deoptimization events (10 events):
Event: 3.886 Thread 0x0000000019db5000 Uncommon trap: reason=unstable_if action=reinterpret pc=0x000000000344f214 method=java.util.HashMap.hash(Ljava/lang/Object;)I @ 1
Event: 3.886 Thread 0x0000000019db5000 Uncommon trap: reason=unstable_if action=reinterpret pc=0x000000000344fe54 method=java.util.HashMap.putVal(ILjava/lang/Object;Ljava/lang/Object;ZZ)Ljava/lang/Object; @ 85
Event: 3.950 Thread 0x0000000019db5000 Uncommon trap: reason=unstable_if action=reinterpret pc=0x00000000032bba70 method=java.util.LinkedHashMap.afterNodeInsertion(Z)V @ 1
Event: 4.214 Thread 0x0000000019db5000 Uncommon trap: reason=unstable_if action=reinterpret pc=0x0000000003222ac4 method=sun.nio.cs.UTF_8$Decoder.decode([BII[C)I @ 30
Event: 4.214 Thread 0x0000000019db5000 Uncommon trap: reason=unstable_if action=reinterpret pc=0x000000000317a658 method=sun.nio.cs.UTF_8$Encoder.encode([CII[B)I @ 33
Event: 4.223 Thread 0x0000000019db5000 Uncommon trap: reason=class_check action=maybe_recompile pc=0x00000000035f37c4 method=sun.misc.URLClassPath.getLoader(I)Lsun/misc/URLClassPath$Loader; @ 94
Event: 4.231 Thread 0x0000000019db5000 Uncommon trap: reason=class_check action=maybe_recompile pc=0x00000000035f0ec4 method=sun.misc.URLClassPath.getLoader(I)Lsun/misc/URLClassPath$Loader; @ 239
Event: 4.324 Thread 0x0000000019db5000 Uncommon trap: reason=unstable_if action=reinterpret pc=0x0000000003286d0c method=java.io.WinNTFileSystem.resolve(Ljava/lang/String;Ljava/lang/String;)Ljava/lang/String; @ 49
Event: 4.839 Thread 0x0000000019db5000 Uncommon trap: reason=unstable_if action=reinterpret pc=0x0000000003236428 method=java.net.URI.match(CJJ)Z @ 45
Event: 4.839 Thread 0x0000000019db5000 Uncommon trap: reason=unstable_if action=reinterpret pc=0x0000000003141a48 method=java.net.URI.match(CJJ)Z @ 19

Classes redefined (0 events):
No events

Internal exceptions (10 events):
Event: 4.490 Thread 0x0000000019db5000 Exception <a 'java/lang/ClassNotFoundException': org/gradle/api/internal/artifacts/repositories/AbstractArtifactRepositoryBeanInfo> (0x00000000e22b9740) thrown at [D:\src\AOSP-openjdk-cygwin\jdk8u\hotspot\src\share\vm\classfile\systemDictionary.cpp, line 
Event: 4.491 Thread 0x0000000019db5000 Exception <a 'java/lang/ClassNotFoundException': org/gradle/api/internal/artifacts/repositories/AbstractArtifactRepositoryCustomizer> (0x00000000e230ba48) thrown at [D:\src\AOSP-openjdk-cygwin\jdk8u\hotspot\src\share\vm\classfile\systemDictionary.cpp, lin
Event: 4.494 Thread 0x0000000019db5000 Exception <a 'java/lang/ClassNotFoundException': org/gradle/api/internal/artifacts/repositories/AbstractResolutionAwareArtifactRepositoryCustomizer> (0x00000000e23897d8) thrown at [D:\src\AOSP-openjdk-cygwin\jdk8u\hotspot\src\share\vm\classfile\systemDict
Event: 4.497 Thread 0x0000000019db5000 Exception <a 'java/lang/ClassNotFoundException': org/gradle/api/internal/artifacts/repositories/AbstractAuthenticationSupportedRepositoryCustomizer> (0x00000000e23ee6f0) thrown at [D:\src\AOSP-openjdk-cygwin\jdk8u\hotspot\src\share\vm\classfile\systemDict
Event: 4.500 Thread 0x0000000019db5000 Exception <a 'java/lang/ClassNotFoundException': org/gradle/api/internal/artifacts/repositories/DefaultMavenArtifactRepositoryCustomizer> (0x00000000e2457b00) thrown at [D:\src\AOSP-openjdk-cygwin\jdk8u\hotspot\src\share\vm\classfile\systemDictionary.cpp,
Event: 4.505 Thread 0x0000000019db5000 Exception <a 'java/lang/ClassNotFoundException': org/gradle/api/internal/artifacts/repositories/DefaultMavenArtifactRepository_DecoratedCustomizer> (0x00000000e24cb838) thrown at [D:\src\AOSP-openjdk-cygwin\jdk8u\hotspot\src\share\vm\classfile\systemDicti
Event: 4.813 Thread 0x0000000019db5000 Exception <a 'java/lang/ClassNotFoundException': org/gradle/api/internal/artifacts/dsl/dependencies/DefaultDependencyHandler_DecoratedBeanInfo> (0x00000000e1394c00) thrown at [D:\src\AOSP-openjdk-cygwin\jdk8u\hotspot\src\share\vm\classfile\systemDictionar
Event: 4.814 Thread 0x0000000019db5000 Exception <a 'java/lang/ClassNotFoundException': org/gradle/api/internal/artifacts/dsl/dependencies/DefaultDependencyHandlerBeanInfo> (0x00000000e13e44f0) thrown at [D:\src\AOSP-openjdk-cygwin\jdk8u\hotspot\src\share\vm\classfile\systemDictionary.cpp, lin
Event: 4.815 Thread 0x0000000019db5000 Exception <a 'java/lang/ClassNotFoundException': org/gradle/api/internal/artifacts/dsl/dependencies/DefaultDependencyHandlerCustomizer> (0x00000000e1434a30) thrown at [D:\src\AOSP-openjdk-cygwin\jdk8u\hotspot\src\share\vm\classfile\systemDictionary.cpp, l
Event: 4.818 Thread 0x0000000019db5000 Exception <a 'java/lang/ClassNotFoundException': org/gradle/api/internal/artifacts/dsl/dependencies/DefaultDependencyHandler_DecoratedCustomizer> (0x00000000e14b9c98) thrown at [D:\src\AOSP-openjdk-cygwin\jdk8u\hotspot\src\share\vm\classfile\systemDiction

Events (10 events):
Event: 5.062 loading class org/apache/http/NameValuePair
Event: 5.062 loading class org/apache/http/NameValuePair done
Event: 5.062 loading class org/apache/http/params/HttpParams
Event: 5.062 loading class org/apache/http/params/HttpParams done
Event: 5.063 loading class org/apache/http/concurrent/Cancellable
Event: 5.063 loading class org/apache/http/concurrent/Cancellable done
Event: 5.064 loading class org/apache/http/RequestLine
Event: 5.064 loading class org/apache/http/RequestLine done
Event: 5.065 loading class org/apache/http/message/HeaderGroup
Event: 5.065 loading class org/apache/http/message/HeaderGroup done


Dynamic libraries:
0x00007ff67f8c0000 - 0x00007ff67f8f1000 	C:\Users\Lenovo\AppData\Local\JetBrains\Toolbox\apps\AndroidStudio\ch-0\191.6010548\jre\bin\java.exe
0x00007ffb80e90000 - 0x00007ffb81071000 	C:\WINDOWS\SYSTEM32\ntdll.dll
0x00007ffb7eb60000 - 0x00007ffb7ec11000 	C:\WINDOWS\System32\KERNEL32.DLL
0x00007ffb7e080000 - 0x00007ffb7e2f3000 	C:\WINDOWS\System32\KERNELBASE.dll
0x00007ffb7e930000 - 0x00007ffb7e9d1000 	C:\WINDOWS\System32\ADVAPI32.dll
0x00007ffb7e830000 - 0x00007ffb7e8ce000 	C:\WINDOWS\System32\msvcrt.dll
0x00007ffb7e740000 - 0x00007ffb7e79b000 	C:\WINDOWS\System32\sechost.dll
0x00007ffb7e610000 - 0x00007ffb7e734000 	C:\WINDOWS\System32\RPCRT4.dll
0x00007ffb7e300000 - 0x00007ffb7e491000 	C:\WINDOWS\System32\USER32.dll
0x00007ffb7df40000 - 0x00007ffb7df60000 	C:\WINDOWS\System32\win32u.dll
0x00007ffb7e900000 - 0x00007ffb7e928000 	C:\WINDOWS\System32\GDI32.dll
0x00007ffb7d340000 - 0x00007ffb7d4d1000 	C:\WINDOWS\System32\gdi32full.dll
0x00007ffb7dfe0000 - 0x00007ffb7e07f000 	C:\WINDOWS\System32\msvcp_win.dll
0x00007ffb7de40000 - 0x00007ffb7df38000 	C:\WINDOWS\System32\ucrtbase.dll
0x00007ffb6da30000 - 0x00007ffb6dc99000 	C:\WINDOWS\WinSxS\amd64_microsoft.windows.common-controls_6595b64144ccf1df_6.0.17134.1184_none_d403e8b37c8ca406\COMCTL32.dll
0x00007ffb80b30000 - 0x00007ffb80e51000 	C:\WINDOWS\System32\combase.dll
0x00007ffb7df60000 - 0x00007ffb7dfd9000 	C:\WINDOWS\System32\bcryptPrimitives.dll
0x00007ffb7e8d0000 - 0x00007ffb7e8fd000 	C:\WINDOWS\System32\IMM32.DLL
0x00000000672f0000 - 0x00000000673c2000 	C:\Users\Lenovo\AppData\Local\JetBrains\Toolbox\apps\AndroidStudio\ch-0\191.6010548\jre\jre\bin\msvcr100.dll
0x00000000661d0000 - 0x0000000066a16000 	C:\Users\Lenovo\AppData\Local\JetBrains\Toolbox\apps\AndroidStudio\ch-0\191.6010548\jre\jre\bin\server\jvm.dll
0x00007ffb7e820000 - 0x00007ffb7e828000 	C:\WINDOWS\System32\PSAPI.DLL
0x00007ffb72000000 - 0x00007ffb7200a000 	C:\WINDOWS\SYSTEM32\VERSION.dll
0x00007ffb79ca0000 - 0x00007ffb79cc3000 	C:\WINDOWS\SYSTEM32\WINMM.dll
0x00007ffb5e560000 - 0x00007ffb5e569000 	C:\WINDOWS\SYSTEM32\WSOCK32.dll
0x00007ffb7ec20000 - 0x00007ffb7ec8c000 	C:\WINDOWS\System32\WS2_32.dll
0x00007ffb79c70000 - 0x00007ffb79c9a000 	C:\WINDOWS\SYSTEM32\winmmbase.dll
0x00007ffb7d240000 - 0x00007ffb7d289000 	C:\WINDOWS\System32\cfgmgr32.dll
0x00007ffb76bf0000 - 0x00007ffb76bff000 	C:\Users\Lenovo\AppData\Local\JetBrains\Toolbox\apps\AndroidStudio\ch-0\191.6010548\jre\jre\bin\verify.dll
0x00007ffb706f0000 - 0x00007ffb70719000 	C:\Users\Lenovo\AppData\Local\JetBrains\Toolbox\apps\AndroidStudio\ch-0\191.6010548\jre\jre\bin\java.dll
0x00007ffb74760000 - 0x00007ffb74776000 	C:\Users\Lenovo\AppData\Local\JetBrains\Toolbox\apps\AndroidStudio\ch-0\191.6010548\jre\jre\bin\zip.dll
0x00007ffb7ec90000 - 0x00007ffb800d5000 	C:\WINDOWS\System32\SHELL32.dll
0x00007ffb80470000 - 0x00007ffb80519000 	C:\WINDOWS\System32\shcore.dll
0x00007ffb7d6d0000 - 0x00007ffb7dde0000 	C:\WINDOWS\System32\windows.storage.dll
0x00007ffb80520000 - 0x00007ffb80571000 	C:\WINDOWS\System32\shlwapi.dll
0x00007ffb7d220000 - 0x00007ffb7d231000 	C:\WINDOWS\System32\kernel.appcore.dll
0x00007ffb7d180000 - 0x00007ffb7d19f000 	C:\WINDOWS\System32\profapi.dll
0x00007ffb7d1a0000 - 0x00007ffb7d1ec000 	C:\WINDOWS\System32\powrprof.dll
0x00007ffb7d210000 - 0x00007ffb7d21a000 	C:\WINDOWS\System32\FLTLIB.DLL
0x00007ffb6dd00000 - 0x00007ffb6dd1a000 	C:\Users\Lenovo\AppData\Local\JetBrains\Toolbox\apps\AndroidStudio\ch-0\191.6010548\jre\jre\bin\net.dll
0x00007ffb7c9e0000 - 0x00007ffb7ca46000 	C:\WINDOWS\system32\mswsock.dll
0x00007ffb6b8a0000 - 0x00007ffb6b8b1000 	C:\Users\Lenovo\AppData\Local\JetBrains\Toolbox\apps\AndroidStudio\ch-0\191.6010548\jre\jre\bin\nio.dll
0x00007ffb63ed0000 - 0x00007ffb63ef6000 	C:\Users\Lenovo\.gradle\native\29\windows-amd64\native-platform.dll
0x00007ffb74d10000 - 0x00007ffb74d1d000 	C:\Users\Lenovo\AppData\Local\JetBrains\Toolbox\apps\AndroidStudio\ch-0\191.6010548\jre\jre\bin\management.dll
0x00007ffb7cb90000 - 0x00007ffb7cba7000 	C:\WINDOWS\SYSTEM32\CRYPTSP.dll
0x00007ffb7c590000 - 0x00007ffb7c5c3000 	C:\WINDOWS\system32\rsaenh.dll
0x00007ffb7ccc0000 - 0x00007ffb7cce5000 	C:\WINDOWS\SYSTEM32\bcrypt.dll
0x00007ffb7d080000 - 0x00007ffb7d0a8000 	C:\WINDOWS\SYSTEM32\USERENV.dll
0x00007ffb7cbb0000 - 0x00007ffb7cbbb000 	C:\WINDOWS\SYSTEM32\CRYPTBASE.dll
0x00007ffb7c730000 - 0x00007ffb7c768000 	C:\WINDOWS\SYSTEM32\IPHLPAPI.DLL
0x00007ffb7e600000 - 0x00007ffb7e608000 	C:\WINDOWS\System32\NSI.dll
0x00007ffb720b0000 - 0x00007ffb720c6000 	C:\WINDOWS\SYSTEM32\dhcpcsvc6.DLL
0x00007ffb72010000 - 0x00007ffb7202a000 	C:\WINDOWS\SYSTEM32\dhcpcsvc.DLL

VM Arguments:
jvm_args: -Xmx1536m -Dfile.encoding=GBK -Duser.country=CN -Duser.language=zh -Duser.variant 
java_command: org.gradle.launcher.daemon.bootstrap.GradleDaemon 5.4.1
java_class_path (initial): C:\Users\Lenovo\.gradle\wrapper\dists\gradle-5.4.1-all\3221gyojl5jsh0helicew7rwx\gradle-5.4.1\lib\gradle-launcher-5.4.1.jar
Launcher Type: SUN_STANDARD

Environment Variables:
JAVA_HOME=D:\Java\jdk-11.0.2
CLASSPATH=.;D:\Java\jdk-11.0.2\lib\dt.jar;D:\Java\jdk-11.0.2\lib\tools.jar;
PATH=D:\Java\jdk-11.0.2\bin;D:\Java\jdk-11.0.2\jre\bin;D:\app\QiQi\product\12.1.0\dbhome_1\bin;D:\app\QiQiiii\product\12.1.0\dbhome_1\bin;C:\Windows\system32;C:\Windows;C:\Windows\System32\Wbem;C:\Windows\System32\WindowsPowerShell\v1.0\;C:\Program Files (x86)\NVIDIA Corporation\PhysX\Common;C:\WINDOWS\system32;C:\WINDOWS;C:\WINDOWS\System32\Wbem;C:\WINDOWS\System32\WindowsPowerShell\v1.0\;C:\Program Files\dotnet\;C:\Users\Lenovo\Desktop\cocos2d-x-3.17\tools\cocos2d-console\bin;C:\Python27;C:\WINDOWS\System32\OpenSSH\;D:\python;D:\Git\Git\cmd;C:\Program Files\NVIDIA Corporation\NVIDIA NvDLISR;D:\Documents\nodejs\;D:\python\Scripts\;D:\python\;C:\Users\Lenovo\AppData\Local\Microsoft\WindowsApps;C:\Users\Lenovo\AppData\Local\GitHubDesktop\bin;C:\Users\Lenovo\Desktop\cocos2d-x-3.17\tools\cocos2d-console\bin;C:\Python27;;C:\Users\Lenovo\AppData\Local\Microsoft\WindowsApps;C:\Users\Lenovo\.dotnet\tools;D:\pycharm\PyCharm 2019.1.1\bin;;D:\WebStorm\WebStorm 2019.1.3\bin;;C:\Users\Lenovo\AppData\Roaming\npm
USERNAME=Lenovo
OS=Windows_NT
PROCESSOR_IDENTIFIER=Intel64 Family 6 Model 142 Stepping 9, GenuineIntel



---------------  S Y S T E M  ---------------

OS: Windows 10.0 , 64 bit Build 17134 (10.0.17134.753)

CPU:total 4 (initial active 4) (2 cores per cpu, 2 threads per core) family 6 model 142 stepping 9, cmov, cx8, fxsr, mmx, sse, sse2, sse3, ssse3, sse4.1, sse4.2, popcnt, avx, avx2, aes, clmul, erms, 3dnowpref, lzcnt, ht, tsc, tscinvbit, bmi1, bmi2, adx

Memory: 4k page, physical 8243596k(1134732k free), swap 8243596k(4316k free)

vm_info: OpenJDK 64-Bit Server VM (25.202-b03) for windows-amd64 JRE (1.8.0_202-release-1483-b03), built by "builder" with MS VC++ 10.0 (VS2010)

time: Sat Jan 04 21:25:45 2020
timezone: 中国标准时间
elapsed time: 5 seconds (0d 0h 0m 5s)

